ROI (-5 -25 -5): length = 10mm; probability gray matter = 0.2511
ROI (5 -25 -5): length = 10mm; probability gray matter = 0.2511
ROI (-5 -45 -5): length = 10mm; probability gray matter = 0.2519
ROI (5 -45 -5): length = 10mm; probability gray matter = 0.2519
ROI (-15 -15 45): length = 10mm; probability gray matter = 0.2525
ROI (15 -15 45): length = 10mm; probability gray matter = 0.2525
ROI (-35 -15 -45): length = 10mm; probability gray matter = 0.2526
ROI (35 -15 -45): length = 10mm; probability gray matter = 0.2526
ROI (-35 -45 -5): length = 10mm; probability gray matter = 0.2528
ROI (35 -45 -5): length = 10mm; probability gray matter = 0.2528
ROI (-15 -35 55): length = 10mm; probability gray matter = 0.2530
ROI (15 -35 55): length = 10mm; probability gray matter = 0.2530
ROI (-25 -45 45): length = 10mm; probability gray matter = 0.2532
ROI (25 -45 45): length = 10mm; probability gray matter = 0.2532
ROI (-35 5 25): length = 10mm; probability gray matter = 0.2558
ROI (35 5 25): length = 10mm; probability gray matter = 0.2558
ROI (-15 35 25): length = 10mm; probability gray matter = 0.2571
ROI (15 35 25): length = 10mm; probability gray matter = 0.2571
ROI (-35 25 55): length = 10mm; probability gray matter = 0.2575
ROI (35 25 55): length = 10mm; probability gray matter = 0.2575
ROI (-45 45 25): length = 10mm; probability gray matter = 0.2576
ROI (45 45 25): length = 10mm; probability gray matter = 0.2576
ROI (-55 15 -5): length = 10mm; probability gray matter = 0.2599
ROI (55 15 -5): length = 10mm; probability gray matter = 0.2599
ROI (-45 -65 -55): length = 10mm; probability gray matter = 0.2600
ROI (45 -65 -55): length = 10mm; probability gray matter = 0.2600
ROI (-5 -35 -15): length = 10mm; probability gray matter = 0.2603
ROI (5 -35 -15): length = 10mm; probability gray matter = 0.2603
ROI (-5 -45 5): length = 10mm; probability gray matter = 0.2606
ROI (5 -45 5): length = 10mm; probability gray matter = 0.2606
ROI (-65 -45 35): length = 10mm; probability gray matter = 0.2615
ROI (65 -45 35): length = 10mm; probability gray matter = 0.2615
ROI (-25 -85 -5): length = 10mm; probability gray matter = 0.2620
ROI (25 -85 -5): length = 10mm; probability gray matter = 0.2620
ROI (-35 -35 15): length = 10mm; probability gray matter = 0.2621
ROI (35 -35 15): length = 10mm; probability gray matter = 0.2621
ROI (-35 25 -35): length = 10mm; probability gray matter = 0.2624
ROI (35 25 -35): length = 10mm; probability gray matter = 0.2624
ROI (-45 -35 35): length = 10mm; probability gray matter = 0.2636
ROI (45 -35 35): length = 10mm; probability gray matter = 0.2636
ROI (-15 -15 -15): length = 10mm; probability gray matter = 0.2639
ROI (15 -15 -15): length = 10mm; probability gray matter = 0.2639
ROI (-35 -85 35): length = 10mm; probability gray matter = 0.2640
ROI (35 -85 35): length = 10mm; probability gray matter = 0.2640
ROI (-35 45 -5): length = 10mm; probability gray matter = 0.2653
ROI (35 45 -5): length = 10mm; probability gray matter = 0.2653
ROI (-65 -5 5): length = 10mm; probability gray matter = 0.2659
ROI (65 -5 5): length = 10mm; probability gray matter = 0.2659
ROI (-5 -15 75): length = 10mm; probability gray matter = 0.2669
ROI (5 -15 75): length = 10mm; probability gray matter = 0.2669
ROI (-25 -25 65): length = 10mm; probability gray matter = 0.2683
ROI (25 -25 65): length = 10mm; probability gray matter = 0.2683
ROI (-55 15 -25): length = 10mm; probability gray matter = 0.2700
ROI (55 15 -25): length = 10mm; probability gray matter = 0.2700
ROI (-15 55 15): length = 10mm; probability gray matter = 0.2713
ROI (15 55 15): length = 10mm; probability gray matter = 0.2713
ROI (-45 55 -5): length = 10mm; probability gray matter = 0.2713
ROI (45 55 -5): length = 10mm; probability gray matter = 0.2713
ROI (-45 -85 15): length = 10mm; probability gray matter = 0.2720
ROI (45 -85 15): length = 10mm; probability gray matter = 0.2720
ROI (-5 -45 -65): length = 10mm; probability gray matter = 0.2731
ROI (5 -45 -65): length = 10mm; probability gray matter = 0.2731
ROI (-35 35 -5): length = 10mm; probability gray matter = 0.2735
ROI (35 35 -5): length = 10mm; probability gray matter = 0.2735
ROI (-35 -65 25): length = 10mm; probability gray matter = 0.2735
ROI (35 -65 25): length = 10mm; probability gray matter = 0.2735
ROI (-15 5 -25): length = 10mm; probability gray matter = 0.2754
ROI (15 5 -25): length = 10mm; probability gray matter = 0.2754
ROI (-35 -5 -25): length = 10mm; probability gray matter = 0.2761
ROI (35 -5 -25): length = 10mm; probability gray matter = 0.2761
ROI (-15 45 -5): length = 10mm; probability gray matter = 0.2770
ROI (15 45 -5): length = 10mm; probability gray matter = 0.2770
ROI (-15 -35 75): length = 10mm; probability gray matter = 0.2778
ROI (15 -35 75): length = 10mm; probability gray matter = 0.2778
ROI (-15 -45 45): length = 10mm; probability gray matter = 0.2781
ROI (15 -45 45): length = 10mm; probability gray matter = 0.2781
ROI (-45 -35 -15): length = 10mm; probability gray matter = 0.2799
ROI (45 -35 -15): length = 10mm; probability gray matter = 0.2799
ROI (-25 15 65): length = 10mm; probability gray matter = 0.2806
ROI (25 15 65): length = 10mm; probability gray matter = 0.2806
ROI (-35 -25 65): length = 10mm; probability gray matter = 0.2812
ROI (35 -25 65): length = 10mm; probability gray matter = 0.2812
ROI (-15 55 -5): length = 10mm; probability gray matter = 0.2813
ROI (15 55 -5): length = 10mm; probability gray matter = 0.2813
ROI (-25 -65 25): length = 10mm; probability gray matter = 0.2819
ROI (25 -65 25): length = 10mm; probability gray matter = 0.2819
ROI (-15 -35 65): length = 10mm; probability gray matter = 0.2833
ROI (15 -35 65): length = 10mm; probability gray matter = 0.2833
ROI (-25 25 -5): length = 10mm; probability gray matter = 0.2836
ROI (25 25 -5): length = 10mm; probability gray matter = 0.2836
ROI (-25 65 15): length = 10mm; probability gray matter = 0.2847
ROI (25 65 15): length = 10mm; probability gray matter = 0.2847
ROI (-25 -15 55): length = 10mm; probability gray matter = 0.2859
ROI (25 -15 55): length = 10mm; probability gray matter = 0.2859
ROI (-15 -5 75): length = 10mm; probability gray matter = 0.2869
ROI (15 -5 75): length = 10mm; probability gray matter = 0.2869
ROI (-25 5 45): length = 10mm; probability gray matter = 0.2879
ROI (25 5 45): length = 10mm; probability gray matter = 0.2879
ROI (-15 25 -5): length = 10mm; probability gray matter = 0.2883
ROI (15 25 -5): length = 10mm; probability gray matter = 0.2883
ROI (-55 -65 35): length = 10mm; probability gray matter = 0.2886
ROI (55 -65 35): length = 10mm; probability gray matter = 0.2886
ROI (-35 -55 35): length = 10mm; probability gray matter = 0.2888
ROI (35 -55 35): length = 10mm; probability gray matter = 0.2888
ROI (-45 -55 55): length = 10mm; probability gray matter = 0.2903
ROI (45 -55 55): length = 10mm; probability gray matter = 0.2903
ROI (-15 25 -15): length = 10mm; probability gray matter = 0.2920
ROI (15 25 -15): length = 10mm; probability gray matter = 0.2920
ROI (-15 -75 15): length = 10mm; probability gray matter = 0.2921
ROI (15 -75 15): length = 10mm; probability gray matter = 0.2921
ROI (-65 -15 35): length = 10mm; probability gray matter = 0.2923
ROI (65 -15 35): length = 10mm; probability gray matter = 0.2923
ROI (-15 -15 75): length = 10mm; probability gray matter = 0.2924
ROI (15 -15 75): length = 10mm; probability gray matter = 0.2924
ROI (-5 -5 -5): length = 10mm; probability gray matter = 0.2925
ROI (5 -5 -5): length = 10mm; probability gray matter = 0.2925
ROI (-35 25 -25): length = 10mm; probability gray matter = 0.2928
ROI (35 25 -25): length = 10mm; probability gray matter = 0.2928
ROI (-35 -5 65): length = 10mm; probability gray matter = 0.2930
ROI (35 -5 65): length = 10mm; probability gray matter = 0.2930
ROI (-25 -55 -45): length = 10mm; probability gray matter = 0.2941
ROI (25 -55 -45): length = 10mm; probability gray matter = 0.2941
ROI (-15 -85 -5): length = 10mm; probability gray matter = 0.2955
ROI (15 -85 -5): length = 10mm; probability gray matter = 0.2955
ROI (-45 -45 5): length = 10mm; probability gray matter = 0.2960
ROI (45 -45 5): length = 10mm; probability gray matter = 0.2960
ROI (-45 25 45): length = 10mm; probability gray matter = 0.2963
ROI (45 25 45): length = 10mm; probability gray matter = 0.2963
ROI (-15 45 -15): length = 10mm; probability gray matter = 0.2977
ROI (15 45 -15): length = 10mm; probability gray matter = 0.2977
ROI (-55 25 -5): length = 10mm; probability gray matter = 0.2984
ROI (55 25 -5): length = 10mm; probability gray matter = 0.2984
ROI (-45 -45 35): length = 10mm; probability gray matter = 0.2999
ROI (45 -45 35): length = 10mm; probability gray matter = 0.2999
ROI (-45 -25 55): length = 10mm; probability gray matter = 0.3023
ROI (45 -25 55): length = 10mm; probability gray matter = 0.3023
ROI (-15 -55 25): length = 10mm; probability gray matter = 0.3042
ROI (15 -55 25): length = 10mm; probability gray matter = 0.3042
ROI (-45 -25 25): length = 10mm; probability gray matter = 0.3046
ROI (45 -25 25): length = 10mm; probability gray matter = 0.3046
ROI (-65 -5 25): length = 10mm; probability gray matter = 0.3046
ROI (65 -5 25): length = 10mm; probability gray matter = 0.3046
ROI (-15 -85 5): length = 10mm; probability gray matter = 0.3048
ROI (15 -85 5): length = 10mm; probability gray matter = 0.3048
ROI (-25 -45 55): length = 10mm; probability gray matter = 0.3053
ROI (25 -45 55): length = 10mm; probability gray matter = 0.3053
ROI (-45 15 15): length = 10mm; probability gray matter = 0.3054
ROI (45 15 15): length = 10mm; probability gray matter = 0.3054
ROI (-35 -95 5): length = 10mm; probability gray matter = 0.3062
ROI (35 -95 5): length = 10mm; probability gray matter = 0.3062
ROI (-35 -65 55): length = 10mm; probability gray matter = 0.3065
ROI (35 -65 55): length = 10mm; probability gray matter = 0.3065
ROI (-35 -35 65): length = 10mm; probability gray matter = 0.3066
ROI (35 -35 65): length = 10mm; probability gray matter = 0.3066
ROI (-15 45 15): length = 10mm; probability gray matter = 0.3097
ROI (15 45 15): length = 10mm; probability gray matter = 0.3097
ROI (-45 -75 -25): length = 10mm; probability gray matter = 0.3097
ROI (45 -75 -25): length = 10mm; probability gray matter = 0.3097
ROI (-5 -5 -15): length = 10mm; probability gray matter = 0.3100
ROI (5 -5 -15): length = 10mm; probability gray matter = 0.3100
ROI (-5 -5 5): length = 10mm; probability gray matter = 0.3105
ROI (5 -5 5): length = 10mm; probability gray matter = 0.3105
ROI (-55 25 25): length = 10mm; probability gray matter = 0.3114
ROI (55 25 25): length = 10mm; probability gray matter = 0.3114
ROI (-5 25 -5): length = 10mm; probability gray matter = 0.3117
ROI (5 25 -5): length = 10mm; probability gray matter = 0.3117
ROI (-5 -35 65): length = 10mm; probability gray matter = 0.3120
ROI (5 -35 65): length = 10mm; probability gray matter = 0.3120
ROI (-35 25 25): length = 10mm; probability gray matter = 0.3144
ROI (35 25 25): length = 10mm; probability gray matter = 0.3144
ROI (-65 -5 -25): length = 10mm; probability gray matter = 0.3153
ROI (65 -5 -25): length = 10mm; probability gray matter = 0.3153
ROI (-15 -75 55): length = 10mm; probability gray matter = 0.3159
ROI (15 -75 55): length = 10mm; probability gray matter = 0.3159
ROI (-35 -75 -55): length = 10mm; probability gray matter = 0.3163
ROI (35 -75 -55): length = 10mm; probability gray matter = 0.3163
ROI (-5 -25 65): length = 10mm; probability gray matter = 0.3168
ROI (5 -25 65): length = 10mm; probability gray matter = 0.3168
ROI (-35 -25 45): length = 10mm; probability gray matter = 0.3172
ROI (35 -25 45): length = 10mm; probability gray matter = 0.3172
ROI (-5 -15 15): length = 10mm; probability gray matter = 0.3177
ROI (5 -15 15): length = 10mm; probability gray matter = 0.3177
ROI (-45 35 35): length = 10mm; probability gray matter = 0.3180
ROI (45 35 35): length = 10mm; probability gray matter = 0.3180
ROI (-25 -5 45): length = 10mm; probability gray matter = 0.3195
ROI (25 -5 45): length = 10mm; probability gray matter = 0.3195
ROI (-15 -15 -25): length = 10mm; probability gray matter = 0.3197
ROI (15 -15 -25): length = 10mm; probability gray matter = 0.3197
ROI (-5 -45 15): length = 10mm; probability gray matter = 0.3206
ROI (5 -45 15): length = 10mm; probability gray matter = 0.3206
ROI (-45 -15 55): length = 10mm; probability gray matter = 0.3208
ROI (45 -15 55): length = 10mm; probability gray matter = 0.3208
ROI (-25 -25 55): length = 10mm; probability gray matter = 0.3211
ROI (25 -25 55): length = 10mm; probability gray matter = 0.3211
ROI (-15 -45 55): length = 10mm; probability gray matter = 0.3212
ROI (15 -45 55): length = 10mm; probability gray matter = 0.3212
ROI (-65 -55 -5): length = 10mm; probability gray matter = 0.3213
ROI (65 -55 -5): length = 10mm; probability gray matter = 0.3213
ROI (-35 -85 -25): length = 10mm; probability gray matter = 0.3214
ROI (35 -85 -25): length = 10mm; probability gray matter = 0.3214
ROI (-45 -5 35): length = 10mm; probability gray matter = 0.3223
ROI (45 -5 35): length = 10mm; probability gray matter = 0.3223
ROI (-65 -55 5): length = 10mm; probability gray matter = 0.3230
ROI (65 -55 5): length = 10mm; probability gray matter = 0.3230
ROI (-15 -65 45): length = 10mm; probability gray matter = 0.3240
ROI (15 -65 45): length = 10mm; probability gray matter = 0.3240
ROI (-5 -95 -15): length = 10mm; probability gray matter = 0.3240
ROI (5 -95 -15): length = 10mm; probability gray matter = 0.3240
ROI (-35 -95 -5): length = 10mm; probability gray matter = 0.3245
ROI (35 -95 -5): length = 10mm; probability gray matter = 0.3245
ROI (-25 -35 -35): length = 10mm; probability gray matter = 0.3253
ROI (25 -35 -35): length = 10mm; probability gray matter = 0.3253
ROI (-25 -35 55): length = 10mm; probability gray matter = 0.3255
ROI (25 -35 55): length = 10mm; probability gray matter = 0.3255
ROI (-35 -25 5): length = 10mm; probability gray matter = 0.3259
ROI (35 -25 5): length = 10mm; probability gray matter = 0.3259
ROI (-15 -45 75): length = 10mm; probability gray matter = 0.3259
ROI (15 -45 75): length = 10mm; probability gray matter = 0.3259
ROI (-25 -35 65): length = 10mm; probability gray matter = 0.3270
ROI (25 -35 65): length = 10mm; probability gray matter = 0.3270
ROI (-25 35 25): length = 10mm; probability gray matter = 0.3271
ROI (25 35 25): length = 10mm; probability gray matter = 0.3271
ROI (-35 -45 65): length = 10mm; probability gray matter = 0.3277
ROI (35 -45 65): length = 10mm; probability gray matter = 0.3277
ROI (-35 -45 35): length = 10mm; probability gray matter = 0.3285
ROI (35 -45 35): length = 10mm; probability gray matter = 0.3285
ROI (-15 -5 -35): length = 10mm; probability gray matter = 0.3285
ROI (15 -5 -35): length = 10mm; probability gray matter = 0.3285
ROI (-65 -35 -25): length = 10mm; probability gray matter = 0.3285
ROI (65 -35 -25): length = 10mm; probability gray matter = 0.3285
ROI (-65 -5 -5): length = 10mm; probability gray matter = 0.3289
ROI (65 -5 -5): length = 10mm; probability gray matter = 0.3289
ROI (-5 -55 -25): length = 10mm; probability gray matter = 0.3290
ROI (5 -55 -25): length = 10mm; probability gray matter = 0.3290
ROI (-25 -35 5): length = 10mm; probability gray matter = 0.3296
ROI (25 -35 5): length = 10mm; probability gray matter = 0.3296
ROI (-5 -35 25): length = 10mm; probability gray matter = 0.3301
ROI (5 -35 25): length = 10mm; probability gray matter = 0.3301
ROI (-35 -35 -35): length = 10mm; probability gray matter = 0.3308
ROI (35 -35 -35): length = 10mm; probability gray matter = 0.3308
ROI (-55 35 -5): length = 10mm; probability gray matter = 0.3325
ROI (55 35 -5): length = 10mm; probability gray matter = 0.3325
ROI (-15 -15 65): length = 10mm; probability gray matter = 0.3325
ROI (15 -15 65): length = 10mm; probability gray matter = 0.3325
ROI (-5 -65 -55): length = 10mm; probability gray matter = 0.3343
ROI (5 -65 -55): length = 10mm; probability gray matter = 0.3343
ROI (-35 35 15): length = 10mm; probability gray matter = 0.3353
ROI (35 35 15): length = 10mm; probability gray matter = 0.3353
ROI (-5 65 -15): length = 10mm; probability gray matter = 0.3385
ROI (5 65 -15): length = 10mm; probability gray matter = 0.3385
ROI (-35 -15 65): length = 10mm; probability gray matter = 0.3386
ROI (35 -15 65): length = 10mm; probability gray matter = 0.3386
ROI (-35 -35 -5): length = 10mm; probability gray matter = 0.3389
ROI (35 -35 -5): length = 10mm; probability gray matter = 0.3389
ROI (-25 15 -45): length = 10mm; probability gray matter = 0.3390
ROI (25 15 -45): length = 10mm; probability gray matter = 0.3390
ROI (-45 -25 35): length = 10mm; probability gray matter = 0.3391
ROI (45 -25 35): length = 10mm; probability gray matter = 0.3391
ROI (-55 -55 45): length = 10mm; probability gray matter = 0.3391
ROI (55 -55 45): length = 10mm; probability gray matter = 0.3391
ROI (-15 -25 15): length = 10mm; probability gray matter = 0.3394
ROI (15 -25 15): length = 10mm; probability gray matter = 0.3394
ROI (-15 -55 55): length = 10mm; probability gray matter = 0.3415
ROI (15 -55 55): length = 10mm; probability gray matter = 0.3415
ROI (-5 -85 -15): length = 10mm; probability gray matter = 0.3418
ROI (5 -85 -15): length = 10mm; probability gray matter = 0.3418
ROI (-15 -65 65): length = 10mm; probability gray matter = 0.3435
ROI (15 -65 65): length = 10mm; probability gray matter = 0.3435
ROI (-5 -65 -5): length = 10mm; probability gray matter = 0.3441
ROI (5 -65 -5): length = 10mm; probability gray matter = 0.3441
ROI (-45 5 55): length = 10mm; probability gray matter = 0.3442
ROI (45 5 55): length = 10mm; probability gray matter = 0.3442
ROI (-45 -45 25): length = 10mm; probability gray matter = 0.3445
ROI (45 -45 25): length = 10mm; probability gray matter = 0.3445
ROI (-35 5 15): length = 10mm; probability gray matter = 0.3448
ROI (35 5 15): length = 10mm; probability gray matter = 0.3448
ROI (-35 35 45): length = 10mm; probability gray matter = 0.3450
ROI (35 35 45): length = 10mm; probability gray matter = 0.3450
ROI (-25 -65 5): length = 10mm; probability gray matter = 0.3451
ROI (25 -65 5): length = 10mm; probability gray matter = 0.3451
ROI (-25 -15 65): length = 10mm; probability gray matter = 0.3472
ROI (25 -15 65): length = 10mm; probability gray matter = 0.3472
ROI (-15 15 55): length = 10mm; probability gray matter = 0.3484
ROI (15 15 55): length = 10mm; probability gray matter = 0.3484
ROI (-15 -45 35): length = 10mm; probability gray matter = 0.3484
ROI (15 -45 35): length = 10mm; probability gray matter = 0.3484
ROI (-15 -85 25): length = 10mm; probability gray matter = 0.3497
ROI (15 -85 25): length = 10mm; probability gray matter = 0.3497
ROI (-15 45 5): length = 10mm; probability gray matter = 0.3501
ROI (15 45 5): length = 10mm; probability gray matter = 0.3501
ROI (-65 -5 15): length = 10mm; probability gray matter = 0.3511
ROI (65 -5 15): length = 10mm; probability gray matter = 0.3511
ROI (-5 -45 -55): length = 10mm; probability gray matter = 0.3517
ROI (5 -45 -55): length = 10mm; probability gray matter = 0.3517
ROI (-45 -15 -25): length = 10mm; probability gray matter = 0.3526
ROI (45 -15 -25): length = 10mm; probability gray matter = 0.3526
ROI (-25 -5 5): length = 10mm; probability gray matter = 0.3529
ROI (25 -5 5): length = 10mm; probability gray matter = 0.3529
ROI (-35 -25 55): length = 10mm; probability gray matter = 0.3532
ROI (35 -25 55): length = 10mm; probability gray matter = 0.3532
ROI (-45 5 15): length = 10mm; probability gray matter = 0.3547
ROI (45 5 15): length = 10mm; probability gray matter = 0.3547
ROI (-35 -15 45): length = 10mm; probability gray matter = 0.3547
ROI (35 -15 45): length = 10mm; probability gray matter = 0.3547
ROI (-35 45 35): length = 10mm; probability gray matter = 0.3552
ROI (35 45 35): length = 10mm; probability gray matter = 0.3552
ROI (-45 -25 -5): length = 10mm; probability gray matter = 0.3560
ROI (45 -25 -5): length = 10mm; probability gray matter = 0.3560
ROI (-25 -75 -5): length = 10mm; probability gray matter = 0.3570
ROI (25 -75 -5): length = 10mm; probability gray matter = 0.3570
ROI (-35 -85 -35): length = 10mm; probability gray matter = 0.3582
ROI (35 -85 -35): length = 10mm; probability gray matter = 0.3582
ROI (-25 -55 45): length = 10mm; probability gray matter = 0.3586
ROI (25 -55 45): length = 10mm; probability gray matter = 0.3586
ROI (-25 65 -5): length = 10mm; probability gray matter = 0.3611
ROI (25 65 -5): length = 10mm; probability gray matter = 0.3611
ROI (-55 35 5): length = 10mm; probability gray matter = 0.3612
ROI (55 35 5): length = 10mm; probability gray matter = 0.3612
ROI (-5 15 25): length = 10mm; probability gray matter = 0.3615
ROI (5 15 25): length = 10mm; probability gray matter = 0.3615
ROI (-45 -45 -45): length = 10mm; probability gray matter = 0.3619
ROI (45 -45 -45): length = 10mm; probability gray matter = 0.3619
ROI (-45 -45 55): length = 10mm; probability gray matter = 0.3622
ROI (45 -45 55): length = 10mm; probability gray matter = 0.3622
ROI (-15 -25 45): length = 10mm; probability gray matter = 0.3625
ROI (15 -25 45): length = 10mm; probability gray matter = 0.3625
ROI (-25 -55 55): length = 10mm; probability gray matter = 0.3644
ROI (25 -55 55): length = 10mm; probability gray matter = 0.3644
ROI (-15 65 -15): length = 10mm; probability gray matter = 0.3652
ROI (15 65 -15): length = 10mm; probability gray matter = 0.3652
ROI (-5 -45 -45): length = 10mm; probability gray matter = 0.3656
ROI (5 -45 -45): length = 10mm; probability gray matter = 0.3656
ROI (-45 -55 5): length = 10mm; probability gray matter = 0.3661
ROI (45 -55 5): length = 10mm; probability gray matter = 0.3661
ROI (-25 -45 -45): length = 10mm; probability gray matter = 0.3670
ROI (25 -45 -45): length = 10mm; probability gray matter = 0.3670
ROI (-15 -75 5): length = 10mm; probability gray matter = 0.3687
ROI (15 -75 5): length = 10mm; probability gray matter = 0.3687
ROI (-15 -95 25): length = 10mm; probability gray matter = 0.3718
ROI (15 -95 25): length = 10mm; probability gray matter = 0.3718
ROI (-35 -55 55): length = 10mm; probability gray matter = 0.3723
ROI (35 -55 55): length = 10mm; probability gray matter = 0.3723
ROI (-5 -85 35): length = 10mm; probability gray matter = 0.3726
ROI (5 -85 35): length = 10mm; probability gray matter = 0.3726
ROI (-45 25 15): length = 10mm; probability gray matter = 0.3727
ROI (45 25 15): length = 10mm; probability gray matter = 0.3727
ROI (-35 55 -15): length = 10mm; probability gray matter = 0.3729
ROI (35 55 -15): length = 10mm; probability gray matter = 0.3729
ROI (-15 -45 -45): length = 10mm; probability gray matter = 0.3732
ROI (15 -45 -45): length = 10mm; probability gray matter = 0.3732
ROI (-45 -85 -5): length = 10mm; probability gray matter = 0.3734
ROI (45 -85 -5): length = 10mm; probability gray matter = 0.3734
ROI (-35 15 35): length = 10mm; probability gray matter = 0.3739
ROI (35 15 35): length = 10mm; probability gray matter = 0.3739
ROI (-45 -25 5): length = 10mm; probability gray matter = 0.3740
ROI (45 -25 5): length = 10mm; probability gray matter = 0.3740
ROI (-25 25 35): length = 10mm; probability gray matter = 0.3741
ROI (25 25 35): length = 10mm; probability gray matter = 0.3741
ROI (-35 -75 15): length = 10mm; probability gray matter = 0.3742
ROI (35 -75 15): length = 10mm; probability gray matter = 0.3742
ROI (-45 -85 5): length = 10mm; probability gray matter = 0.3749
ROI (45 -85 5): length = 10mm; probability gray matter = 0.3749
ROI (-15 45 -25): length = 10mm; probability gray matter = 0.3750
ROI (15 45 -25): length = 10mm; probability gray matter = 0.3750
ROI (-55 -25 -15): length = 10mm; probability gray matter = 0.3753
ROI (55 -25 -15): length = 10mm; probability gray matter = 0.3753
ROI (-45 -35 5): length = 10mm; probability gray matter = 0.3757
ROI (45 -35 5): length = 10mm; probability gray matter = 0.3757
ROI (-5 -95 15): length = 10mm; probability gray matter = 0.3758
ROI (5 -95 15): length = 10mm; probability gray matter = 0.3758
ROI (-5 65 15): length = 10mm; probability gray matter = 0.3763
ROI (5 65 15): length = 10mm; probability gray matter = 0.3763
ROI (-45 -35 55): length = 10mm; probability gray matter = 0.3774
ROI (45 -35 55): length = 10mm; probability gray matter = 0.3774
ROI (-45 -35 25): length = 10mm; probability gray matter = 0.3798
ROI (45 -35 25): length = 10mm; probability gray matter = 0.3798
ROI (-15 -45 5): length = 10mm; probability gray matter = 0.3812
ROI (15 -45 5): length = 10mm; probability gray matter = 0.3812
ROI (-25 -75 25): length = 10mm; probability gray matter = 0.3814
ROI (25 -75 25): length = 10mm; probability gray matter = 0.3814
ROI (-25 25 -25): length = 10mm; probability gray matter = 0.3815
ROI (25 25 -25): length = 10mm; probability gray matter = 0.3815
ROI (-65 -15 15): length = 10mm; probability gray matter = 0.3817
ROI (65 -15 15): length = 10mm; probability gray matter = 0.3817
ROI (-35 15 -45): length = 10mm; probability gray matter = 0.3821
ROI (35 15 -45): length = 10mm; probability gray matter = 0.3821
ROI (-55 -15 25): length = 10mm; probability gray matter = 0.3835
ROI (55 -15 25): length = 10mm; probability gray matter = 0.3835
ROI (-25 45 15): length = 10mm; probability gray matter = 0.3858
ROI (25 45 15): length = 10mm; probability gray matter = 0.3858
ROI (-25 -65 55): length = 10mm; probability gray matter = 0.3859
ROI (25 -65 55): length = 10mm; probability gray matter = 0.3859
ROI (-35 -5 45): length = 10mm; probability gray matter = 0.3860
ROI (35 -5 45): length = 10mm; probability gray matter = 0.3860
ROI (-35 5 45): length = 10mm; probability gray matter = 0.3871
ROI (35 5 45): length = 10mm; probability gray matter = 0.3871
ROI (-15 -65 35): length = 10mm; probability gray matter = 0.3874
ROI (15 -65 35): length = 10mm; probability gray matter = 0.3874
ROI (-65 -35 35): length = 10mm; probability gray matter = 0.3878
ROI (65 -35 35): length = 10mm; probability gray matter = 0.3878
ROI (-35 -65 35): length = 10mm; probability gray matter = 0.3882
ROI (35 -65 35): length = 10mm; probability gray matter = 0.3882
ROI (-65 -5 -15): length = 10mm; probability gray matter = 0.3890
ROI (65 -5 -15): length = 10mm; probability gray matter = 0.3890
ROI (-65 -45 25): length = 10mm; probability gray matter = 0.3892
ROI (65 -45 25): length = 10mm; probability gray matter = 0.3892
ROI (-5 -45 65): length = 10mm; probability gray matter = 0.3893
ROI (5 -45 65): length = 10mm; probability gray matter = 0.3893
ROI (-25 65 5): length = 10mm; probability gray matter = 0.3894
ROI (25 65 5): length = 10mm; probability gray matter = 0.3894
ROI (-55 15 -15): length = 10mm; probability gray matter = 0.3901
ROI (55 15 -15): length = 10mm; probability gray matter = 0.3901
ROI (-25 -85 15): length = 10mm; probability gray matter = 0.3908
ROI (25 -85 15): length = 10mm; probability gray matter = 0.3908
ROI (-35 -15 -15): length = 10mm; probability gray matter = 0.3911
ROI (35 -15 -15): length = 10mm; probability gray matter = 0.3911
ROI (-25 -55 65): length = 10mm; probability gray matter = 0.3934
ROI (25 -55 65): length = 10mm; probability gray matter = 0.3934
ROI (-15 -35 -15): length = 10mm; probability gray matter = 0.3935
ROI (15 -35 -15): length = 10mm; probability gray matter = 0.3935
ROI (-15 45 35): length = 10mm; probability gray matter = 0.3946
ROI (15 45 35): length = 10mm; probability gray matter = 0.3946
ROI (-65 -25 35): length = 10mm; probability gray matter = 0.3951
ROI (65 -25 35): length = 10mm; probability gray matter = 0.3951
ROI (-5 -35 55): length = 10mm; probability gray matter = 0.3960
ROI (5 -35 55): length = 10mm; probability gray matter = 0.3960
ROI (-5 -55 5): length = 10mm; probability gray matter = 0.3982
ROI (5 -55 5): length = 10mm; probability gray matter = 0.3982
ROI (-15 -65 55): length = 10mm; probability gray matter = 0.3984
ROI (15 -65 55): length = 10mm; probability gray matter = 0.3984
ROI (-5 -25 55): length = 10mm; probability gray matter = 0.3992
ROI (5 -25 55): length = 10mm; probability gray matter = 0.3992
ROI (-55 -5 45): length = 10mm; probability gray matter = 0.3994
ROI (55 -5 45): length = 10mm; probability gray matter = 0.3994
ROI (-45 -5 45): length = 10mm; probability gray matter = 0.4003
ROI (45 -5 45): length = 10mm; probability gray matter = 0.4003
ROI (-35 -35 55): length = 10mm; probability gray matter = 0.4011
ROI (35 -35 55): length = 10mm; probability gray matter = 0.4011
ROI (-5 -45 -25): length = 10mm; probability gray matter = 0.4017
ROI (5 -45 -25): length = 10mm; probability gray matter = 0.4017
ROI (-15 -95 5): length = 10mm; probability gray matter = 0.4020
ROI (15 -95 5): length = 10mm; probability gray matter = 0.4020
ROI (-15 -45 65): length = 10mm; probability gray matter = 0.4023
ROI (15 -45 65): length = 10mm; probability gray matter = 0.4023
ROI (-35 -5 -15): length = 10mm; probability gray matter = 0.4028
ROI (35 -5 -15): length = 10mm; probability gray matter = 0.4028
ROI (-35 -45 55): length = 10mm; probability gray matter = 0.4032
ROI (35 -45 55): length = 10mm; probability gray matter = 0.4032
ROI (-45 15 -15): length = 10mm; probability gray matter = 0.4035
ROI (45 15 -15): length = 10mm; probability gray matter = 0.4035
ROI (-25 -55 5): length = 10mm; probability gray matter = 0.4046
ROI (25 -55 5): length = 10mm; probability gray matter = 0.4046
ROI (-25 -85 35): length = 10mm; probability gray matter = 0.4067
ROI (25 -85 35): length = 10mm; probability gray matter = 0.4067
ROI (-15 -75 25): length = 10mm; probability gray matter = 0.4073
ROI (15 -75 25): length = 10mm; probability gray matter = 0.4073
ROI (-5 -55 65): length = 10mm; probability gray matter = 0.4082
ROI (5 -55 65): length = 10mm; probability gray matter = 0.4082
ROI (-55 -5 15): length = 10mm; probability gray matter = 0.4089
ROI (55 -5 15): length = 10mm; probability gray matter = 0.4089
ROI (-35 15 25): length = 10mm; probability gray matter = 0.4091
ROI (35 15 25): length = 10mm; probability gray matter = 0.4091
ROI (-45 -45 15): length = 10mm; probability gray matter = 0.4095
ROI (45 -45 15): length = 10mm; probability gray matter = 0.4095
ROI (-45 -55 -5): length = 10mm; probability gray matter = 0.4095
ROI (45 -55 -5): length = 10mm; probability gray matter = 0.4095
ROI (-5 -15 65): length = 10mm; probability gray matter = 0.4099
ROI (5 -15 65): length = 10mm; probability gray matter = 0.4099
ROI (-55 -55 -25): length = 10mm; probability gray matter = 0.4106
ROI (55 -55 -25): length = 10mm; probability gray matter = 0.4106
ROI (-15 35 55): length = 10mm; probability gray matter = 0.4112
ROI (15 35 55): length = 10mm; probability gray matter = 0.4112
ROI (-35 15 45): length = 10mm; probability gray matter = 0.4127
ROI (35 15 45): length = 10mm; probability gray matter = 0.4127
ROI (-45 -75 35): length = 10mm; probability gray matter = 0.4132
ROI (45 -75 35): length = 10mm; probability gray matter = 0.4132
ROI (-45 5 -15): length = 10mm; probability gray matter = 0.4132
ROI (45 5 -15): length = 10mm; probability gray matter = 0.4132
ROI (-15 -55 -45): length = 10mm; probability gray matter = 0.4133
ROI (15 -55 -45): length = 10mm; probability gray matter = 0.4133
ROI (-25 -45 65): length = 10mm; probability gray matter = 0.4135
ROI (25 -45 65): length = 10mm; probability gray matter = 0.4135
ROI (-5 35 55): length = 10mm; probability gray matter = 0.4136
ROI (5 35 55): length = 10mm; probability gray matter = 0.4136
ROI (-15 5 -5): length = 10mm; probability gray matter = 0.4141
ROI (15 5 -5): length = 10mm; probability gray matter = 0.4141
ROI (-35 -85 -5): length = 10mm; probability gray matter = 0.4142
ROI (35 -85 -5): length = 10mm; probability gray matter = 0.4142
ROI (-35 -75 45): length = 10mm; probability gray matter = 0.4145
ROI (35 -75 45): length = 10mm; probability gray matter = 0.4145
ROI (-15 35 45): length = 10mm; probability gray matter = 0.4151
ROI (15 35 45): length = 10mm; probability gray matter = 0.4151
ROI (-25 5 65): length = 10mm; probability gray matter = 0.4152
ROI (25 5 65): length = 10mm; probability gray matter = 0.4152
ROI (-55 -15 45): length = 10mm; probability gray matter = 0.4154
ROI (55 -15 45): length = 10mm; probability gray matter = 0.4154
ROI (-5 -75 -5): length = 10mm; probability gray matter = 0.4160
ROI (5 -75 -5): length = 10mm; probability gray matter = 0.4160
ROI (-5 55 35): length = 10mm; probability gray matter = 0.4174
ROI (5 55 35): length = 10mm; probability gray matter = 0.4174
ROI (-55 -25 5): length = 10mm; probability gray matter = 0.4180
ROI (55 -25 5): length = 10mm; probability gray matter = 0.4180
ROI (-45 -15 45): length = 10mm; probability gray matter = 0.4201
ROI (45 -15 45): length = 10mm; probability gray matter = 0.4201
ROI (-15 55 35): length = 10mm; probability gray matter = 0.4202
ROI (15 55 35): length = 10mm; probability gray matter = 0.4202
ROI (-45 -15 35): length = 10mm; probability gray matter = 0.4214
ROI (45 -15 35): length = 10mm; probability gray matter = 0.4214
ROI (-5 35 5): length = 10mm; probability gray matter = 0.4214
ROI (5 35 5): length = 10mm; probability gray matter = 0.4214
ROI (-65 -15 5): length = 10mm; probability gray matter = 0.4216
ROI (65 -15 5): length = 10mm; probability gray matter = 0.4216
ROI (-5 -75 45): length = 10mm; probability gray matter = 0.4224
ROI (5 -75 45): length = 10mm; probability gray matter = 0.4224
ROI (-45 -15 -5): length = 10mm; probability gray matter = 0.4225
ROI (45 -15 -5): length = 10mm; probability gray matter = 0.4225
ROI (-45 -55 -55): length = 10mm; probability gray matter = 0.4230
ROI (45 -55 -55): length = 10mm; probability gray matter = 0.4230
ROI (-25 15 5): length = 10mm; probability gray matter = 0.4230
ROI (25 15 5): length = 10mm; probability gray matter = 0.4230
ROI (-45 -45 -35): length = 10mm; probability gray matter = 0.4236
ROI (45 -45 -35): length = 10mm; probability gray matter = 0.4236
ROI (-25 -95 -15): length = 10mm; probability gray matter = 0.4239
ROI (25 -95 -15): length = 10mm; probability gray matter = 0.4239
ROI (-45 45 -15): length = 10mm; probability gray matter = 0.4249
ROI (45 45 -15): length = 10mm; probability gray matter = 0.4249
ROI (-15 -85 35): length = 10mm; probability gray matter = 0.4255
ROI (15 -85 35): length = 10mm; probability gray matter = 0.4255
ROI (-55 -45 -5): length = 10mm; probability gray matter = 0.4261
ROI (55 -45 -5): length = 10mm; probability gray matter = 0.4261
ROI (-5 -85 -35): length = 10mm; probability gray matter = 0.4261
ROI (5 -85 -35): length = 10mm; probability gray matter = 0.4261
ROI (-45 -5 15): length = 10mm; probability gray matter = 0.4264
ROI (45 -5 15): length = 10mm; probability gray matter = 0.4264
ROI (-65 -15 25): length = 10mm; probability gray matter = 0.4264
ROI (65 -15 25): length = 10mm; probability gray matter = 0.4264
ROI (-15 -35 -5): length = 10mm; probability gray matter = 0.4273
ROI (15 -35 -5): length = 10mm; probability gray matter = 0.4273
ROI (-25 -65 35): length = 10mm; probability gray matter = 0.4275
ROI (25 -65 35): length = 10mm; probability gray matter = 0.4275
ROI (-15 -75 -5): length = 10mm; probability gray matter = 0.4289
ROI (15 -75 -5): length = 10mm; probability gray matter = 0.4289
ROI (-25 -85 -45): length = 10mm; probability gray matter = 0.4291
ROI (25 -85 -45): length = 10mm; probability gray matter = 0.4291
ROI (-35 15 -25): length = 10mm; probability gray matter = 0.4292
ROI (35 15 -25): length = 10mm; probability gray matter = 0.4292
ROI (-35 45 5): length = 10mm; probability gray matter = 0.4314
ROI (35 45 5): length = 10mm; probability gray matter = 0.4314
ROI (-65 -25 15): length = 10mm; probability gray matter = 0.4323
ROI (65 -25 15): length = 10mm; probability gray matter = 0.4323
ROI (-25 -95 15): length = 10mm; probability gray matter = 0.4329
ROI (25 -95 15): length = 10mm; probability gray matter = 0.4329
ROI (-45 15 -5): length = 10mm; probability gray matter = 0.4334
ROI (45 15 -5): length = 10mm; probability gray matter = 0.4334
ROI (-5 65 5): length = 10mm; probability gray matter = 0.4336
ROI (5 65 5): length = 10mm; probability gray matter = 0.4336
ROI (-45 -55 35): length = 10mm; probability gray matter = 0.4338
ROI (45 -55 35): length = 10mm; probability gray matter = 0.4338
ROI (-45 -5 55): length = 10mm; probability gray matter = 0.4341
ROI (45 -5 55): length = 10mm; probability gray matter = 0.4341
ROI (-5 65 -5): length = 10mm; probability gray matter = 0.4350
ROI (5 65 -5): length = 10mm; probability gray matter = 0.4350
ROI (-25 -75 45): length = 10mm; probability gray matter = 0.4352
ROI (25 -75 45): length = 10mm; probability gray matter = 0.4352
ROI (-15 15 15): length = 10mm; probability gray matter = 0.4358
ROI (15 15 15): length = 10mm; probability gray matter = 0.4358
ROI (-35 5 35): length = 10mm; probability gray matter = 0.4361
ROI (35 5 35): length = 10mm; probability gray matter = 0.4361
ROI (-5 -95 5): length = 10mm; probability gray matter = 0.4387
ROI (5 -95 5): length = 10mm; probability gray matter = 0.4387
ROI (-15 -35 -25): length = 10mm; probability gray matter = 0.4390
ROI (15 -35 -25): length = 10mm; probability gray matter = 0.4390
ROI (-15 -75 45): length = 10mm; probability gray matter = 0.4397
ROI (15 -75 45): length = 10mm; probability gray matter = 0.4397
ROI (-15 -95 15): length = 10mm; probability gray matter = 0.4398
ROI (15 -95 15): length = 10mm; probability gray matter = 0.4398
ROI (-35 5 -35): length = 10mm; probability gray matter = 0.4410
ROI (35 5 -35): length = 10mm; probability gray matter = 0.4410
ROI (-25 -15 -35): length = 10mm; probability gray matter = 0.4411
ROI (25 -15 -35): length = 10mm; probability gray matter = 0.4411
ROI (-15 55 -15): length = 10mm; probability gray matter = 0.4412
ROI (15 55 -15): length = 10mm; probability gray matter = 0.4412
ROI (-5 15 -25): length = 10mm; probability gray matter = 0.4417
ROI (5 15 -25): length = 10mm; probability gray matter = 0.4417
ROI (-15 -5 65): length = 10mm; probability gray matter = 0.4421
ROI (15 -5 65): length = 10mm; probability gray matter = 0.4421
ROI (-55 -5 25): length = 10mm; probability gray matter = 0.4432
ROI (55 -5 25): length = 10mm; probability gray matter = 0.4432
ROI (-45 -5 -5): length = 10mm; probability gray matter = 0.4447
ROI (45 -5 -5): length = 10mm; probability gray matter = 0.4447
ROI (-5 55 -25): length = 10mm; probability gray matter = 0.4447
ROI (5 55 -25): length = 10mm; probability gray matter = 0.4447
ROI (-5 35 45): length = 10mm; probability gray matter = 0.4449
ROI (5 35 45): length = 10mm; probability gray matter = 0.4449
ROI (-5 -25 5): length = 10mm; probability gray matter = 0.4449
ROI (5 -25 5): length = 10mm; probability gray matter = 0.4449
ROI (-25 -5 -5): length = 10mm; probability gray matter = 0.4455
ROI (25 -5 -5): length = 10mm; probability gray matter = 0.4455
ROI (-55 5 -35): length = 10mm; probability gray matter = 0.4460
ROI (55 5 -35): length = 10mm; probability gray matter = 0.4460
ROI (-5 45 45): length = 10mm; probability gray matter = 0.4476
ROI (5 45 45): length = 10mm; probability gray matter = 0.4476
ROI (-15 -5 -15): length = 10mm; probability gray matter = 0.4480
ROI (15 -5 -15): length = 10mm; probability gray matter = 0.4480
ROI (-15 -75 -55): length = 10mm; probability gray matter = 0.4484
ROI (15 -75 -55): length = 10mm; probability gray matter = 0.4484
ROI (-5 -85 25): length = 10mm; probability gray matter = 0.4493
ROI (5 -85 25): length = 10mm; probability gray matter = 0.4493
ROI (-25 -75 35): length = 10mm; probability gray matter = 0.4502
ROI (25 -75 35): length = 10mm; probability gray matter = 0.4502
ROI (-15 -75 35): length = 10mm; probability gray matter = 0.4505
ROI (15 -75 35): length = 10mm; probability gray matter = 0.4505
ROI (-55 15 25): length = 10mm; probability gray matter = 0.4506
ROI (55 15 25): length = 10mm; probability gray matter = 0.4506
ROI (-45 5 -45): length = 10mm; probability gray matter = 0.4517
ROI (45 5 -45): length = 10mm; probability gray matter = 0.4517
ROI (-45 -5 -15): length = 10mm; probability gray matter = 0.4521
ROI (45 -5 -15): length = 10mm; probability gray matter = 0.4521
ROI (-55 -65 25): length = 10mm; probability gray matter = 0.4522
ROI (55 -65 25): length = 10mm; probability gray matter = 0.4522
ROI (-25 -65 45): length = 10mm; probability gray matter = 0.4523
ROI (25 -65 45): length = 10mm; probability gray matter = 0.4523
ROI (-5 -95 -5): length = 10mm; probability gray matter = 0.4528
ROI (5 -95 -5): length = 10mm; probability gray matter = 0.4528
ROI (-55 -35 -15): length = 10mm; probability gray matter = 0.4539
ROI (55 -35 -15): length = 10mm; probability gray matter = 0.4539
ROI (-45 35 5): length = 10mm; probability gray matter = 0.4549
ROI (45 35 5): length = 10mm; probability gray matter = 0.4549
ROI (-5 15 65): length = 10mm; probability gray matter = 0.4550
ROI (5 15 65): length = 10mm; probability gray matter = 0.4550
ROI (-25 -65 -35): length = 10mm; probability gray matter = 0.4562
ROI (25 -65 -35): length = 10mm; probability gray matter = 0.4562
ROI (-45 -15 5): length = 10mm; probability gray matter = 0.4567
ROI (45 -15 5): length = 10mm; probability gray matter = 0.4567
ROI (-45 -25 45): length = 10mm; probability gray matter = 0.4573
ROI (45 -25 45): length = 10mm; probability gray matter = 0.4573
ROI (-55 25 15): length = 10mm; probability gray matter = 0.4575
ROI (55 25 15): length = 10mm; probability gray matter = 0.4575
ROI (-15 55 25): length = 10mm; probability gray matter = 0.4580
ROI (15 55 25): length = 10mm; probability gray matter = 0.4580
ROI (-35 25 35): length = 10mm; probability gray matter = 0.4582
ROI (35 25 35): length = 10mm; probability gray matter = 0.4582
ROI (-15 -55 65): length = 10mm; probability gray matter = 0.4587
ROI (15 -55 65): length = 10mm; probability gray matter = 0.4587
ROI (-55 5 25): length = 10mm; probability gray matter = 0.4588
ROI (55 5 25): length = 10mm; probability gray matter = 0.4588
ROI (-25 -95 -5): length = 10mm; probability gray matter = 0.4599
ROI (25 -95 -5): length = 10mm; probability gray matter = 0.4599
ROI (-5 -75 -15): length = 10mm; probability gray matter = 0.4604
ROI (5 -75 -15): length = 10mm; probability gray matter = 0.4604
ROI (-45 5 -5): length = 10mm; probability gray matter = 0.4615
ROI (45 5 -5): length = 10mm; probability gray matter = 0.4615
ROI (-25 -65 -5): length = 10mm; probability gray matter = 0.4621
ROI (25 -65 -5): length = 10mm; probability gray matter = 0.4621
ROI (-5 45 35): length = 10mm; probability gray matter = 0.4627
ROI (5 45 35): length = 10mm; probability gray matter = 0.4627
ROI (-25 25 55): length = 10mm; probability gray matter = 0.4636
ROI (25 25 55): length = 10mm; probability gray matter = 0.4636
ROI (-15 45 45): length = 10mm; probability gray matter = 0.4645
ROI (15 45 45): length = 10mm; probability gray matter = 0.4645
ROI (-55 -35 35): length = 10mm; probability gray matter = 0.4645
ROI (55 -35 35): length = 10mm; probability gray matter = 0.4645
ROI (-65 -25 25): length = 10mm; probability gray matter = 0.4648
ROI (65 -25 25): length = 10mm; probability gray matter = 0.4648
ROI (-25 -5 65): length = 10mm; probability gray matter = 0.4656
ROI (25 -5 65): length = 10mm; probability gray matter = 0.4656
ROI (-15 -95 -5): length = 10mm; probability gray matter = 0.4658
ROI (15 -95 -5): length = 10mm; probability gray matter = 0.4658
ROI (-45 -65 45): length = 10mm; probability gray matter = 0.4661
ROI (45 -65 45): length = 10mm; probability gray matter = 0.4661
ROI (-15 -95 -15): length = 10mm; probability gray matter = 0.4672
ROI (15 -95 -15): length = 10mm; probability gray matter = 0.4672
ROI (-35 -65 45): length = 10mm; probability gray matter = 0.4674
ROI (35 -65 45): length = 10mm; probability gray matter = 0.4674
ROI (-5 -65 55): length = 10mm; probability gray matter = 0.4679
ROI (5 -65 55): length = 10mm; probability gray matter = 0.4679
ROI (-5 5 -15): length = 10mm; probability gray matter = 0.4681
ROI (5 5 -15): length = 10mm; probability gray matter = 0.4681
ROI (-65 -15 -25): length = 10mm; probability gray matter = 0.4686
ROI (65 -15 -25): length = 10mm; probability gray matter = 0.4686
ROI (-5 -55 -5): length = 10mm; probability gray matter = 0.4711
ROI (5 -55 -5): length = 10mm; probability gray matter = 0.4711
ROI (-65 -35 25): length = 10mm; probability gray matter = 0.4712
ROI (65 -35 25): length = 10mm; probability gray matter = 0.4712
ROI (-45 5 -25): length = 10mm; probability gray matter = 0.4714
ROI (45 5 -25): length = 10mm; probability gray matter = 0.4714
ROI (-5 -5 35): length = 10mm; probability gray matter = 0.4714
ROI (5 -5 35): length = 10mm; probability gray matter = 0.4714
ROI (-35 35 25): length = 10mm; probability gray matter = 0.4715
ROI (35 35 25): length = 10mm; probability gray matter = 0.4715
ROI (-65 -45 -15): length = 10mm; probability gray matter = 0.4718
ROI (65 -45 -15): length = 10mm; probability gray matter = 0.4718
ROI (-15 65 15): length = 10mm; probability gray matter = 0.4722
ROI (15 65 15): length = 10mm; probability gray matter = 0.4722
ROI (-5 -85 -5): length = 10mm; probability gray matter = 0.4734
ROI (5 -85 -5): length = 10mm; probability gray matter = 0.4734
ROI (-25 25 -15): length = 10mm; probability gray matter = 0.4754
ROI (25 25 -15): length = 10mm; probability gray matter = 0.4754
ROI (-25 -65 -45): length = 10mm; probability gray matter = 0.4754
ROI (25 -65 -45): length = 10mm; probability gray matter = 0.4754
ROI (-5 -15 55): length = 10mm; probability gray matter = 0.4756
ROI (5 -15 55): length = 10mm; probability gray matter = 0.4756
ROI (-65 -45 15): length = 10mm; probability gray matter = 0.4763
ROI (65 -45 15): length = 10mm; probability gray matter = 0.4763
ROI (-35 -5 15): length = 10mm; probability gray matter = 0.4764
ROI (35 -5 15): length = 10mm; probability gray matter = 0.4764
ROI (-35 -75 25): length = 10mm; probability gray matter = 0.4777
ROI (35 -75 25): length = 10mm; probability gray matter = 0.4777
ROI (-55 -65 -15): length = 10mm; probability gray matter = 0.4787
ROI (55 -65 -15): length = 10mm; probability gray matter = 0.4787
ROI (-15 -85 -45): length = 10mm; probability gray matter = 0.4801
ROI (15 -85 -45): length = 10mm; probability gray matter = 0.4801
ROI (-55 -15 35): length = 10mm; probability gray matter = 0.4810
ROI (55 -15 35): length = 10mm; probability gray matter = 0.4810
ROI (-55 25 5): length = 10mm; probability gray matter = 0.4811
ROI (55 25 5): length = 10mm; probability gray matter = 0.4811
ROI (-5 -85 15): length = 10mm; probability gray matter = 0.4815
ROI (5 -85 15): length = 10mm; probability gray matter = 0.4815
ROI (-25 55 -15): length = 10mm; probability gray matter = 0.4817
ROI (25 55 -15): length = 10mm; probability gray matter = 0.4817
ROI (-55 -15 5): length = 10mm; probability gray matter = 0.4824
ROI (55 -15 5): length = 10mm; probability gray matter = 0.4824
ROI (-5 55 25): length = 10mm; probability gray matter = 0.4825
ROI (5 55 25): length = 10mm; probability gray matter = 0.4825
ROI (-45 -55 45): length = 10mm; probability gray matter = 0.4825
ROI (45 -55 45): length = 10mm; probability gray matter = 0.4825
ROI (-5 25 55): length = 10mm; probability gray matter = 0.4840
ROI (5 25 55): length = 10mm; probability gray matter = 0.4840
ROI (-25 15 -25): length = 10mm; probability gray matter = 0.4846
ROI (25 15 -25): length = 10mm; probability gray matter = 0.4846
ROI (-35 -45 -55): length = 10mm; probability gray matter = 0.4862
ROI (35 -45 -55): length = 10mm; probability gray matter = 0.4862
ROI (-45 15 45): length = 10mm; probability gray matter = 0.4884
ROI (45 15 45): length = 10mm; probability gray matter = 0.4884
ROI (-15 -25 5): length = 10mm; probability gray matter = 0.4889
ROI (15 -25 5): length = 10mm; probability gray matter = 0.4889
ROI (-5 -5 65): length = 10mm; probability gray matter = 0.4897
ROI (5 -5 65): length = 10mm; probability gray matter = 0.4897
ROI (-55 5 35): length = 10mm; probability gray matter = 0.4901
ROI (55 5 35): length = 10mm; probability gray matter = 0.4901
ROI (-25 -95 5): length = 10mm; probability gray matter = 0.4903
ROI (25 -95 5): length = 10mm; probability gray matter = 0.4903
ROI (-5 15 55): length = 10mm; probability gray matter = 0.4912
ROI (5 15 55): length = 10mm; probability gray matter = 0.4912
ROI (-45 25 -15): length = 10mm; probability gray matter = 0.4922
ROI (45 25 -15): length = 10mm; probability gray matter = 0.4922
ROI (-5 -75 35): length = 10mm; probability gray matter = 0.4924
ROI (5 -75 35): length = 10mm; probability gray matter = 0.4924
ROI (-5 -15 35): length = 10mm; probability gray matter = 0.4928
ROI (5 -15 35): length = 10mm; probability gray matter = 0.4928
ROI (-45 35 -5): length = 10mm; probability gray matter = 0.4928
ROI (45 35 -5): length = 10mm; probability gray matter = 0.4928
ROI (-35 -45 -15): length = 10mm; probability gray matter = 0.4932
ROI (35 -45 -15): length = 10mm; probability gray matter = 0.4932
ROI (-55 -25 45): length = 10mm; probability gray matter = 0.4933
ROI (55 -25 45): length = 10mm; probability gray matter = 0.4933
ROI (-15 15 65): length = 10mm; probability gray matter = 0.4941
ROI (15 15 65): length = 10mm; probability gray matter = 0.4941
ROI (-5 -45 55): length = 10mm; probability gray matter = 0.4943
ROI (5 -45 55): length = 10mm; probability gray matter = 0.4943
ROI (-55 -25 35): length = 10mm; probability gray matter = 0.4945
ROI (55 -25 35): length = 10mm; probability gray matter = 0.4945
ROI (-15 -35 45): length = 10mm; probability gray matter = 0.4946
ROI (15 -35 45): length = 10mm; probability gray matter = 0.4946
ROI (-65 -25 -25): length = 10mm; probability gray matter = 0.4947
ROI (65 -25 -25): length = 10mm; probability gray matter = 0.4947
ROI (-25 15 45): length = 10mm; probability gray matter = 0.4954
ROI (25 15 45): length = 10mm; probability gray matter = 0.4954
ROI (-55 -5 35): length = 10mm; probability gray matter = 0.4960
ROI (55 -5 35): length = 10mm; probability gray matter = 0.4960
ROI (-5 -65 5): length = 10mm; probability gray matter = 0.4984
ROI (5 -65 5): length = 10mm; probability gray matter = 0.4984
ROI (-45 45 15): length = 10mm; probability gray matter = 0.4993
ROI (45 45 15): length = 10mm; probability gray matter = 0.4993
ROI (-35 -85 25): length = 10mm; probability gray matter = 0.4993
ROI (35 -85 25): length = 10mm; probability gray matter = 0.4993
ROI (-55 5 15): length = 10mm; probability gray matter = 0.5033
ROI (55 5 15): length = 10mm; probability gray matter = 0.5033
ROI (-45 -45 45): length = 10mm; probability gray matter = 0.5036
ROI (45 -45 45): length = 10mm; probability gray matter = 0.5036
ROI (-55 -5 -5): length = 10mm; probability gray matter = 0.5036
ROI (55 -5 -5): length = 10mm; probability gray matter = 0.5036
ROI (-35 5 -25): length = 10mm; probability gray matter = 0.5042
ROI (35 5 -25): length = 10mm; probability gray matter = 0.5042
ROI (-5 -75 25): length = 10mm; probability gray matter = 0.5047
ROI (5 -75 25): length = 10mm; probability gray matter = 0.5047
ROI (-45 -35 15): length = 10mm; probability gray matter = 0.5061
ROI (45 -35 15): length = 10mm; probability gray matter = 0.5061
ROI (-15 65 -5): length = 10mm; probability gray matter = 0.5089
ROI (15 65 -5): length = 10mm; probability gray matter = 0.5089
ROI (-35 -45 -45): length = 10mm; probability gray matter = 0.5092
ROI (35 -45 -45): length = 10mm; probability gray matter = 0.5092
ROI (-55 -25 25): length = 10mm; probability gray matter = 0.5094
ROI (55 -25 25): length = 10mm; probability gray matter = 0.5094
ROI (-5 5 65): length = 10mm; probability gray matter = 0.5101
ROI (5 5 65): length = 10mm; probability gray matter = 0.5101
ROI (-35 55 15): length = 10mm; probability gray matter = 0.5108
ROI (35 55 15): length = 10mm; probability gray matter = 0.5108
ROI (-45 -5 -35): length = 10mm; probability gray matter = 0.5112
ROI (45 -5 -35): length = 10mm; probability gray matter = 0.5112
ROI (-15 25 55): length = 10mm; probability gray matter = 0.5120
ROI (15 25 55): length = 10mm; probability gray matter = 0.5120
ROI (-5 5 55): length = 10mm; probability gray matter = 0.5127
ROI (5 5 55): length = 10mm; probability gray matter = 0.5127
ROI (-35 15 55): length = 10mm; probability gray matter = 0.5141
ROI (35 15 55): length = 10mm; probability gray matter = 0.5141
ROI (-15 65 5): length = 10mm; probability gray matter = 0.5141
ROI (15 65 5): length = 10mm; probability gray matter = 0.5141
ROI (-25 -25 -25): length = 10mm; probability gray matter = 0.5153
ROI (25 -25 -25): length = 10mm; probability gray matter = 0.5153
ROI (-35 -55 45): length = 10mm; probability gray matter = 0.5153
ROI (35 -55 45): length = 10mm; probability gray matter = 0.5153
ROI (-15 -55 -25): length = 10mm; probability gray matter = 0.5155
ROI (15 -55 -25): length = 10mm; probability gray matter = 0.5155
ROI (-35 -85 -15): length = 10mm; probability gray matter = 0.5157
ROI (35 -85 -15): length = 10mm; probability gray matter = 0.5157
ROI (-35 -35 45): length = 10mm; probability gray matter = 0.5158
ROI (35 -35 45): length = 10mm; probability gray matter = 0.5158
ROI (-65 -35 15): length = 10mm; probability gray matter = 0.5159
ROI (65 -35 15): length = 10mm; probability gray matter = 0.5159
ROI (-55 -45 45): length = 10mm; probability gray matter = 0.5167
ROI (55 -45 45): length = 10mm; probability gray matter = 0.5167
ROI (-45 5 25): length = 10mm; probability gray matter = 0.5172
ROI (45 5 25): length = 10mm; probability gray matter = 0.5172
ROI (-65 -25 5): length = 10mm; probability gray matter = 0.5178
ROI (65 -25 5): length = 10mm; probability gray matter = 0.5178
ROI (-15 5 65): length = 10mm; probability gray matter = 0.5193
ROI (15 5 65): length = 10mm; probability gray matter = 0.5193
ROI (-25 -85 25): length = 10mm; probability gray matter = 0.5202
ROI (25 -85 25): length = 10mm; probability gray matter = 0.5202
ROI (-45 25 5): length = 10mm; probability gray matter = 0.5204
ROI (45 25 5): length = 10mm; probability gray matter = 0.5204
ROI (-5 55 -15): length = 10mm; probability gray matter = 0.5204
ROI (5 55 -15): length = 10mm; probability gray matter = 0.5204
ROI (-5 -65 45): length = 10mm; probability gray matter = 0.5211
ROI (5 -65 45): length = 10mm; probability gray matter = 0.5211
ROI (-65 -15 -5): length = 10mm; probability gray matter = 0.5214
ROI (65 -15 -5): length = 10mm; probability gray matter = 0.5214
ROI (-15 -85 -15): length = 10mm; probability gray matter = 0.5218
ROI (15 -85 -15): length = 10mm; probability gray matter = 0.5218
ROI (-5 -5 55): length = 10mm; probability gray matter = 0.5219
ROI (5 -5 55): length = 10mm; probability gray matter = 0.5219
ROI (-5 -55 55): length = 10mm; probability gray matter = 0.5222
ROI (5 -55 55): length = 10mm; probability gray matter = 0.5222
ROI (-5 25 45): length = 10mm; probability gray matter = 0.5223
ROI (5 25 45): length = 10mm; probability gray matter = 0.5223
ROI (-25 55 25): length = 10mm; probability gray matter = 0.5223
ROI (25 55 25): length = 10mm; probability gray matter = 0.5223
ROI (-45 -75 -35): length = 10mm; probability gray matter = 0.5225
ROI (45 -75 -35): length = 10mm; probability gray matter = 0.5225
ROI (-55 -35 15): length = 10mm; probability gray matter = 0.5248
ROI (55 -35 15): length = 10mm; probability gray matter = 0.5248
ROI (-5 -45 25): length = 10mm; probability gray matter = 0.5264
ROI (5 -45 25): length = 10mm; probability gray matter = 0.5264
ROI (-15 35 -25): length = 10mm; probability gray matter = 0.5269
ROI (15 35 -25): length = 10mm; probability gray matter = 0.5269
ROI (-35 5 -15): length = 10mm; probability gray matter = 0.5276
ROI (35 5 -15): length = 10mm; probability gray matter = 0.5276
ROI (-45 25 35): length = 10mm; probability gray matter = 0.5278
ROI (45 25 35): length = 10mm; probability gray matter = 0.5278
ROI (-35 5 55): length = 10mm; probability gray matter = 0.5279
ROI (35 5 55): length = 10mm; probability gray matter = 0.5279
ROI (-15 15 -25): length = 10mm; probability gray matter = 0.5286
ROI (15 15 -25): length = 10mm; probability gray matter = 0.5286
ROI (-15 -35 5): length = 10mm; probability gray matter = 0.5290
ROI (15 -35 5): length = 10mm; probability gray matter = 0.5290
ROI (-5 -25 35): length = 10mm; probability gray matter = 0.5309
ROI (5 -25 35): length = 10mm; probability gray matter = 0.5309
ROI (-5 -75 -45): length = 10mm; probability gray matter = 0.5311
ROI (5 -75 -45): length = 10mm; probability gray matter = 0.5311
ROI (-55 -65 15): length = 10mm; probability gray matter = 0.5315
ROI (55 -65 15): length = 10mm; probability gray matter = 0.5315
ROI (-45 -65 -25): length = 10mm; probability gray matter = 0.5315
ROI (45 -65 -25): length = 10mm; probability gray matter = 0.5315
ROI (-25 15 -35): length = 10mm; probability gray matter = 0.5317
ROI (25 15 -35): length = 10mm; probability gray matter = 0.5317
ROI (-35 -75 35): length = 10mm; probability gray matter = 0.5328
ROI (35 -75 35): length = 10mm; probability gray matter = 0.5328
ROI (-35 15 -15): length = 10mm; probability gray matter = 0.5338
ROI (35 15 -15): length = 10mm; probability gray matter = 0.5338
ROI (-15 -65 -5): length = 10mm; probability gray matter = 0.5347
ROI (15 -65 -5): length = 10mm; probability gray matter = 0.5347
ROI (-35 45 15): length = 10mm; probability gray matter = 0.5350
ROI (35 45 15): length = 10mm; probability gray matter = 0.5350
ROI (-55 -35 45): length = 10mm; probability gray matter = 0.5363
ROI (55 -35 45): length = 10mm; probability gray matter = 0.5363
ROI (-15 5 15): length = 10mm; probability gray matter = 0.5378
ROI (15 5 15): length = 10mm; probability gray matter = 0.5378
ROI (-25 -75 -55): length = 10mm; probability gray matter = 0.5382
ROI (25 -75 -55): length = 10mm; probability gray matter = 0.5382
ROI (-45 -5 5): length = 10mm; probability gray matter = 0.5396
ROI (45 -5 5): length = 10mm; probability gray matter = 0.5396
ROI (-5 5 -5): length = 10mm; probability gray matter = 0.5415
ROI (5 5 -5): length = 10mm; probability gray matter = 0.5415
ROI (-35 -5 -35): length = 10mm; probability gray matter = 0.5418
ROI (35 -5 -35): length = 10mm; probability gray matter = 0.5418
ROI (-45 -75 -15): length = 10mm; probability gray matter = 0.5420
ROI (45 -75 -15): length = 10mm; probability gray matter = 0.5420
ROI (-35 -5 55): length = 10mm; probability gray matter = 0.5444
ROI (35 -5 55): length = 10mm; probability gray matter = 0.5444
ROI (-5 55 15): length = 10mm; probability gray matter = 0.5447
ROI (5 55 15): length = 10mm; probability gray matter = 0.5447
ROI (-25 15 55): length = 10mm; probability gray matter = 0.5453
ROI (25 15 55): length = 10mm; probability gray matter = 0.5453
ROI (-55 15 5): length = 10mm; probability gray matter = 0.5455
ROI (55 15 5): length = 10mm; probability gray matter = 0.5455
ROI (-25 -55 -5): length = 10mm; probability gray matter = 0.5457
ROI (25 -55 -5): length = 10mm; probability gray matter = 0.5457
ROI (-25 -25 -15): length = 10mm; probability gray matter = 0.5468
ROI (25 -25 -15): length = 10mm; probability gray matter = 0.5468
ROI (-55 -15 -5): length = 10mm; probability gray matter = 0.5468
ROI (55 -15 -5): length = 10mm; probability gray matter = 0.5468
ROI (-25 35 45): length = 10mm; probability gray matter = 0.5487
ROI (25 35 45): length = 10mm; probability gray matter = 0.5487
ROI (-35 -35 -15): length = 10mm; probability gray matter = 0.5498
ROI (35 -35 -15): length = 10mm; probability gray matter = 0.5498
ROI (-25 -85 -15): length = 10mm; probability gray matter = 0.5504
ROI (25 -85 -15): length = 10mm; probability gray matter = 0.5504
ROI (-25 -45 -5): length = 10mm; probability gray matter = 0.5507
ROI (25 -45 -5): length = 10mm; probability gray matter = 0.5507
ROI (-45 35 25): length = 10mm; probability gray matter = 0.5514
ROI (45 35 25): length = 10mm; probability gray matter = 0.5514
ROI (-15 -45 -25): length = 10mm; probability gray matter = 0.5519
ROI (15 -45 -25): length = 10mm; probability gray matter = 0.5519
ROI (-5 5 35): length = 10mm; probability gray matter = 0.5522
ROI (5 5 35): length = 10mm; probability gray matter = 0.5522
ROI (-55 -35 -5): length = 10mm; probability gray matter = 0.5523
ROI (55 -35 -5): length = 10mm; probability gray matter = 0.5523
ROI (-5 -75 15): length = 10mm; probability gray matter = 0.5539
ROI (5 -75 15): length = 10mm; probability gray matter = 0.5539
ROI (-45 -5 -45): length = 10mm; probability gray matter = 0.5550
ROI (45 -5 -45): length = 10mm; probability gray matter = 0.5550
ROI (-45 -35 45): length = 10mm; probability gray matter = 0.5551
ROI (45 -35 45): length = 10mm; probability gray matter = 0.5551
ROI (-55 15 15): length = 10mm; probability gray matter = 0.5553
ROI (55 15 15): length = 10mm; probability gray matter = 0.5553
ROI (-35 -15 15): length = 10mm; probability gray matter = 0.5554
ROI (35 -15 15): length = 10mm; probability gray matter = 0.5554
ROI (-45 15 35): length = 10mm; probability gray matter = 0.5567
ROI (45 15 35): length = 10mm; probability gray matter = 0.5567
ROI (-35 -85 5): length = 10mm; probability gray matter = 0.5577
ROI (35 -85 5): length = 10mm; probability gray matter = 0.5577
ROI (-45 -45 -15): length = 10mm; probability gray matter = 0.5590
ROI (45 -45 -15): length = 10mm; probability gray matter = 0.5590
ROI (-35 45 -15): length = 10mm; probability gray matter = 0.5590
ROI (35 45 -15): length = 10mm; probability gray matter = 0.5590
ROI (-25 15 -15): length = 10mm; probability gray matter = 0.5590
ROI (25 15 -15): length = 10mm; probability gray matter = 0.5590
ROI (-45 -65 35): length = 10mm; probability gray matter = 0.5591
ROI (45 -65 35): length = 10mm; probability gray matter = 0.5591
ROI (-45 5 45): length = 10mm; probability gray matter = 0.5592
ROI (45 5 45): length = 10mm; probability gray matter = 0.5592
ROI (-55 -55 35): length = 10mm; probability gray matter = 0.5595
ROI (55 -55 35): length = 10mm; probability gray matter = 0.5595
ROI (-55 -15 -15): length = 10mm; probability gray matter = 0.5610
ROI (55 -15 -15): length = 10mm; probability gray matter = 0.5610
ROI (-55 -35 25): length = 10mm; probability gray matter = 0.5612
ROI (55 -35 25): length = 10mm; probability gray matter = 0.5612
ROI (-45 -75 5): length = 10mm; probability gray matter = 0.5615
ROI (45 -75 5): length = 10mm; probability gray matter = 0.5615
ROI (-45 -55 25): length = 10mm; probability gray matter = 0.5623
ROI (45 -55 25): length = 10mm; probability gray matter = 0.5623
ROI (-15 -55 15): length = 10mm; probability gray matter = 0.5625
ROI (15 -55 15): length = 10mm; probability gray matter = 0.5625
ROI (-55 -45 35): length = 10mm; probability gray matter = 0.5634
ROI (55 -45 35): length = 10mm; probability gray matter = 0.5634
ROI (-5 -85 5): length = 10mm; probability gray matter = 0.5635
ROI (5 -85 5): length = 10mm; probability gray matter = 0.5635
ROI (-55 -5 -25): length = 10mm; probability gray matter = 0.5645
ROI (55 -5 -25): length = 10mm; probability gray matter = 0.5645
ROI (-25 55 -5): length = 10mm; probability gray matter = 0.5647
ROI (25 55 -5): length = 10mm; probability gray matter = 0.5647
ROI (-5 -55 -35): length = 10mm; probability gray matter = 0.5650
ROI (5 -55 -35): length = 10mm; probability gray matter = 0.5650
ROI (-15 25 -25): length = 10mm; probability gray matter = 0.5652
ROI (15 25 -25): length = 10mm; probability gray matter = 0.5652
ROI (-65 -45 5): length = 10mm; probability gray matter = 0.5666
ROI (65 -45 5): length = 10mm; probability gray matter = 0.5666
ROI (-55 -15 -25): length = 10mm; probability gray matter = 0.5670
ROI (55 -15 -25): length = 10mm; probability gray matter = 0.5670
ROI (-35 25 -15): length = 10mm; probability gray matter = 0.5674
ROI (35 25 -15): length = 10mm; probability gray matter = 0.5674
ROI (-45 35 -15): length = 10mm; probability gray matter = 0.5677
ROI (45 35 -15): length = 10mm; probability gray matter = 0.5677
ROI (-5 -65 35): length = 10mm; probability gray matter = 0.5678
ROI (5 -65 35): length = 10mm; probability gray matter = 0.5678
ROI (-25 5 55): length = 10mm; probability gray matter = 0.5680
ROI (25 5 55): length = 10mm; probability gray matter = 0.5680
ROI (-65 -45 -5): length = 10mm; probability gray matter = 0.5693
ROI (65 -45 -5): length = 10mm; probability gray matter = 0.5693
ROI (-45 25 25): length = 10mm; probability gray matter = 0.5705
ROI (45 25 25): length = 10mm; probability gray matter = 0.5705
ROI (-35 -45 45): length = 10mm; probability gray matter = 0.5709
ROI (35 -45 45): length = 10mm; probability gray matter = 0.5709
ROI (-45 -75 -5): length = 10mm; probability gray matter = 0.5709
ROI (45 -75 -5): length = 10mm; probability gray matter = 0.5709
ROI (-5 35 35): length = 10mm; probability gray matter = 0.5739
ROI (5 35 35): length = 10mm; probability gray matter = 0.5739
ROI (-55 -65 5): length = 10mm; probability gray matter = 0.5741
ROI (55 -65 5): length = 10mm; probability gray matter = 0.5741
ROI (-45 -65 5): length = 10mm; probability gray matter = 0.5765
ROI (45 -65 5): length = 10mm; probability gray matter = 0.5765
ROI (-35 -85 15): length = 10mm; probability gray matter = 0.5765
ROI (35 -85 15): length = 10mm; probability gray matter = 0.5765
ROI (-25 45 35): length = 10mm; probability gray matter = 0.5776
ROI (25 45 35): length = 10mm; probability gray matter = 0.5776
ROI (-35 -25 15): length = 10mm; probability gray matter = 0.5778
ROI (35 -25 15): length = 10mm; probability gray matter = 0.5778
ROI (-25 45 25): length = 10mm; probability gray matter = 0.5787
ROI (25 45 25): length = 10mm; probability gray matter = 0.5787
ROI (-35 -15 -5): length = 10mm; probability gray matter = 0.5795
ROI (35 -15 -5): length = 10mm; probability gray matter = 0.5795
ROI (-35 -75 -15): length = 10mm; probability gray matter = 0.5799
ROI (35 -75 -15): length = 10mm; probability gray matter = 0.5799
ROI (-35 -55 -15): length = 10mm; probability gray matter = 0.5805
ROI (35 -55 -15): length = 10mm; probability gray matter = 0.5805
ROI (-25 5 -25): length = 10mm; probability gray matter = 0.5806
ROI (25 5 -25): length = 10mm; probability gray matter = 0.5806
ROI (-35 25 45): length = 10mm; probability gray matter = 0.5810
ROI (35 25 45): length = 10mm; probability gray matter = 0.5810
ROI (-45 -75 25): length = 10mm; probability gray matter = 0.5815
ROI (45 -75 25): length = 10mm; probability gray matter = 0.5815
ROI (-25 -5 -45): length = 10mm; probability gray matter = 0.5826
ROI (25 -5 -45): length = 10mm; probability gray matter = 0.5826
ROI (-5 55 5): length = 10mm; probability gray matter = 0.5832
ROI (5 55 5): length = 10mm; probability gray matter = 0.5832
ROI (-15 -65 5): length = 10mm; probability gray matter = 0.5832
ROI (15 -65 5): length = 10mm; probability gray matter = 0.5832
ROI (-5 55 -5): length = 10mm; probability gray matter = 0.5836
ROI (5 55 -5): length = 10mm; probability gray matter = 0.5836
ROI (-15 -5 -25): length = 10mm; probability gray matter = 0.5838
ROI (15 -5 -25): length = 10mm; probability gray matter = 0.5838
ROI (-5 15 -5): length = 10mm; probability gray matter = 0.5842
ROI (5 15 -5): length = 10mm; probability gray matter = 0.5842
ROI (-45 5 -35): length = 10mm; probability gray matter = 0.5845
ROI (45 5 -35): length = 10mm; probability gray matter = 0.5845
ROI (-5 -15 5): length = 10mm; probability gray matter = 0.5856
ROI (5 -15 5): length = 10mm; probability gray matter = 0.5856
ROI (-5 15 45): length = 10mm; probability gray matter = 0.5869
ROI (5 15 45): length = 10mm; probability gray matter = 0.5869
ROI (-5 -55 15): length = 10mm; probability gray matter = 0.5872
ROI (5 -55 15): length = 10mm; probability gray matter = 0.5872
ROI (-45 15 -35): length = 10mm; probability gray matter = 0.5872
ROI (45 15 -35): length = 10mm; probability gray matter = 0.5872
ROI (-35 -15 -25): length = 10mm; probability gray matter = 0.5881
ROI (35 -15 -25): length = 10mm; probability gray matter = 0.5881
ROI (-45 -15 -35): length = 10mm; probability gray matter = 0.5883
ROI (45 -15 -35): length = 10mm; probability gray matter = 0.5883
ROI (-15 -55 -5): length = 10mm; probability gray matter = 0.5885
ROI (15 -55 -5): length = 10mm; probability gray matter = 0.5885
ROI (-55 5 -5): length = 10mm; probability gray matter = 0.5895
ROI (55 5 -5): length = 10mm; probability gray matter = 0.5895
ROI (-55 -45 -15): length = 10mm; probability gray matter = 0.5896
ROI (55 -45 -15): length = 10mm; probability gray matter = 0.5896
ROI (-5 45 25): length = 10mm; probability gray matter = 0.5900
ROI (5 45 25): length = 10mm; probability gray matter = 0.5900
ROI (-55 -15 15): length = 10mm; probability gray matter = 0.5909
ROI (55 -15 15): length = 10mm; probability gray matter = 0.5909
ROI (-55 -5 5): length = 10mm; probability gray matter = 0.5914
ROI (55 -5 5): length = 10mm; probability gray matter = 0.5914
ROI (-45 -65 25): length = 10mm; probability gray matter = 0.5917
ROI (45 -65 25): length = 10mm; probability gray matter = 0.5917
ROI (-15 15 -15): length = 10mm; probability gray matter = 0.5924
ROI (15 15 -15): length = 10mm; probability gray matter = 0.5924
ROI (-55 -65 -5): length = 10mm; probability gray matter = 0.5932
ROI (55 -65 -5): length = 10mm; probability gray matter = 0.5932
ROI (-25 35 35): length = 10mm; probability gray matter = 0.5948
ROI (25 35 35): length = 10mm; probability gray matter = 0.5948
ROI (-5 -75 5): length = 10mm; probability gray matter = 0.5949
ROI (5 -75 5): length = 10mm; probability gray matter = 0.5949
ROI (-65 -15 -15): length = 10mm; probability gray matter = 0.5957
ROI (65 -15 -15): length = 10mm; probability gray matter = 0.5957
ROI (-55 -45 25): length = 10mm; probability gray matter = 0.5971
ROI (55 -45 25): length = 10mm; probability gray matter = 0.5971
ROI (-55 5 5): length = 10mm; probability gray matter = 0.5977
ROI (55 5 5): length = 10mm; probability gray matter = 0.5977
ROI (-25 55 15): length = 10mm; probability gray matter = 0.5981
ROI (25 55 15): length = 10mm; probability gray matter = 0.5981
ROI (-45 5 5): length = 10mm; probability gray matter = 0.5983
ROI (45 5 5): length = 10mm; probability gray matter = 0.5983
ROI (-55 -15 -35): length = 10mm; probability gray matter = 0.5988
ROI (55 -15 -35): length = 10mm; probability gray matter = 0.5988
ROI (-65 -35 5): length = 10mm; probability gray matter = 0.6000
ROI (65 -35 5): length = 10mm; probability gray matter = 0.6000
ROI (-35 55 -5): length = 10mm; probability gray matter = 0.6001
ROI (35 55 -5): length = 10mm; probability gray matter = 0.6001
ROI (-45 45 -5): length = 10mm; probability gray matter = 0.6002
ROI (45 45 -5): length = 10mm; probability gray matter = 0.6002
ROI (-25 25 45): length = 10mm; probability gray matter = 0.6002
ROI (25 25 45): length = 10mm; probability gray matter = 0.6002
ROI (-5 45 -25): length = 10mm; probability gray matter = 0.6016
ROI (5 45 -25): length = 10mm; probability gray matter = 0.6016
ROI (-15 -45 -5): length = 10mm; probability gray matter = 0.6031
ROI (15 -45 -5): length = 10mm; probability gray matter = 0.6031
ROI (-35 -65 -15): length = 10mm; probability gray matter = 0.6034
ROI (35 -65 -15): length = 10mm; probability gray matter = 0.6034
ROI (-35 -55 -45): length = 10mm; probability gray matter = 0.6035
ROI (35 -55 -45): length = 10mm; probability gray matter = 0.6035
ROI (-25 -35 -5): length = 10mm; probability gray matter = 0.6036
ROI (25 -35 -5): length = 10mm; probability gray matter = 0.6036
ROI (-55 -45 -25): length = 10mm; probability gray matter = 0.6061
ROI (55 -45 -25): length = 10mm; probability gray matter = 0.6061
ROI (-55 5 -15): length = 10mm; probability gray matter = 0.6085
ROI (55 5 -15): length = 10mm; probability gray matter = 0.6085
ROI (-45 -55 -25): length = 10mm; probability gray matter = 0.6087
ROI (45 -55 -25): length = 10mm; probability gray matter = 0.6087
ROI (-5 -55 45): length = 10mm; probability gray matter = 0.6092
ROI (5 -55 45): length = 10mm; probability gray matter = 0.6092
ROI (-5 15 -15): length = 10mm; probability gray matter = 0.6093
ROI (5 15 -15): length = 10mm; probability gray matter = 0.6093
ROI (-55 -35 5): length = 10mm; probability gray matter = 0.6096
ROI (55 -35 5): length = 10mm; probability gray matter = 0.6096
ROI (-25 45 -15): length = 10mm; probability gray matter = 0.6102
ROI (25 45 -15): length = 10mm; probability gray matter = 0.6102
ROI (-35 -55 -35): length = 10mm; probability gray matter = 0.6121
ROI (35 -55 -35): length = 10mm; probability gray matter = 0.6121
ROI (-45 45 5): length = 10mm; probability gray matter = 0.6125
ROI (45 45 5): length = 10mm; probability gray matter = 0.6125
ROI (-45 -15 15): length = 10mm; probability gray matter = 0.6129
ROI (45 -15 15): length = 10mm; probability gray matter = 0.6129
ROI (-25 -5 55): length = 10mm; probability gray matter = 0.6129
ROI (25 -5 55): length = 10mm; probability gray matter = 0.6129
ROI (-55 -45 15): length = 10mm; probability gray matter = 0.6140
ROI (55 -45 15): length = 10mm; probability gray matter = 0.6140
ROI (-25 15 -5): length = 10mm; probability gray matter = 0.6152
ROI (25 15 -5): length = 10mm; probability gray matter = 0.6152
ROI (-15 -65 -45): length = 10mm; probability gray matter = 0.6156
ROI (15 -65 -45): length = 10mm; probability gray matter = 0.6156
ROI (-25 55 5): length = 10mm; probability gray matter = 0.6161
ROI (25 55 5): length = 10mm; probability gray matter = 0.6161
ROI (-65 -35 -15): length = 10mm; probability gray matter = 0.6173
ROI (65 -35 -15): length = 10mm; probability gray matter = 0.6173
ROI (-45 15 25): length = 10mm; probability gray matter = 0.6177
ROI (45 15 25): length = 10mm; probability gray matter = 0.6177
ROI (-45 -65 -5): length = 10mm; probability gray matter = 0.6193
ROI (45 -65 -5): length = 10mm; probability gray matter = 0.6193
ROI (-35 55 5): length = 10mm; probability gray matter = 0.6202
ROI (35 55 5): length = 10mm; probability gray matter = 0.6202
ROI (-65 -25 -15): length = 10mm; probability gray matter = 0.6212
ROI (65 -25 -15): length = 10mm; probability gray matter = 0.6212
ROI (-35 35 -15): length = 10mm; probability gray matter = 0.6216
ROI (35 35 -15): length = 10mm; probability gray matter = 0.6216
ROI (-45 5 35): length = 10mm; probability gray matter = 0.6219
ROI (45 5 35): length = 10mm; probability gray matter = 0.6219
ROI (-55 -25 15): length = 10mm; probability gray matter = 0.6222
ROI (55 -25 15): length = 10mm; probability gray matter = 0.6222
ROI (-25 -15 -15): length = 10mm; probability gray matter = 0.6227
ROI (25 -15 -15): length = 10mm; probability gray matter = 0.6227
ROI (-15 -65 15): length = 10mm; probability gray matter = 0.6233
ROI (15 -65 15): length = 10mm; probability gray matter = 0.6233
ROI (-35 -25 -15): length = 10mm; probability gray matter = 0.6234
ROI (35 -25 -15): length = 10mm; probability gray matter = 0.6234
ROI (-5 -35 35): length = 10mm; probability gray matter = 0.6238
ROI (5 -35 35): length = 10mm; probability gray matter = 0.6238
ROI (-25 -45 -55): length = 10mm; probability gray matter = 0.6250
ROI (25 -45 -55): length = 10mm; probability gray matter = 0.6250
ROI (-35 -15 5): length = 10mm; probability gray matter = 0.6258
ROI (35 -15 5): length = 10mm; probability gray matter = 0.6258
ROI (-45 -25 -25): length = 10mm; probability gray matter = 0.6258
ROI (45 -25 -25): length = 10mm; probability gray matter = 0.6258
ROI (-45 -55 15): length = 10mm; probability gray matter = 0.6258
ROI (45 -55 15): length = 10mm; probability gray matter = 0.6258
ROI (-5 25 25): length = 10mm; probability gray matter = 0.6260
ROI (5 25 25): length = 10mm; probability gray matter = 0.6260
ROI (-5 35 -5): length = 10mm; probability gray matter = 0.6265
ROI (5 35 -5): length = 10mm; probability gray matter = 0.6265
ROI (-45 25 -5): length = 10mm; probability gray matter = 0.6267
ROI (45 25 -5): length = 10mm; probability gray matter = 0.6267
ROI (-45 -75 15): length = 10mm; probability gray matter = 0.6269
ROI (45 -75 15): length = 10mm; probability gray matter = 0.6269
ROI (-55 -5 -35): length = 10mm; probability gray matter = 0.6271
ROI (55 -5 -35): length = 10mm; probability gray matter = 0.6271
ROI (-55 -35 -25): length = 10mm; probability gray matter = 0.6272
ROI (55 -35 -25): length = 10mm; probability gray matter = 0.6272
ROI (-55 -55 -5): length = 10mm; probability gray matter = 0.6280
ROI (55 -55 -5): length = 10mm; probability gray matter = 0.6280
ROI (-45 15 5): length = 10mm; probability gray matter = 0.6298
ROI (45 15 5): length = 10mm; probability gray matter = 0.6298
ROI (-55 -55 5): length = 10mm; probability gray matter = 0.6299
ROI (55 -55 5): length = 10mm; probability gray matter = 0.6299
ROI (-55 -25 -25): length = 10mm; probability gray matter = 0.6303
ROI (55 -25 -25): length = 10mm; probability gray matter = 0.6303
ROI (-45 35 15): length = 10mm; probability gray matter = 0.6310
ROI (45 35 15): length = 10mm; probability gray matter = 0.6310
ROI (-15 -75 -35): length = 10mm; probability gray matter = 0.6312
ROI (15 -75 -35): length = 10mm; probability gray matter = 0.6312
ROI (-45 -65 15): length = 10mm; probability gray matter = 0.6327
ROI (45 -65 15): length = 10mm; probability gray matter = 0.6327
ROI (-5 5 45): length = 10mm; probability gray matter = 0.6331
ROI (5 5 45): length = 10mm; probability gray matter = 0.6331
ROI (-15 -65 25): length = 10mm; probability gray matter = 0.6343
ROI (15 -65 25): length = 10mm; probability gray matter = 0.6343
ROI (-15 5 -15): length = 10mm; probability gray matter = 0.6351
ROI (15 5 -15): length = 10mm; probability gray matter = 0.6351
ROI (-35 5 -45): length = 10mm; probability gray matter = 0.6354
ROI (35 5 -45): length = 10mm; probability gray matter = 0.6354
ROI (-35 45 25): length = 10mm; probability gray matter = 0.6362
ROI (35 45 25): length = 10mm; probability gray matter = 0.6362
ROI (-55 5 -25): length = 10mm; probability gray matter = 0.6368
ROI (55 5 -25): length = 10mm; probability gray matter = 0.6368
ROI (-5 35 15): length = 10mm; probability gray matter = 0.6371
ROI (5 35 15): length = 10mm; probability gray matter = 0.6371
ROI (-5 -65 -35): length = 10mm; probability gray matter = 0.6373
ROI (5 -65 -35): length = 10mm; probability gray matter = 0.6373
ROI (-5 -65 -15): length = 10mm; probability gray matter = 0.6375
ROI (5 -65 -15): length = 10mm; probability gray matter = 0.6375
ROI (-5 -55 25): length = 10mm; probability gray matter = 0.6402
ROI (5 -55 25): length = 10mm; probability gray matter = 0.6402
ROI (-35 35 35): length = 10mm; probability gray matter = 0.6403
ROI (35 35 35): length = 10mm; probability gray matter = 0.6403
ROI (-5 45 -15): length = 10mm; probability gray matter = 0.6404
ROI (5 45 -15): length = 10mm; probability gray matter = 0.6404
ROI (-5 35 -25): length = 10mm; probability gray matter = 0.6427
ROI (5 35 -25): length = 10mm; probability gray matter = 0.6427
ROI (-55 -55 25): length = 10mm; probability gray matter = 0.6430
ROI (55 -55 25): length = 10mm; probability gray matter = 0.6430
ROI (-5 25 -25): length = 10mm; probability gray matter = 0.6438
ROI (5 25 -25): length = 10mm; probability gray matter = 0.6438
ROI (-5 -45 45): length = 10mm; probability gray matter = 0.6457
ROI (5 -45 45): length = 10mm; probability gray matter = 0.6457
ROI (-5 25 -15): length = 10mm; probability gray matter = 0.6458
ROI (5 25 -15): length = 10mm; probability gray matter = 0.6458
ROI (-45 -25 15): length = 10mm; probability gray matter = 0.6458
ROI (45 -25 15): length = 10mm; probability gray matter = 0.6458
ROI (-15 -45 -55): length = 10mm; probability gray matter = 0.6466
ROI (15 -45 -55): length = 10mm; probability gray matter = 0.6466
ROI (-65 -25 -5): length = 10mm; probability gray matter = 0.6470
ROI (65 -25 -5): length = 10mm; probability gray matter = 0.6470
ROI (-65 -35 -5): length = 10mm; probability gray matter = 0.6479
ROI (65 -35 -5): length = 10mm; probability gray matter = 0.6479
ROI (-5 -65 -25): length = 10mm; probability gray matter = 0.6495
ROI (5 -65 -25): length = 10mm; probability gray matter = 0.6495
ROI (-5 -65 25): length = 10mm; probability gray matter = 0.6508
ROI (5 -65 25): length = 10mm; probability gray matter = 0.6508
ROI (-35 25 5): length = 10mm; probability gray matter = 0.6516
ROI (35 25 5): length = 10mm; probability gray matter = 0.6516
ROI (-5 25 35): length = 10mm; probability gray matter = 0.6525
ROI (5 25 35): length = 10mm; probability gray matter = 0.6525
ROI (-35 25 -5): length = 10mm; probability gray matter = 0.6543
ROI (35 25 -5): length = 10mm; probability gray matter = 0.6543
ROI (-15 -85 -25): length = 10mm; probability gray matter = 0.6546
ROI (15 -85 -25): length = 10mm; probability gray matter = 0.6546
ROI (-25 5 5): length = 10mm; probability gray matter = 0.6546
ROI (25 5 5): length = 10mm; probability gray matter = 0.6546
ROI (-25 -85 -25): length = 10mm; probability gray matter = 0.6549
ROI (25 -85 -25): length = 10mm; probability gray matter = 0.6549
ROI (-55 -45 5): length = 10mm; probability gray matter = 0.6553
ROI (55 -45 5): length = 10mm; probability gray matter = 0.6553
ROI (-5 -65 15): length = 10mm; probability gray matter = 0.6584
ROI (5 -65 15): length = 10mm; probability gray matter = 0.6584
ROI (-45 -35 -25): length = 10mm; probability gray matter = 0.6586
ROI (45 -35 -25): length = 10mm; probability gray matter = 0.6586
ROI (-5 -55 35): length = 10mm; probability gray matter = 0.6587
ROI (5 -55 35): length = 10mm; probability gray matter = 0.6587
ROI (-15 15 5): length = 10mm; probability gray matter = 0.6588
ROI (15 15 5): length = 10mm; probability gray matter = 0.6588
ROI (-5 -35 45): length = 10mm; probability gray matter = 0.6591
ROI (5 -35 45): length = 10mm; probability gray matter = 0.6591
ROI (-35 15 -35): length = 10mm; probability gray matter = 0.6601
ROI (35 15 -35): length = 10mm; probability gray matter = 0.6601
ROI (-35 -65 -35): length = 10mm; probability gray matter = 0.6602
ROI (35 -65 -35): length = 10mm; probability gray matter = 0.6602
ROI (-5 15 35): length = 10mm; probability gray matter = 0.6603
ROI (5 15 35): length = 10mm; probability gray matter = 0.6603
ROI (-5 -75 -35): length = 10mm; probability gray matter = 0.6606
ROI (5 -75 -35): length = 10mm; probability gray matter = 0.6606
ROI (-25 5 -15): length = 10mm; probability gray matter = 0.6611
ROI (25 5 -15): length = 10mm; probability gray matter = 0.6611
ROI (-5 45 15): length = 10mm; probability gray matter = 0.6647
ROI (5 45 15): length = 10mm; probability gray matter = 0.6647
ROI (-45 -45 -25): length = 10mm; probability gray matter = 0.6653
ROI (45 -45 -25): length = 10mm; probability gray matter = 0.6653
ROI (-5 -75 -25): length = 10mm; probability gray matter = 0.6673
ROI (5 -75 -25): length = 10mm; probability gray matter = 0.6673
ROI (-45 -65 -15): length = 10mm; probability gray matter = 0.6679
ROI (45 -65 -15): length = 10mm; probability gray matter = 0.6679
ROI (-25 5 -45): length = 10mm; probability gray matter = 0.6733
ROI (25 5 -45): length = 10mm; probability gray matter = 0.6733
ROI (-35 -35 -25): length = 10mm; probability gray matter = 0.6743
ROI (35 -35 -25): length = 10mm; probability gray matter = 0.6743
ROI (-35 -45 -35): length = 10mm; probability gray matter = 0.6781
ROI (35 -45 -35): length = 10mm; probability gray matter = 0.6781
ROI (-5 -25 45): length = 10mm; probability gray matter = 0.6789
ROI (5 -25 45): length = 10mm; probability gray matter = 0.6789
ROI (-35 -5 5): length = 10mm; probability gray matter = 0.6795
ROI (35 -5 5): length = 10mm; probability gray matter = 0.6795
ROI (-5 35 25): length = 10mm; probability gray matter = 0.6806
ROI (5 35 25): length = 10mm; probability gray matter = 0.6806
ROI (-45 15 -25): length = 10mm; probability gray matter = 0.6808
ROI (45 15 -25): length = 10mm; probability gray matter = 0.6808
ROI (-45 -65 -45): length = 10mm; probability gray matter = 0.6815
ROI (45 -65 -45): length = 10mm; probability gray matter = 0.6815
ROI (-5 -5 45): length = 10mm; probability gray matter = 0.6823
ROI (5 -5 45): length = 10mm; probability gray matter = 0.6823
ROI (-5 -15 45): length = 10mm; probability gray matter = 0.6844
ROI (5 -15 45): length = 10mm; probability gray matter = 0.6844
ROI (-25 -85 -35): length = 10mm; probability gray matter = 0.6855
ROI (25 -85 -35): length = 10mm; probability gray matter = 0.6855
ROI (-35 -25 -25): length = 10mm; probability gray matter = 0.6876
ROI (35 -25 -25): length = 10mm; probability gray matter = 0.6876
ROI (-35 -15 -35): length = 10mm; probability gray matter = 0.6890
ROI (35 -15 -35): length = 10mm; probability gray matter = 0.6890
ROI (-25 -75 -15): length = 10mm; probability gray matter = 0.6912
ROI (25 -75 -15): length = 10mm; probability gray matter = 0.6912
ROI (-5 -45 -15): length = 10mm; probability gray matter = 0.6942
ROI (5 -45 -15): length = 10mm; probability gray matter = 0.6942
ROI (-55 -5 -15): length = 10mm; probability gray matter = 0.6953
ROI (55 -5 -15): length = 10mm; probability gray matter = 0.6953
ROI (-5 -65 -45): length = 10mm; probability gray matter = 0.6953
ROI (5 -65 -45): length = 10mm; probability gray matter = 0.6953
ROI (-55 -55 15): length = 10mm; probability gray matter = 0.6966
ROI (55 -55 15): length = 10mm; probability gray matter = 0.6966
ROI (-55 -55 -15): length = 10mm; probability gray matter = 0.6973
ROI (55 -55 -15): length = 10mm; probability gray matter = 0.6973
ROI (-25 -15 -25): length = 10mm; probability gray matter = 0.6980
ROI (25 -15 -25): length = 10mm; probability gray matter = 0.6980
ROI (-5 45 5): length = 10mm; probability gray matter = 0.6984
ROI (5 45 5): length = 10mm; probability gray matter = 0.6984
ROI (-25 35 -15): length = 10mm; probability gray matter = 0.6987
ROI (25 35 -15): length = 10mm; probability gray matter = 0.6987
ROI (-15 -75 -15): length = 10mm; probability gray matter = 0.7039
ROI (15 -75 -15): length = 10mm; probability gray matter = 0.7039
ROI (-15 -65 -25): length = 10mm; probability gray matter = 0.7064
ROI (15 -65 -25): length = 10mm; probability gray matter = 0.7064
ROI (-35 5 5): length = 10mm; probability gray matter = 0.7112
ROI (35 5 5): length = 10mm; probability gray matter = 0.7112
ROI (-5 -55 -55): length = 10mm; probability gray matter = 0.7115
ROI (5 -55 -55): length = 10mm; probability gray matter = 0.7115
ROI (-15 -55 5): length = 10mm; probability gray matter = 0.7116
ROI (15 -55 5): length = 10mm; probability gray matter = 0.7116
ROI (-25 -35 -15): length = 10mm; probability gray matter = 0.7155
ROI (25 -35 -15): length = 10mm; probability gray matter = 0.7155
ROI (-55 -25 -5): length = 10mm; probability gray matter = 0.7160
ROI (55 -25 -5): length = 10mm; probability gray matter = 0.7160
ROI (-45 -55 -15): length = 10mm; probability gray matter = 0.7186
ROI (45 -55 -15): length = 10mm; probability gray matter = 0.7186
ROI (-5 35 -15): length = 10mm; probability gray matter = 0.7219
ROI (5 35 -15): length = 10mm; probability gray matter = 0.7219
ROI (-35 -75 -25): length = 10mm; probability gray matter = 0.7221
ROI (35 -75 -25): length = 10mm; probability gray matter = 0.7221
ROI (-25 5 -35): length = 10mm; probability gray matter = 0.7223
ROI (25 5 -35): length = 10mm; probability gray matter = 0.7223
ROI (-35 -5 -45): length = 10mm; probability gray matter = 0.7245
ROI (35 -5 -45): length = 10mm; probability gray matter = 0.7245
ROI (-5 45 -5): length = 10mm; probability gray matter = 0.7309
ROI (5 45 -5): length = 10mm; probability gray matter = 0.7309
ROI (-35 15 5): length = 10mm; probability gray matter = 0.7364
ROI (35 15 5): length = 10mm; probability gray matter = 0.7364
ROI (-15 -45 -15): length = 10mm; probability gray matter = 0.7428
ROI (15 -45 -15): length = 10mm; probability gray matter = 0.7428
ROI (-5 -45 35): length = 10mm; probability gray matter = 0.7438
ROI (5 -45 35): length = 10mm; probability gray matter = 0.7438
ROI (-15 15 -5): length = 10mm; probability gray matter = 0.7472
ROI (15 15 -5): length = 10mm; probability gray matter = 0.7472
ROI (-5 -55 -15): length = 10mm; probability gray matter = 0.7496
ROI (5 -55 -15): length = 10mm; probability gray matter = 0.7496
ROI (-25 -75 -45): length = 10mm; probability gray matter = 0.7561
ROI (25 -75 -45): length = 10mm; probability gray matter = 0.7561
ROI (-25 -5 -15): length = 10mm; probability gray matter = 0.7566
ROI (25 -5 -15): length = 10mm; probability gray matter = 0.7566
ROI (-15 -65 -55): length = 10mm; probability gray matter = 0.7607
ROI (15 -65 -55): length = 10mm; probability gray matter = 0.7607
ROI (-25 -35 -25): length = 10mm; probability gray matter = 0.7611
ROI (25 -35 -25): length = 10mm; probability gray matter = 0.7611
ROI (-35 -65 -45): length = 10mm; probability gray matter = 0.7671
ROI (35 -65 -45): length = 10mm; probability gray matter = 0.7671
ROI (-5 -55 -45): length = 10mm; probability gray matter = 0.7672
ROI (5 -55 -45): length = 10mm; probability gray matter = 0.7672
ROI (-35 5 -5): length = 10mm; probability gray matter = 0.7684
ROI (35 5 -5): length = 10mm; probability gray matter = 0.7684
ROI (-35 -65 -55): length = 10mm; probability gray matter = 0.7686
ROI (35 -65 -55): length = 10mm; probability gray matter = 0.7686
ROI (-35 15 -5): length = 10mm; probability gray matter = 0.7686
ROI (35 15 -5): length = 10mm; probability gray matter = 0.7686
ROI (-35 -75 -45): length = 10mm; probability gray matter = 0.7704
ROI (35 -75 -45): length = 10mm; probability gray matter = 0.7704
ROI (-15 -75 -45): length = 10mm; probability gray matter = 0.7739
ROI (15 -75 -45): length = 10mm; probability gray matter = 0.7739
ROI (-25 -75 -35): length = 10mm; probability gray matter = 0.7763
ROI (25 -75 -35): length = 10mm; probability gray matter = 0.7763
ROI (-25 -5 -35): length = 10mm; probability gray matter = 0.7785
ROI (25 -5 -35): length = 10mm; probability gray matter = 0.7785
ROI (-45 -55 -35): length = 10mm; probability gray matter = 0.7789
ROI (45 -55 -35): length = 10mm; probability gray matter = 0.7789
ROI (-15 -85 -35): length = 10mm; probability gray matter = 0.7841
ROI (15 -85 -35): length = 10mm; probability gray matter = 0.7841
ROI (-25 -65 -15): length = 10mm; probability gray matter = 0.7852
ROI (25 -65 -15): length = 10mm; probability gray matter = 0.7852
ROI (-25 5 -5): length = 10mm; probability gray matter = 0.7876
ROI (25 5 -5): length = 10mm; probability gray matter = 0.7876
ROI (-35 -75 -35): length = 10mm; probability gray matter = 0.7936
ROI (35 -75 -35): length = 10mm; probability gray matter = 0.7936
ROI (-45 -55 -45): length = 10mm; probability gray matter = 0.7984
ROI (45 -55 -45): length = 10mm; probability gray matter = 0.7984
ROI (-25 -45 -15): length = 10mm; probability gray matter = 0.8053
ROI (25 -45 -15): length = 10mm; probability gray matter = 0.8053
ROI (-15 -65 -15): length = 10mm; probability gray matter = 0.8077
ROI (15 -65 -15): length = 10mm; probability gray matter = 0.8077
ROI (-35 -45 -25): length = 10mm; probability gray matter = 0.8092
ROI (35 -45 -25): length = 10mm; probability gray matter = 0.8092
ROI (-25 -55 -15): length = 10mm; probability gray matter = 0.8117
ROI (25 -55 -15): length = 10mm; probability gray matter = 0.8117
ROI (-35 -65 -25): length = 10mm; probability gray matter = 0.8120
ROI (35 -65 -25): length = 10mm; probability gray matter = 0.8120
ROI (-35 -5 -5): length = 10mm; probability gray matter = 0.8125
ROI (35 -5 -5): length = 10mm; probability gray matter = 0.8125
ROI (-45 -65 -35): length = 10mm; probability gray matter = 0.8141
ROI (45 -65 -35): length = 10mm; probability gray matter = 0.8141
ROI (-35 -55 -55): length = 10mm; probability gray matter = 0.8198
ROI (35 -55 -55): length = 10mm; probability gray matter = 0.8198
ROI (-15 -55 -15): length = 10mm; probability gray matter = 0.8257
ROI (15 -55 -15): length = 10mm; probability gray matter = 0.8257
ROI (-25 -65 -55): length = 10mm; probability gray matter = 0.8305
ROI (25 -65 -55): length = 10mm; probability gray matter = 0.8305
ROI (-25 -5 -25): length = 10mm; probability gray matter = 0.8374
ROI (25 -5 -25): length = 10mm; probability gray matter = 0.8374
ROI (-25 -55 -55): length = 10mm; probability gray matter = 0.8381
ROI (25 -55 -55): length = 10mm; probability gray matter = 0.8381
ROI (-25 -45 -25): length = 10mm; probability gray matter = 0.8384
ROI (25 -45 -25): length = 10mm; probability gray matter = 0.8384
ROI (-35 -55 -25): length = 10mm; probability gray matter = 0.8425
ROI (35 -55 -25): length = 10mm; probability gray matter = 0.8425
ROI (-25 -55 -25): length = 10mm; probability gray matter = 0.8444
ROI (25 -55 -25): length = 10mm; probability gray matter = 0.8444
ROI (-25 -75 -25): length = 10mm; probability gray matter = 0.8464
ROI (25 -75 -25): length = 10mm; probability gray matter = 0.8464
ROI (-15 -55 -55): length = 10mm; probability gray matter = 0.8490
ROI (15 -55 -55): length = 10mm; probability gray matter = 0.8490
ROI (-15 -75 -25): length = 10mm; probability gray matter = 0.8579
ROI (15 -75 -25): length = 10mm; probability gray matter = 0.8579
ROI (-25 -65 -25): length = 10mm; probability gray matter = 0.8841
ROI (25 -65 -25): length = 10mm; probability gray matter = 0.8841
