ROI (-10 -30 -10): length = 20mm; probability gray matter = 0.2549
ROI (10 -30 -10): length = 20mm; probability gray matter = 0.2549
ROI (-30 10 -50): length = 20mm; probability gray matter = 0.2602
ROI (30 10 -50): length = 20mm; probability gray matter = 0.2602
ROI (-70 -30 10): length = 20mm; probability gray matter = 0.2650
ROI (70 -30 10): length = 20mm; probability gray matter = 0.2650
ROI (-10 -30 70): length = 20mm; probability gray matter = 0.2676
ROI (10 -30 70): length = 20mm; probability gray matter = 0.2676
ROI (-10 -30 10): length = 20mm; probability gray matter = 0.2742
ROI (10 -30 10): length = 20mm; probability gray matter = 0.2742
ROI (-30 -90 -30): length = 20mm; probability gray matter = 0.2746
ROI (30 -90 -30): length = 20mm; probability gray matter = 0.2746
ROI (-10 -30 30): length = 20mm; probability gray matter = 0.2797
ROI (10 -30 30): length = 20mm; probability gray matter = 0.2797
ROI (-10 10 30): length = 20mm; probability gray matter = 0.2868
ROI (10 10 30): length = 20mm; probability gray matter = 0.2868
ROI (-10 10 70): length = 20mm; probability gray matter = 0.2939
ROI (10 10 70): length = 20mm; probability gray matter = 0.2939
ROI (-10 -90 30): length = 20mm; probability gray matter = 0.2951
ROI (10 -90 30): length = 20mm; probability gray matter = 0.2951
ROI (-10 -50 70): length = 20mm; probability gray matter = 0.2999
ROI (10 -50 70): length = 20mm; probability gray matter = 0.2999
ROI (-10 10 10): length = 20mm; probability gray matter = 0.3012
ROI (10 10 10): length = 20mm; probability gray matter = 0.3012
ROI (-30 -30 50): length = 20mm; probability gray matter = 0.3035
ROI (30 -30 50): length = 20mm; probability gray matter = 0.3035
ROI (-10 -90 -30): length = 20mm; probability gray matter = 0.3045
ROI (10 -90 -30): length = 20mm; probability gray matter = 0.3045
ROI (-50 30 30): length = 20mm; probability gray matter = 0.3144
ROI (50 30 30): length = 20mm; probability gray matter = 0.3144
ROI (-50 -70 -30): length = 20mm; probability gray matter = 0.3154
ROI (50 -70 -30): length = 20mm; probability gray matter = 0.3154
ROI (-10 30 -30): length = 20mm; probability gray matter = 0.3314
ROI (10 30 -30): length = 20mm; probability gray matter = 0.3314
ROI (-10 -50 -30): length = 20mm; probability gray matter = 0.3322
ROI (10 -50 -30): length = 20mm; probability gray matter = 0.3322
ROI (-70 -30 -10): length = 20mm; probability gray matter = 0.3336
ROI (70 -30 -10): length = 20mm; probability gray matter = 0.3336
ROI (-50 -10 50): length = 20mm; probability gray matter = 0.3344
ROI (50 -10 50): length = 20mm; probability gray matter = 0.3344
ROI (-50 -50 50): length = 20mm; probability gray matter = 0.3378
ROI (50 -50 50): length = 20mm; probability gray matter = 0.3378
ROI (-30 -70 50): length = 20mm; probability gray matter = 0.3400
ROI (30 -70 50): length = 20mm; probability gray matter = 0.3400
ROI (-10 -10 70): length = 20mm; probability gray matter = 0.3455
ROI (10 -10 70): length = 20mm; probability gray matter = 0.3455
ROI (-30 -10 50): length = 20mm; probability gray matter = 0.3528
ROI (30 -10 50): length = 20mm; probability gray matter = 0.3528
ROI (-50 -10 30): length = 20mm; probability gray matter = 0.3573
ROI (50 -10 30): length = 20mm; probability gray matter = 0.3573
ROI (-30 -10 10): length = 20mm; probability gray matter = 0.3601
ROI (30 -10 10): length = 20mm; probability gray matter = 0.3601
ROI (-50 30 -10): length = 20mm; probability gray matter = 0.3713
ROI (50 30 -10): length = 20mm; probability gray matter = 0.3713
ROI (-50 -70 30): length = 20mm; probability gray matter = 0.3719
ROI (50 -70 30): length = 20mm; probability gray matter = 0.3719
ROI (-30 30 50): length = 20mm; probability gray matter = 0.3744
ROI (30 30 50): length = 20mm; probability gray matter = 0.3744
ROI (-50 -30 -30): length = 20mm; probability gray matter = 0.3826
ROI (50 -30 -30): length = 20mm; probability gray matter = 0.3826
ROI (-30 -90 -10): length = 20mm; probability gray matter = 0.3869
ROI (30 -90 -10): length = 20mm; probability gray matter = 0.3869
ROI (-10 -10 50): length = 20mm; probability gray matter = 0.3895
ROI (10 -10 50): length = 20mm; probability gray matter = 0.3895
ROI (-30 -90 10): length = 20mm; probability gray matter = 0.3914
ROI (30 -90 10): length = 20mm; probability gray matter = 0.3914
ROI (-30 -50 50): length = 20mm; probability gray matter = 0.3915
ROI (30 -50 50): length = 20mm; probability gray matter = 0.3915
ROI (-30 50 30): length = 20mm; probability gray matter = 0.3920
ROI (30 50 30): length = 20mm; probability gray matter = 0.3920
ROI (-50 -30 50): length = 20mm; probability gray matter = 0.3921
ROI (50 -30 50): length = 20mm; probability gray matter = 0.3921
ROI (-50 -30 -10): length = 20mm; probability gray matter = 0.3922
ROI (50 -30 -10): length = 20mm; probability gray matter = 0.3922
ROI (-10 -70 50): length = 20mm; probability gray matter = 0.3931
ROI (10 -70 50): length = 20mm; probability gray matter = 0.3931
ROI (-10 -90 10): length = 20mm; probability gray matter = 0.4026
ROI (10 -90 10): length = 20mm; probability gray matter = 0.4026
ROI (-30 30 30): length = 20mm; probability gray matter = 0.4032
ROI (30 30 30): length = 20mm; probability gray matter = 0.4032
ROI (-10 10 50): length = 20mm; probability gray matter = 0.4035
ROI (10 10 50): length = 20mm; probability gray matter = 0.4035
ROI (-30 -70 30): length = 20mm; probability gray matter = 0.4042
ROI (30 -70 30): length = 20mm; probability gray matter = 0.4042
ROI (-10 30 -10): length = 20mm; probability gray matter = 0.4050
ROI (10 30 -10): length = 20mm; probability gray matter = 0.4050
ROI (-30 10 10): length = 20mm; probability gray matter = 0.4096
ROI (30 10 10): length = 20mm; probability gray matter = 0.4096
ROI (-10 -50 10): length = 20mm; probability gray matter = 0.4121
ROI (10 -50 10): length = 20mm; probability gray matter = 0.4121
ROI (-50 -30 30): length = 20mm; probability gray matter = 0.4145
ROI (50 -30 30): length = 20mm; probability gray matter = 0.4145
ROI (-10 -90 -10): length = 20mm; probability gray matter = 0.4169
ROI (10 -90 -10): length = 20mm; probability gray matter = 0.4169
ROI (-10 -30 50): length = 20mm; probability gray matter = 0.4241
ROI (10 -30 50): length = 20mm; probability gray matter = 0.4241
ROI (-10 30 30): length = 20mm; probability gray matter = 0.4266
ROI (10 30 30): length = 20mm; probability gray matter = 0.4266
ROI (-10 50 30): length = 20mm; probability gray matter = 0.4323
ROI (10 50 30): length = 20mm; probability gray matter = 0.4323
ROI (-10 30 50): length = 20mm; probability gray matter = 0.4341
ROI (10 30 50): length = 20mm; probability gray matter = 0.4341
ROI (-10 -50 50): length = 20mm; probability gray matter = 0.4342
ROI (10 -50 50): length = 20mm; probability gray matter = 0.4342
ROI (-50 30 10): length = 20mm; probability gray matter = 0.4416
ROI (50 30 10): length = 20mm; probability gray matter = 0.4416
ROI (-30 -30 -30): length = 20mm; probability gray matter = 0.4441
ROI (30 -30 -30): length = 20mm; probability gray matter = 0.4441
ROI (-10 -50 30): length = 20mm; probability gray matter = 0.4443
ROI (10 -50 30): length = 20mm; probability gray matter = 0.4443
ROI (-30 50 -10): length = 20mm; probability gray matter = 0.4472
ROI (30 50 -10): length = 20mm; probability gray matter = 0.4472
ROI (-50 10 -10): length = 20mm; probability gray matter = 0.4483
ROI (50 10 -10): length = 20mm; probability gray matter = 0.4483
ROI (-10 50 10): length = 20mm; probability gray matter = 0.4605
ROI (10 50 10): length = 20mm; probability gray matter = 0.4605
ROI (-30 30 -10): length = 20mm; probability gray matter = 0.4611
ROI (30 30 -10): length = 20mm; probability gray matter = 0.4611
ROI (-30 10 50): length = 20mm; probability gray matter = 0.4670
ROI (30 10 50): length = 20mm; probability gray matter = 0.4670
ROI (-50 -70 -10): length = 20mm; probability gray matter = 0.4677
ROI (50 -70 -10): length = 20mm; probability gray matter = 0.4677
ROI (-30 -30 -10): length = 20mm; probability gray matter = 0.4733
ROI (30 -30 -10): length = 20mm; probability gray matter = 0.4733
ROI (-50 10 -30): length = 20mm; probability gray matter = 0.4740
ROI (50 10 -30): length = 20mm; probability gray matter = 0.4740
ROI (-10 50 -10): length = 20mm; probability gray matter = 0.4754
ROI (10 50 -10): length = 20mm; probability gray matter = 0.4754
ROI (-50 -50 -30): length = 20mm; probability gray matter = 0.4781
ROI (50 -50 -30): length = 20mm; probability gray matter = 0.4781
ROI (-50 -10 -10): length = 20mm; probability gray matter = 0.4816
ROI (50 -10 -10): length = 20mm; probability gray matter = 0.4816
ROI (-50 -70 10): length = 20mm; probability gray matter = 0.4860
ROI (50 -70 10): length = 20mm; probability gray matter = 0.4860
ROI (-30 50 10): length = 20mm; probability gray matter = 0.4865
ROI (30 50 10): length = 20mm; probability gray matter = 0.4865
ROI (-30 -70 -10): length = 20mm; probability gray matter = 0.4921
ROI (30 -70 -10): length = 20mm; probability gray matter = 0.4921
ROI (-50 10 30): length = 20mm; probability gray matter = 0.4971
ROI (50 10 30): length = 20mm; probability gray matter = 0.4971
ROI (-50 -10 -30): length = 20mm; probability gray matter = 0.5021
ROI (50 -10 -30): length = 20mm; probability gray matter = 0.5021
ROI (-50 -50 30): length = 20mm; probability gray matter = 0.5032
ROI (50 -50 30): length = 20mm; probability gray matter = 0.5032
ROI (-50 -30 10): length = 20mm; probability gray matter = 0.5072
ROI (50 -30 10): length = 20mm; probability gray matter = 0.5072
ROI (-50 -50 -10): length = 20mm; probability gray matter = 0.5134
ROI (50 -50 -10): length = 20mm; probability gray matter = 0.5134
ROI (-50 -10 10): length = 20mm; probability gray matter = 0.5152
ROI (50 -10 10): length = 20mm; probability gray matter = 0.5152
ROI (-10 -70 30): length = 20mm; probability gray matter = 0.5173
ROI (10 -70 30): length = 20mm; probability gray matter = 0.5173
ROI (-50 10 10): length = 20mm; probability gray matter = 0.5185
ROI (50 10 10): length = 20mm; probability gray matter = 0.5185
ROI (-10 -70 10): length = 20mm; probability gray matter = 0.5235
ROI (10 -70 10): length = 20mm; probability gray matter = 0.5235
ROI (-30 -10 -10): length = 20mm; probability gray matter = 0.5258
ROI (30 -10 -10): length = 20mm; probability gray matter = 0.5258
ROI (-30 -50 -10): length = 20mm; probability gray matter = 0.5295
ROI (30 -50 -10): length = 20mm; probability gray matter = 0.5295
ROI (-10 -70 -50): length = 20mm; probability gray matter = 0.5314
ROI (10 -70 -50): length = 20mm; probability gray matter = 0.5314
ROI (-50 -50 10): length = 20mm; probability gray matter = 0.5362
ROI (50 -50 10): length = 20mm; probability gray matter = 0.5362
ROI (-30 10 -30): length = 20mm; probability gray matter = 0.5422
ROI (30 10 -30): length = 20mm; probability gray matter = 0.5422
ROI (-10 -70 -10): length = 20mm; probability gray matter = 0.5437
ROI (10 -70 -10): length = 20mm; probability gray matter = 0.5437
ROI (-10 -50 -50): length = 20mm; probability gray matter = 0.5657
ROI (10 -50 -50): length = 20mm; probability gray matter = 0.5657
ROI (-30 -50 -50): length = 20mm; probability gray matter = 0.5708
ROI (30 -50 -50): length = 20mm; probability gray matter = 0.5708
ROI (-10 10 -10): length = 20mm; probability gray matter = 0.5778
ROI (10 10 -10): length = 20mm; probability gray matter = 0.5778
ROI (-30 -10 -30): length = 20mm; probability gray matter = 0.6048
ROI (30 -10 -30): length = 20mm; probability gray matter = 0.6048
ROI (-10 -50 -10): length = 20mm; probability gray matter = 0.6131
ROI (10 -50 -10): length = 20mm; probability gray matter = 0.6131
ROI (-10 -70 -30): length = 20mm; probability gray matter = 0.6185
ROI (10 -70 -30): length = 20mm; probability gray matter = 0.6185
ROI (-30 -50 -30): length = 20mm; probability gray matter = 0.6307
ROI (30 -50 -30): length = 20mm; probability gray matter = 0.6307
ROI (-30 10 -10): length = 20mm; probability gray matter = 0.6541
ROI (30 10 -10): length = 20mm; probability gray matter = 0.6541
ROI (-30 -70 -50): length = 20mm; probability gray matter = 0.6572
ROI (30 -70 -50): length = 20mm; probability gray matter = 0.6572
ROI (-30 -70 -30): length = 20mm; probability gray matter = 0.7443
ROI (30 -70 -30): length = 20mm; probability gray matter = 0.7443
