ROI (-27 -63 9): length = 18mm; probability gray matter = 0.2507
ROI (27 -63 9): length = 18mm; probability gray matter = 0.2507
ROI (-27 -9 9): length = 18mm; probability gray matter = 0.2531
ROI (27 -9 9): length = 18mm; probability gray matter = 0.2531
ROI (-63 9 9): length = 18mm; probability gray matter = 0.2550
ROI (63 9 9): length = 18mm; probability gray matter = 0.2550
ROI (-27 -81 45): length = 18mm; probability gray matter = 0.2634
ROI (27 -81 45): length = 18mm; probability gray matter = 0.2634
ROI (-27 -81 9): length = 18mm; probability gray matter = 0.2649
ROI (27 -81 9): length = 18mm; probability gray matter = 0.2649
ROI (-27 -99 9): length = 18mm; probability gray matter = 0.2653
ROI (27 -99 9): length = 18mm; probability gray matter = 0.2653
ROI (-9 -45 -63): length = 18mm; probability gray matter = 0.2675
ROI (9 -45 -63): length = 18mm; probability gray matter = 0.2675
ROI (-27 -99 -9): length = 18mm; probability gray matter = 0.2694
ROI (27 -99 -9): length = 18mm; probability gray matter = 0.2694
ROI (-9 -9 9): length = 18mm; probability gray matter = 0.2702
ROI (9 -9 9): length = 18mm; probability gray matter = 0.2702
ROI (-45 -81 27): length = 18mm; probability gray matter = 0.2715
ROI (45 -81 27): length = 18mm; probability gray matter = 0.2715
ROI (-27 -63 27): length = 18mm; probability gray matter = 0.2719
ROI (27 -63 27): length = 18mm; probability gray matter = 0.2719
ROI (-9 63 27): length = 18mm; probability gray matter = 0.2775
ROI (9 63 27): length = 18mm; probability gray matter = 0.2775
ROI (-9 -27 63): length = 18mm; probability gray matter = 0.2782
ROI (9 -27 63): length = 18mm; probability gray matter = 0.2782
ROI (-9 27 63): length = 18mm; probability gray matter = 0.2805
ROI (9 27 63): length = 18mm; probability gray matter = 0.2805
ROI (-27 -27 63): length = 18mm; probability gray matter = 0.2871
ROI (27 -27 63): length = 18mm; probability gray matter = 0.2871
ROI (-45 -45 -9): length = 18mm; probability gray matter = 0.2872
ROI (45 -45 -9): length = 18mm; probability gray matter = 0.2872
ROI (-9 -81 45): length = 18mm; probability gray matter = 0.2902
ROI (9 -81 45): length = 18mm; probability gray matter = 0.2902
ROI (-9 -45 9): length = 18mm; probability gray matter = 0.2909
ROI (9 -45 9): length = 18mm; probability gray matter = 0.2909
ROI (-45 -27 -9): length = 18mm; probability gray matter = 0.2950
ROI (45 -27 -9): length = 18mm; probability gray matter = 0.2950
ROI (-27 45 9): length = 18mm; probability gray matter = 0.2955
ROI (27 45 9): length = 18mm; probability gray matter = 0.2955
ROI (-27 27 -27): length = 18mm; probability gray matter = 0.3030
ROI (27 27 -27): length = 18mm; probability gray matter = 0.3030
ROI (-45 9 -45): length = 18mm; probability gray matter = 0.3070
ROI (45 9 -45): length = 18mm; probability gray matter = 0.3070
ROI (-9 9 9): length = 18mm; probability gray matter = 0.3161
ROI (9 9 9): length = 18mm; probability gray matter = 0.3161
ROI (-9 -99 9): length = 18mm; probability gray matter = 0.3177
ROI (9 -99 9): length = 18mm; probability gray matter = 0.3177
ROI (-27 -45 45): length = 18mm; probability gray matter = 0.3186
ROI (27 -45 45): length = 18mm; probability gray matter = 0.3186
ROI (-9 -99 -9): length = 18mm; probability gray matter = 0.3210
ROI (9 -99 -9): length = 18mm; probability gray matter = 0.3210
ROI (-27 9 45): length = 18mm; probability gray matter = 0.3245
ROI (27 9 45): length = 18mm; probability gray matter = 0.3245
ROI (-9 -63 63): length = 18mm; probability gray matter = 0.3320
ROI (9 -63 63): length = 18mm; probability gray matter = 0.3320
ROI (-45 -45 27): length = 18mm; probability gray matter = 0.3328
ROI (45 -45 27): length = 18mm; probability gray matter = 0.3328
ROI (-45 -45 -45): length = 18mm; probability gray matter = 0.3333
ROI (45 -45 -45): length = 18mm; probability gray matter = 0.3333
ROI (-45 -27 27): length = 18mm; probability gray matter = 0.3365
ROI (45 -27 27): length = 18mm; probability gray matter = 0.3365
ROI (-63 -9 27): length = 18mm; probability gray matter = 0.3375
ROI (63 -9 27): length = 18mm; probability gray matter = 0.3375
ROI (-27 -63 -63): length = 18mm; probability gray matter = 0.3412
ROI (27 -63 -63): length = 18mm; probability gray matter = 0.3412
ROI (-9 -45 -27): length = 18mm; probability gray matter = 0.3477
ROI (9 -45 -27): length = 18mm; probability gray matter = 0.3477
ROI (-27 63 -9): length = 18mm; probability gray matter = 0.3561
ROI (27 63 -9): length = 18mm; probability gray matter = 0.3561
ROI (-27 63 9): length = 18mm; probability gray matter = 0.3568
ROI (27 63 9): length = 18mm; probability gray matter = 0.3568
ROI (-45 -45 9): length = 18mm; probability gray matter = 0.3585
ROI (45 -45 9): length = 18mm; probability gray matter = 0.3585
ROI (-9 -27 9): length = 18mm; probability gray matter = 0.3613
ROI (9 -27 9): length = 18mm; probability gray matter = 0.3613
ROI (-9 -45 -45): length = 18mm; probability gray matter = 0.3662
ROI (9 -45 -45): length = 18mm; probability gray matter = 0.3662
ROI (-9 45 -27): length = 18mm; probability gray matter = 0.3704
ROI (9 45 -27): length = 18mm; probability gray matter = 0.3704
ROI (-27 -9 -45): length = 18mm; probability gray matter = 0.3708
ROI (27 -9 -45): length = 18mm; probability gray matter = 0.3708
ROI (-63 -9 9): length = 18mm; probability gray matter = 0.3709
ROI (63 -9 9): length = 18mm; probability gray matter = 0.3709
ROI (-45 -9 -45): length = 18mm; probability gray matter = 0.3711
ROI (45 -9 -45): length = 18mm; probability gray matter = 0.3711
ROI (-27 -45 63): length = 18mm; probability gray matter = 0.3718
ROI (27 -45 63): length = 18mm; probability gray matter = 0.3718
ROI (-27 9 63): length = 18mm; probability gray matter = 0.3729
ROI (27 9 63): length = 18mm; probability gray matter = 0.3729
ROI (-45 -81 -9): length = 18mm; probability gray matter = 0.3821
ROI (45 -81 -9): length = 18mm; probability gray matter = 0.3821
ROI (-63 -9 -27): length = 18mm; probability gray matter = 0.3869
ROI (63 -9 -27): length = 18mm; probability gray matter = 0.3869
ROI (-63 -27 -27): length = 18mm; probability gray matter = 0.3888
ROI (63 -27 -27): length = 18mm; probability gray matter = 0.3888
ROI (-27 45 -9): length = 18mm; probability gray matter = 0.3890
ROI (27 45 -9): length = 18mm; probability gray matter = 0.3890
ROI (-45 -9 -27): length = 18mm; probability gray matter = 0.3923
ROI (45 -9 -27): length = 18mm; probability gray matter = 0.3923
ROI (-9 45 45): length = 18mm; probability gray matter = 0.3924
ROI (9 45 45): length = 18mm; probability gray matter = 0.3924
ROI (-45 -63 45): length = 18mm; probability gray matter = 0.3926
ROI (45 -63 45): length = 18mm; probability gray matter = 0.3926
ROI (-63 -45 27): length = 18mm; probability gray matter = 0.3941
ROI (63 -45 27): length = 18mm; probability gray matter = 0.3941
ROI (-27 -45 -45): length = 18mm; probability gray matter = 0.3995
ROI (27 -45 -45): length = 18mm; probability gray matter = 0.3995
ROI (-9 -45 63): length = 18mm; probability gray matter = 0.4040
ROI (9 -45 63): length = 18mm; probability gray matter = 0.4040
ROI (-9 63 9): length = 18mm; probability gray matter = 0.4046
ROI (9 63 9): length = 18mm; probability gray matter = 0.4046
ROI (-9 63 -9): length = 18mm; probability gray matter = 0.4051
ROI (9 63 -9): length = 18mm; probability gray matter = 0.4051
ROI (-9 27 45): length = 18mm; probability gray matter = 0.4060
ROI (9 27 45): length = 18mm; probability gray matter = 0.4060
ROI (-9 -9 63): length = 18mm; probability gray matter = 0.4116
ROI (9 -9 63): length = 18mm; probability gray matter = 0.4116
ROI (-45 -81 9): length = 18mm; probability gray matter = 0.4120
ROI (45 -81 9): length = 18mm; probability gray matter = 0.4120
ROI (-9 -45 27): length = 18mm; probability gray matter = 0.4133
ROI (9 -45 27): length = 18mm; probability gray matter = 0.4133
ROI (-27 -9 63): length = 18mm; probability gray matter = 0.4139
ROI (27 -9 63): length = 18mm; probability gray matter = 0.4139
ROI (-9 27 -9): length = 18mm; probability gray matter = 0.4146
ROI (9 27 -9): length = 18mm; probability gray matter = 0.4146
ROI (-27 27 -9): length = 18mm; probability gray matter = 0.4161
ROI (27 27 -9): length = 18mm; probability gray matter = 0.4161
ROI (-27 -63 45): length = 18mm; probability gray matter = 0.4165
ROI (27 -63 45): length = 18mm; probability gray matter = 0.4165
ROI (-27 -81 -9): length = 18mm; probability gray matter = 0.4187
ROI (27 -81 -9): length = 18mm; probability gray matter = 0.4187
ROI (-45 -9 45): length = 18mm; probability gray matter = 0.4248
ROI (45 -9 45): length = 18mm; probability gray matter = 0.4248
ROI (-27 9 9): length = 18mm; probability gray matter = 0.4267
ROI (27 9 9): length = 18mm; probability gray matter = 0.4267
ROI (-9 -81 -45): length = 18mm; probability gray matter = 0.4269
ROI (9 -81 -45): length = 18mm; probability gray matter = 0.4269
ROI (-9 -81 27): length = 18mm; probability gray matter = 0.4272
ROI (9 -81 27): length = 18mm; probability gray matter = 0.4272
ROI (-63 -27 27): length = 18mm; probability gray matter = 0.4316
ROI (63 -27 27): length = 18mm; probability gray matter = 0.4316
ROI (-45 45 -9): length = 18mm; probability gray matter = 0.4323
ROI (45 45 -9): length = 18mm; probability gray matter = 0.4323
ROI (-9 9 45): length = 18mm; probability gray matter = 0.4341
ROI (9 9 45): length = 18mm; probability gray matter = 0.4341
ROI (-9 -81 -9): length = 18mm; probability gray matter = 0.4344
ROI (9 -81 -9): length = 18mm; probability gray matter = 0.4344
ROI (-9 45 27): length = 18mm; probability gray matter = 0.4357
ROI (9 45 27): length = 18mm; probability gray matter = 0.4357
ROI (-9 -63 45): length = 18mm; probability gray matter = 0.4416
ROI (9 -63 45): length = 18mm; probability gray matter = 0.4416
ROI (-9 27 -27): length = 18mm; probability gray matter = 0.4432
ROI (9 27 -27): length = 18mm; probability gray matter = 0.4432
ROI (-27 -27 -9): length = 18mm; probability gray matter = 0.4531
ROI (27 -27 -9): length = 18mm; probability gray matter = 0.4531
ROI (-9 -81 9): length = 18mm; probability gray matter = 0.4532
ROI (9 -81 9): length = 18mm; probability gray matter = 0.4532
ROI (-9 -9 45): length = 18mm; probability gray matter = 0.4533
ROI (9 -9 45): length = 18mm; probability gray matter = 0.4533
ROI (-63 -9 -9): length = 18mm; probability gray matter = 0.4534
ROI (63 -9 -9): length = 18mm; probability gray matter = 0.4534
ROI (-63 -27 9): length = 18mm; probability gray matter = 0.4565
ROI (63 -27 9): length = 18mm; probability gray matter = 0.4565
ROI (-27 9 -45): length = 18mm; probability gray matter = 0.4591
ROI (27 9 -45): length = 18mm; probability gray matter = 0.4591
ROI (-45 -27 45): length = 18mm; probability gray matter = 0.4591
ROI (45 -27 45): length = 18mm; probability gray matter = 0.4591
ROI (-45 -27 -27): length = 18mm; probability gray matter = 0.4601
ROI (45 -27 -27): length = 18mm; probability gray matter = 0.4601
ROI (-27 -81 27): length = 18mm; probability gray matter = 0.4603
ROI (27 -81 27): length = 18mm; probability gray matter = 0.4603
ROI (-9 9 63): length = 18mm; probability gray matter = 0.4628
ROI (9 9 63): length = 18mm; probability gray matter = 0.4628
ROI (-9 27 27): length = 18mm; probability gray matter = 0.4638
ROI (9 27 27): length = 18mm; probability gray matter = 0.4638
ROI (-45 45 9): length = 18mm; probability gray matter = 0.4676
ROI (45 45 9): length = 18mm; probability gray matter = 0.4676
ROI (-45 27 9): length = 18mm; probability gray matter = 0.4677
ROI (45 27 9): length = 18mm; probability gray matter = 0.4677
ROI (-45 9 45): length = 18mm; probability gray matter = 0.4687
ROI (45 9 45): length = 18mm; probability gray matter = 0.4687
ROI (-45 -27 9): length = 18mm; probability gray matter = 0.4690
ROI (45 -27 9): length = 18mm; probability gray matter = 0.4690
ROI (-27 -9 -9): length = 18mm; probability gray matter = 0.4899
ROI (27 -9 -9): length = 18mm; probability gray matter = 0.4899
ROI (-63 -45 -9): length = 18mm; probability gray matter = 0.4907
ROI (63 -45 -9): length = 18mm; probability gray matter = 0.4907
ROI (-27 -27 -27): length = 18mm; probability gray matter = 0.4930
ROI (27 -27 -27): length = 18mm; probability gray matter = 0.4930
ROI (-45 -9 -9): length = 18mm; probability gray matter = 0.4977
ROI (45 -9 -9): length = 18mm; probability gray matter = 0.4977
ROI (-9 45 -9): length = 18mm; probability gray matter = 0.4998
ROI (9 45 -9): length = 18mm; probability gray matter = 0.4998
ROI (-45 -45 45): length = 18mm; probability gray matter = 0.5009
ROI (45 -45 45): length = 18mm; probability gray matter = 0.5009
ROI (-63 -45 9): length = 18mm; probability gray matter = 0.5010
ROI (63 -45 9): length = 18mm; probability gray matter = 0.5010
ROI (-9 -45 -9): length = 18mm; probability gray matter = 0.5029
ROI (9 -45 -9): length = 18mm; probability gray matter = 0.5029
ROI (-45 27 27): length = 18mm; probability gray matter = 0.5103
ROI (45 27 27): length = 18mm; probability gray matter = 0.5103
ROI (-45 9 9): length = 18mm; probability gray matter = 0.5124
ROI (45 9 9): length = 18mm; probability gray matter = 0.5124
ROI (-45 9 -9): length = 18mm; probability gray matter = 0.5133
ROI (45 9 -9): length = 18mm; probability gray matter = 0.5133
ROI (-27 9 -27): length = 18mm; probability gray matter = 0.5234
ROI (27 9 -27): length = 18mm; probability gray matter = 0.5234
ROI (-27 -63 -9): length = 18mm; probability gray matter = 0.5252
ROI (27 -63 -9): length = 18mm; probability gray matter = 0.5252
ROI (-45 9 27): length = 18mm; probability gray matter = 0.5288
ROI (45 9 27): length = 18mm; probability gray matter = 0.5288
ROI (-45 27 -9): length = 18mm; probability gray matter = 0.5296
ROI (45 27 -9): length = 18mm; probability gray matter = 0.5296
ROI (-9 -45 45): length = 18mm; probability gray matter = 0.5302
ROI (9 -45 45): length = 18mm; probability gray matter = 0.5302
ROI (-45 -63 9): length = 18mm; probability gray matter = 0.5305
ROI (45 -63 9): length = 18mm; probability gray matter = 0.5305
ROI (-27 27 45): length = 18mm; probability gray matter = 0.5377
ROI (27 27 45): length = 18mm; probability gray matter = 0.5377
ROI (-27 45 27): length = 18mm; probability gray matter = 0.5387
ROI (27 45 27): length = 18mm; probability gray matter = 0.5387
ROI (-9 45 9): length = 18mm; probability gray matter = 0.5400
ROI (9 45 9): length = 18mm; probability gray matter = 0.5400
ROI (-45 -63 27): length = 18mm; probability gray matter = 0.5463
ROI (45 -63 27): length = 18mm; probability gray matter = 0.5463
ROI (-27 -81 -45): length = 18mm; probability gray matter = 0.5463
ROI (27 -81 -45): length = 18mm; probability gray matter = 0.5463
ROI (-9 -63 -27): length = 18mm; probability gray matter = 0.5465
ROI (9 -63 -27): length = 18mm; probability gray matter = 0.5465
ROI (-9 -27 45): length = 18mm; probability gray matter = 0.5492
ROI (9 -27 45): length = 18mm; probability gray matter = 0.5492
ROI (-27 -63 -45): length = 18mm; probability gray matter = 0.5498
ROI (27 -63 -45): length = 18mm; probability gray matter = 0.5498
ROI (-45 9 -27): length = 18mm; probability gray matter = 0.5528
ROI (45 9 -27): length = 18mm; probability gray matter = 0.5528
ROI (-9 -63 -9): length = 18mm; probability gray matter = 0.5667
ROI (9 -63 -9): length = 18mm; probability gray matter = 0.5667
ROI (-63 -27 -9): length = 18mm; probability gray matter = 0.5733
ROI (63 -27 -9): length = 18mm; probability gray matter = 0.5733
ROI (-45 -63 -9): length = 18mm; probability gray matter = 0.5808
ROI (45 -63 -9): length = 18mm; probability gray matter = 0.5808
ROI (-9 -63 27): length = 18mm; probability gray matter = 0.5845
ROI (9 -63 27): length = 18mm; probability gray matter = 0.5845
ROI (-45 -9 9): length = 18mm; probability gray matter = 0.5856
ROI (45 -9 9): length = 18mm; probability gray matter = 0.5856
ROI (-45 -45 -27): length = 18mm; probability gray matter = 0.5916
ROI (45 -45 -27): length = 18mm; probability gray matter = 0.5916
ROI (-9 -81 -27): length = 18mm; probability gray matter = 0.5925
ROI (9 -81 -27): length = 18mm; probability gray matter = 0.5925
ROI (-9 -63 9): length = 18mm; probability gray matter = 0.5936
ROI (9 -63 9): length = 18mm; probability gray matter = 0.5936
ROI (-27 -45 -9): length = 18mm; probability gray matter = 0.5939
ROI (27 -45 -9): length = 18mm; probability gray matter = 0.5939
ROI (-9 9 -9): length = 18mm; probability gray matter = 0.5990
ROI (9 9 -9): length = 18mm; probability gray matter = 0.5990
ROI (-45 -63 -27): length = 18mm; probability gray matter = 0.6037
ROI (45 -63 -27): length = 18mm; probability gray matter = 0.6037
ROI (-45 -63 -45): length = 18mm; probability gray matter = 0.6075
ROI (45 -63 -45): length = 18mm; probability gray matter = 0.6075
ROI (-9 -63 -45): length = 18mm; probability gray matter = 0.6279
ROI (9 -63 -45): length = 18mm; probability gray matter = 0.6279
ROI (-27 9 -9): length = 18mm; probability gray matter = 0.6805
ROI (27 9 -9): length = 18mm; probability gray matter = 0.6805
ROI (-27 -81 -27): length = 18mm; probability gray matter = 0.6870
ROI (27 -81 -27): length = 18mm; probability gray matter = 0.6870
ROI (-27 -9 -27): length = 18mm; probability gray matter = 0.6980
ROI (27 -9 -27): length = 18mm; probability gray matter = 0.6980
ROI (-27 -45 -27): length = 18mm; probability gray matter = 0.7036
ROI (27 -45 -27): length = 18mm; probability gray matter = 0.7036
ROI (-27 -63 -27): length = 18mm; probability gray matter = 0.7616
ROI (27 -63 -27): length = 18mm; probability gray matter = 0.7616
