ROI (-8 56 40): length = 16mm; probability gray matter = 0.2508
ROI (8 56 40): length = 16mm; probability gray matter = 0.2508
ROI (-56 -72 -8): length = 16mm; probability gray matter = 0.2520
ROI (56 -72 -8): length = 16mm; probability gray matter = 0.2520
ROI (-24 -8 72): length = 16mm; probability gray matter = 0.2537
ROI (24 -8 72): length = 16mm; probability gray matter = 0.2537
ROI (-56 8 40): length = 16mm; probability gray matter = 0.2542
ROI (56 8 40): length = 16mm; probability gray matter = 0.2542
ROI (-8 -40 24): length = 16mm; probability gray matter = 0.2556
ROI (8 -40 24): length = 16mm; probability gray matter = 0.2556
ROI (-24 -40 -40): length = 16mm; probability gray matter = 0.2581
ROI (24 -40 -40): length = 16mm; probability gray matter = 0.2581
ROI (-24 -40 -56): length = 16mm; probability gray matter = 0.2630
ROI (24 -40 -56): length = 16mm; probability gray matter = 0.2630
ROI (-8 -24 72): length = 16mm; probability gray matter = 0.2636
ROI (8 -24 72): length = 16mm; probability gray matter = 0.2636
ROI (-40 -56 8): length = 16mm; probability gray matter = 0.2641
ROI (40 -56 8): length = 16mm; probability gray matter = 0.2641
ROI (-56 -72 8): length = 16mm; probability gray matter = 0.2668
ROI (56 -72 8): length = 16mm; probability gray matter = 0.2668
ROI (-24 24 8): length = 16mm; probability gray matter = 0.2683
ROI (24 24 8): length = 16mm; probability gray matter = 0.2683
ROI (-24 40 -8): length = 16mm; probability gray matter = 0.2709
ROI (24 40 -8): length = 16mm; probability gray matter = 0.2709
ROI (-72 -24 -8): length = 16mm; probability gray matter = 0.2711
ROI (72 -24 -8): length = 16mm; probability gray matter = 0.2711
ROI (-56 24 24): length = 16mm; probability gray matter = 0.2718
ROI (56 24 24): length = 16mm; probability gray matter = 0.2718
ROI (-8 8 -24): length = 16mm; probability gray matter = 0.2728
ROI (8 8 -24): length = 16mm; probability gray matter = 0.2728
ROI (-24 -56 40): length = 16mm; probability gray matter = 0.2738
ROI (24 -56 40): length = 16mm; probability gray matter = 0.2738
ROI (-24 40 -24): length = 16mm; probability gray matter = 0.2764
ROI (24 40 -24): length = 16mm; probability gray matter = 0.2764
ROI (-8 8 72): length = 16mm; probability gray matter = 0.2776
ROI (8 8 72): length = 16mm; probability gray matter = 0.2776
ROI (-8 -8 8): length = 16mm; probability gray matter = 0.2780
ROI (8 -8 8): length = 16mm; probability gray matter = 0.2780
ROI (-40 -40 -40): length = 16mm; probability gray matter = 0.2855
ROI (40 -40 -40): length = 16mm; probability gray matter = 0.2855
ROI (-40 -8 -24): length = 16mm; probability gray matter = 0.2874
ROI (40 -8 -24): length = 16mm; probability gray matter = 0.2874
ROI (-8 -40 72): length = 16mm; probability gray matter = 0.2908
ROI (8 -40 72): length = 16mm; probability gray matter = 0.2908
ROI (-40 -56 56): length = 16mm; probability gray matter = 0.2939
ROI (40 -56 56): length = 16mm; probability gray matter = 0.2939
ROI (-40 -24 -8): length = 16mm; probability gray matter = 0.2945
ROI (40 -24 -8): length = 16mm; probability gray matter = 0.2945
ROI (-8 -72 56): length = 16mm; probability gray matter = 0.3029
ROI (8 -72 56): length = 16mm; probability gray matter = 0.3029
ROI (-40 -24 56): length = 16mm; probability gray matter = 0.3066
ROI (40 -24 56): length = 16mm; probability gray matter = 0.3066
ROI (-8 -24 56): length = 16mm; probability gray matter = 0.3081
ROI (8 -24 56): length = 16mm; probability gray matter = 0.3081
ROI (-40 -8 40): length = 16mm; probability gray matter = 0.3118
ROI (40 -8 40): length = 16mm; probability gray matter = 0.3118
ROI (-24 -40 56): length = 16mm; probability gray matter = 0.3129
ROI (24 -40 56): length = 16mm; probability gray matter = 0.3129
ROI (-8 -88 -40): length = 16mm; probability gray matter = 0.3238
ROI (8 -88 -40): length = 16mm; probability gray matter = 0.3238
ROI (-8 8 8): length = 16mm; probability gray matter = 0.3267
ROI (8 8 8): length = 16mm; probability gray matter = 0.3267
ROI (-24 -24 -8): length = 16mm; probability gray matter = 0.3272
ROI (24 -24 -8): length = 16mm; probability gray matter = 0.3272
ROI (-8 -8 72): length = 16mm; probability gray matter = 0.3315
ROI (8 -8 72): length = 16mm; probability gray matter = 0.3315
ROI (-40 -24 24): length = 16mm; probability gray matter = 0.3351
ROI (40 -24 24): length = 16mm; probability gray matter = 0.3351
ROI (-8 -40 -8): length = 16mm; probability gray matter = 0.3360
ROI (8 -40 -8): length = 16mm; probability gray matter = 0.3360
ROI (-24 -88 8): length = 16mm; probability gray matter = 0.3361
ROI (24 -88 8): length = 16mm; probability gray matter = 0.3361
ROI (-56 -8 -40): length = 16mm; probability gray matter = 0.3369
ROI (56 -8 -40): length = 16mm; probability gray matter = 0.3369
ROI (-8 -88 -24): length = 16mm; probability gray matter = 0.3396
ROI (8 -88 -24): length = 16mm; probability gray matter = 0.3396
ROI (-8 56 -24): length = 16mm; probability gray matter = 0.3491
ROI (8 56 -24): length = 16mm; probability gray matter = 0.3491
ROI (-56 -56 40): length = 16mm; probability gray matter = 0.3523
ROI (56 -56 40): length = 16mm; probability gray matter = 0.3523
ROI (-40 56 8): length = 16mm; probability gray matter = 0.3539
ROI (40 56 8): length = 16mm; probability gray matter = 0.3539
ROI (-24 40 24): length = 16mm; probability gray matter = 0.3549
ROI (24 40 24): length = 16mm; probability gray matter = 0.3549
ROI (-8 -40 -24): length = 16mm; probability gray matter = 0.3618
ROI (8 -40 -24): length = 16mm; probability gray matter = 0.3618
ROI (-56 -56 -24): length = 16mm; probability gray matter = 0.3645
ROI (56 -56 -24): length = 16mm; probability gray matter = 0.3645
ROI (-24 -56 56): length = 16mm; probability gray matter = 0.3646
ROI (24 -56 56): length = 16mm; probability gray matter = 0.3646
ROI (-40 -56 24): length = 16mm; probability gray matter = 0.3689
ROI (40 -56 24): length = 16mm; probability gray matter = 0.3689
ROI (-40 -24 40): length = 16mm; probability gray matter = 0.3703
ROI (40 -24 40): length = 16mm; probability gray matter = 0.3703
ROI (-40 56 -8): length = 16mm; probability gray matter = 0.3716
ROI (40 56 -8): length = 16mm; probability gray matter = 0.3716
ROI (-40 -88 -8): length = 16mm; probability gray matter = 0.3731
ROI (40 -88 -8): length = 16mm; probability gray matter = 0.3731
ROI (-24 -56 8): length = 16mm; probability gray matter = 0.3737
ROI (24 -56 8): length = 16mm; probability gray matter = 0.3737
ROI (-24 -72 24): length = 16mm; probability gray matter = 0.3743
ROI (24 -72 24): length = 16mm; probability gray matter = 0.3743
ROI (-56 24 8): length = 16mm; probability gray matter = 0.3800
ROI (56 24 8): length = 16mm; probability gray matter = 0.3800
ROI (-24 24 -8): length = 16mm; probability gray matter = 0.3818
ROI (24 24 -8): length = 16mm; probability gray matter = 0.3818
ROI (-40 -40 56): length = 16mm; probability gray matter = 0.3841
ROI (40 -40 56): length = 16mm; probability gray matter = 0.3841
ROI (-40 -56 -8): length = 16mm; probability gray matter = 0.3852
ROI (40 -56 -8): length = 16mm; probability gray matter = 0.3852
ROI (-8 -8 56): length = 16mm; probability gray matter = 0.3895
ROI (8 -8 56): length = 16mm; probability gray matter = 0.3895
ROI (-8 -88 24): length = 16mm; probability gray matter = 0.3916
ROI (8 -88 24): length = 16mm; probability gray matter = 0.3916
ROI (-24 24 -24): length = 16mm; probability gray matter = 0.3922
ROI (24 24 -24): length = 16mm; probability gray matter = 0.3922
ROI (-40 8 56): length = 16mm; probability gray matter = 0.3925
ROI (40 8 56): length = 16mm; probability gray matter = 0.3925
ROI (-24 24 40): length = 16mm; probability gray matter = 0.3928
ROI (24 24 40): length = 16mm; probability gray matter = 0.3928
ROI (-40 24 -24): length = 16mm; probability gray matter = 0.3941
ROI (40 24 -24): length = 16mm; probability gray matter = 0.3941
ROI (-24 -88 -40): length = 16mm; probability gray matter = 0.3954
ROI (24 -88 -40): length = 16mm; probability gray matter = 0.3954
ROI (-24 -88 -8): length = 16mm; probability gray matter = 0.3991
ROI (24 -88 -8): length = 16mm; probability gray matter = 0.3991
ROI (-24 8 8): length = 16mm; probability gray matter = 0.4009
ROI (24 8 8): length = 16mm; probability gray matter = 0.4009
ROI (-40 -8 56): length = 16mm; probability gray matter = 0.4024
ROI (40 -8 56): length = 16mm; probability gray matter = 0.4024
ROI (-40 -88 8): length = 16mm; probability gray matter = 0.4045
ROI (40 -88 8): length = 16mm; probability gray matter = 0.4045
ROI (-56 -8 40): length = 16mm; probability gray matter = 0.4072
ROI (56 -8 40): length = 16mm; probability gray matter = 0.4072
ROI (-24 24 56): length = 16mm; probability gray matter = 0.4120
ROI (24 24 56): length = 16mm; probability gray matter = 0.4120
ROI (-40 8 24): length = 16mm; probability gray matter = 0.4224
ROI (40 8 24): length = 16mm; probability gray matter = 0.4224
ROI (-8 40 40): length = 16mm; probability gray matter = 0.4228
ROI (8 40 40): length = 16mm; probability gray matter = 0.4228
ROI (-8 -40 56): length = 16mm; probability gray matter = 0.4243
ROI (8 -40 56): length = 16mm; probability gray matter = 0.4243
ROI (-56 -8 24): length = 16mm; probability gray matter = 0.4266
ROI (56 -8 24): length = 16mm; probability gray matter = 0.4266
ROI (-8 24 24): length = 16mm; probability gray matter = 0.4266
ROI (8 24 24): length = 16mm; probability gray matter = 0.4266
ROI (-40 -72 8): length = 16mm; probability gray matter = 0.4284
ROI (40 -72 8): length = 16mm; probability gray matter = 0.4284
ROI (-40 -56 40): length = 16mm; probability gray matter = 0.4291
ROI (40 -56 40): length = 16mm; probability gray matter = 0.4291
ROI (-24 -88 24): length = 16mm; probability gray matter = 0.4296
ROI (24 -88 24): length = 16mm; probability gray matter = 0.4296
ROI (-56 8 -24): length = 16mm; probability gray matter = 0.4310
ROI (56 8 -24): length = 16mm; probability gray matter = 0.4310
ROI (-24 56 24): length = 16mm; probability gray matter = 0.4310
ROI (24 56 24): length = 16mm; probability gray matter = 0.4310
ROI (-56 8 -8): length = 16mm; probability gray matter = 0.4323
ROI (56 8 -8): length = 16mm; probability gray matter = 0.4323
ROI (-24 -8 56): length = 16mm; probability gray matter = 0.4335
ROI (24 -8 56): length = 16mm; probability gray matter = 0.4335
ROI (-8 8 56): length = 16mm; probability gray matter = 0.4341
ROI (8 8 56): length = 16mm; probability gray matter = 0.4341
ROI (-24 -8 -8): length = 16mm; probability gray matter = 0.4386
ROI (24 -8 -8): length = 16mm; probability gray matter = 0.4386
ROI (-40 -72 40): length = 16mm; probability gray matter = 0.4415
ROI (40 -72 40): length = 16mm; probability gray matter = 0.4415
ROI (-8 24 -8): length = 16mm; probability gray matter = 0.4417
ROI (8 24 -8): length = 16mm; probability gray matter = 0.4417
ROI (-40 24 8): length = 16mm; probability gray matter = 0.4429
ROI (40 24 8): length = 16mm; probability gray matter = 0.4429
ROI (-56 8 24): length = 16mm; probability gray matter = 0.4441
ROI (56 8 24): length = 16mm; probability gray matter = 0.4441
ROI (-40 24 24): length = 16mm; probability gray matter = 0.4445
ROI (40 24 24): length = 16mm; probability gray matter = 0.4445
ROI (-8 -88 -8): length = 16mm; probability gray matter = 0.4466
ROI (8 -88 -8): length = 16mm; probability gray matter = 0.4466
ROI (-8 -24 8): length = 16mm; probability gray matter = 0.4481
ROI (8 -24 8): length = 16mm; probability gray matter = 0.4481
ROI (-24 -72 40): length = 16mm; probability gray matter = 0.4482
ROI (24 -72 40): length = 16mm; probability gray matter = 0.4482
ROI (-8 -88 8): length = 16mm; probability gray matter = 0.4509
ROI (8 -88 8): length = 16mm; probability gray matter = 0.4509
ROI (-40 -40 40): length = 16mm; probability gray matter = 0.4574
ROI (40 -40 40): length = 16mm; probability gray matter = 0.4574
ROI (-8 -72 -8): length = 16mm; probability gray matter = 0.4576
ROI (8 -72 -8): length = 16mm; probability gray matter = 0.4576
ROI (-40 -72 -8): length = 16mm; probability gray matter = 0.4588
ROI (40 -72 -8): length = 16mm; probability gray matter = 0.4588
ROI (-40 8 -24): length = 16mm; probability gray matter = 0.4589
ROI (40 8 -24): length = 16mm; probability gray matter = 0.4589
ROI (-8 56 24): length = 16mm; probability gray matter = 0.4590
ROI (8 56 24): length = 16mm; probability gray matter = 0.4590
ROI (-40 -24 8): length = 16mm; probability gray matter = 0.4594
ROI (40 -24 8): length = 16mm; probability gray matter = 0.4594
ROI (-8 24 40): length = 16mm; probability gray matter = 0.4612
ROI (8 24 40): length = 16mm; probability gray matter = 0.4612
ROI (-8 -8 40): length = 16mm; probability gray matter = 0.4644
ROI (8 -8 40): length = 16mm; probability gray matter = 0.4644
ROI (-40 40 -8): length = 16mm; probability gray matter = 0.4650
ROI (40 40 -8): length = 16mm; probability gray matter = 0.4650
ROI (-8 24 56): length = 16mm; probability gray matter = 0.4684
ROI (8 24 56): length = 16mm; probability gray matter = 0.4684
ROI (-8 -56 56): length = 16mm; probability gray matter = 0.4689
ROI (8 -56 56): length = 16mm; probability gray matter = 0.4689
ROI (-8 -56 -24): length = 16mm; probability gray matter = 0.4690
ROI (8 -56 -24): length = 16mm; probability gray matter = 0.4690
ROI (-8 -72 40): length = 16mm; probability gray matter = 0.4725
ROI (8 -72 40): length = 16mm; probability gray matter = 0.4725
ROI (-24 8 56): length = 16mm; probability gray matter = 0.4855
ROI (24 8 56): length = 16mm; probability gray matter = 0.4855
ROI (-24 56 8): length = 16mm; probability gray matter = 0.4899
ROI (24 56 8): length = 16mm; probability gray matter = 0.4899
ROI (-56 -24 8): length = 16mm; probability gray matter = 0.4909
ROI (56 -24 8): length = 16mm; probability gray matter = 0.4909
ROI (-8 56 8): length = 16mm; probability gray matter = 0.4925
ROI (8 56 8): length = 16mm; probability gray matter = 0.4925
ROI (-8 56 -8): length = 16mm; probability gray matter = 0.4928
ROI (8 56 -8): length = 16mm; probability gray matter = 0.4928
ROI (-56 -40 -8): length = 16mm; probability gray matter = 0.4941
ROI (56 -40 -8): length = 16mm; probability gray matter = 0.4941
ROI (-24 -72 -8): length = 16mm; probability gray matter = 0.4943
ROI (24 -72 -8): length = 16mm; probability gray matter = 0.4943
ROI (-40 40 8): length = 16mm; probability gray matter = 0.4962
ROI (40 40 8): length = 16mm; probability gray matter = 0.4962
ROI (-40 -72 24): length = 16mm; probability gray matter = 0.4977
ROI (40 -72 24): length = 16mm; probability gray matter = 0.4977
ROI (-24 -24 -24): length = 16mm; probability gray matter = 0.4983
ROI (24 -24 -24): length = 16mm; probability gray matter = 0.4983
ROI (-56 8 8): length = 16mm; probability gray matter = 0.4987
ROI (56 8 8): length = 16mm; probability gray matter = 0.4987
ROI (-56 -24 40): length = 16mm; probability gray matter = 0.5002
ROI (56 -24 40): length = 16mm; probability gray matter = 0.5002
ROI (-40 24 40): length = 16mm; probability gray matter = 0.5026
ROI (40 24 40): length = 16mm; probability gray matter = 0.5026
ROI (-8 40 -24): length = 16mm; probability gray matter = 0.5042
ROI (8 40 -24): length = 16mm; probability gray matter = 0.5042
ROI (-24 -8 -40): length = 16mm; probability gray matter = 0.5051
ROI (24 -8 -40): length = 16mm; probability gray matter = 0.5051
ROI (-8 8 40): length = 16mm; probability gray matter = 0.5064
ROI (8 8 40): length = 16mm; probability gray matter = 0.5064
ROI (-56 -40 40): length = 16mm; probability gray matter = 0.5065
ROI (56 -40 40): length = 16mm; probability gray matter = 0.5065
ROI (-24 -72 -56): length = 16mm; probability gray matter = 0.5066
ROI (24 -72 -56): length = 16mm; probability gray matter = 0.5066
ROI (-24 -88 -24): length = 16mm; probability gray matter = 0.5113
ROI (24 -88 -24): length = 16mm; probability gray matter = 0.5113
ROI (-24 56 -8): length = 16mm; probability gray matter = 0.5113
ROI (24 56 -8): length = 16mm; probability gray matter = 0.5113
ROI (-8 -56 40): length = 16mm; probability gray matter = 0.5124
ROI (8 -56 40): length = 16mm; probability gray matter = 0.5124
ROI (-8 -56 -40): length = 16mm; probability gray matter = 0.5129
ROI (8 -56 -40): length = 16mm; probability gray matter = 0.5129
ROI (-24 40 40): length = 16mm; probability gray matter = 0.5139
ROI (24 40 40): length = 16mm; probability gray matter = 0.5139
ROI (-56 -40 -24): length = 16mm; probability gray matter = 0.5142
ROI (56 -40 -24): length = 16mm; probability gray matter = 0.5142
ROI (-40 8 40): length = 16mm; probability gray matter = 0.5176
ROI (40 8 40): length = 16mm; probability gray matter = 0.5176
ROI (-40 -8 -8): length = 16mm; probability gray matter = 0.5258
ROI (40 -8 -8): length = 16mm; probability gray matter = 0.5258
ROI (-24 8 -24): length = 16mm; probability gray matter = 0.5284
ROI (24 8 -24): length = 16mm; probability gray matter = 0.5284
ROI (-40 40 24): length = 16mm; probability gray matter = 0.5306
ROI (40 40 24): length = 16mm; probability gray matter = 0.5306
ROI (-8 -72 24): length = 16mm; probability gray matter = 0.5337
ROI (8 -72 24): length = 16mm; probability gray matter = 0.5337
ROI (-40 -56 -56): length = 16mm; probability gray matter = 0.5363
ROI (40 -56 -56): length = 16mm; probability gray matter = 0.5363
ROI (-8 40 24): length = 16mm; probability gray matter = 0.5410
ROI (8 40 24): length = 16mm; probability gray matter = 0.5410
ROI (-8 40 8): length = 16mm; probability gray matter = 0.5445
ROI (8 40 8): length = 16mm; probability gray matter = 0.5445
ROI (-56 -56 24): length = 16mm; probability gray matter = 0.5517
ROI (56 -56 24): length = 16mm; probability gray matter = 0.5517
ROI (-8 24 -24): length = 16mm; probability gray matter = 0.5527
ROI (8 24 -24): length = 16mm; probability gray matter = 0.5527
ROI (-56 -8 8): length = 16mm; probability gray matter = 0.5528
ROI (56 -8 8): length = 16mm; probability gray matter = 0.5528
ROI (-56 -24 -24): length = 16mm; probability gray matter = 0.5554
ROI (56 -24 -24): length = 16mm; probability gray matter = 0.5554
ROI (-40 -24 -24): length = 16mm; probability gray matter = 0.5563
ROI (40 -24 -24): length = 16mm; probability gray matter = 0.5563
ROI (-8 40 -8): length = 16mm; probability gray matter = 0.5570
ROI (8 40 -8): length = 16mm; probability gray matter = 0.5570
ROI (-40 24 -8): length = 16mm; probability gray matter = 0.5593
ROI (40 24 -8): length = 16mm; probability gray matter = 0.5593
ROI (-8 -72 8): length = 16mm; probability gray matter = 0.5601
ROI (8 -72 8): length = 16mm; probability gray matter = 0.5601
ROI (-8 -56 24): length = 16mm; probability gray matter = 0.5643
ROI (8 -56 24): length = 16mm; probability gray matter = 0.5643
ROI (-40 8 -8): length = 16mm; probability gray matter = 0.5685
ROI (40 8 -8): length = 16mm; probability gray matter = 0.5685
ROI (-56 -24 24): length = 16mm; probability gray matter = 0.5686
ROI (56 -24 24): length = 16mm; probability gray matter = 0.5686
ROI (-40 8 8): length = 16mm; probability gray matter = 0.5703
ROI (40 8 8): length = 16mm; probability gray matter = 0.5703
ROI (-8 -56 8): length = 16mm; probability gray matter = 0.5734
ROI (8 -56 8): length = 16mm; probability gray matter = 0.5734
ROI (-24 8 -40): length = 16mm; probability gray matter = 0.5754
ROI (24 8 -40): length = 16mm; probability gray matter = 0.5754
ROI (-8 -24 40): length = 16mm; probability gray matter = 0.5819
ROI (8 -24 40): length = 16mm; probability gray matter = 0.5819
ROI (-56 -8 -8): length = 16mm; probability gray matter = 0.5869
ROI (56 -8 -8): length = 16mm; probability gray matter = 0.5869
ROI (-56 -40 24): length = 16mm; probability gray matter = 0.5878
ROI (56 -40 24): length = 16mm; probability gray matter = 0.5878
ROI (-40 8 -40): length = 16mm; probability gray matter = 0.5902
ROI (40 8 -40): length = 16mm; probability gray matter = 0.5902
ROI (-56 -24 -8): length = 16mm; probability gray matter = 0.5964
ROI (56 -24 -8): length = 16mm; probability gray matter = 0.5964
ROI (-56 -8 -24): length = 16mm; probability gray matter = 0.5967
ROI (56 -8 -24): length = 16mm; probability gray matter = 0.5967
ROI (-56 -56 -8): length = 16mm; probability gray matter = 0.6091
ROI (56 -56 -8): length = 16mm; probability gray matter = 0.6091
ROI (-8 -56 -8): length = 16mm; probability gray matter = 0.6093
ROI (8 -56 -8): length = 16mm; probability gray matter = 0.6093
ROI (-24 -56 -8): length = 16mm; probability gray matter = 0.6113
ROI (24 -56 -8): length = 16mm; probability gray matter = 0.6113
ROI (-40 -40 -24): length = 16mm; probability gray matter = 0.6124
ROI (40 -40 -24): length = 16mm; probability gray matter = 0.6124
ROI (-56 -56 8): length = 16mm; probability gray matter = 0.6142
ROI (56 -56 8): length = 16mm; probability gray matter = 0.6142
ROI (-24 -72 -40): length = 16mm; probability gray matter = 0.6220
ROI (24 -72 -40): length = 16mm; probability gray matter = 0.6220
ROI (-40 -8 -40): length = 16mm; probability gray matter = 0.6232
ROI (40 -8 -40): length = 16mm; probability gray matter = 0.6232
ROI (-56 -40 8): length = 16mm; probability gray matter = 0.6247
ROI (56 -40 8): length = 16mm; probability gray matter = 0.6247
ROI (-8 8 -8): length = 16mm; probability gray matter = 0.6278
ROI (8 8 -8): length = 16mm; probability gray matter = 0.6278
ROI (-8 -40 40): length = 16mm; probability gray matter = 0.6278
ROI (8 -40 40): length = 16mm; probability gray matter = 0.6278
ROI (-40 -8 8): length = 16mm; probability gray matter = 0.6317
ROI (40 -8 8): length = 16mm; probability gray matter = 0.6317
ROI (-8 -72 -40): length = 16mm; probability gray matter = 0.6360
ROI (8 -72 -40): length = 16mm; probability gray matter = 0.6360
ROI (-40 -72 -24): length = 16mm; probability gray matter = 0.6416
ROI (40 -72 -24): length = 16mm; probability gray matter = 0.6416
ROI (-24 -40 -8): length = 16mm; probability gray matter = 0.6466
ROI (24 -40 -8): length = 16mm; probability gray matter = 0.6466
ROI (-8 -56 -56): length = 16mm; probability gray matter = 0.6574
ROI (8 -56 -56): length = 16mm; probability gray matter = 0.6574
ROI (-40 -72 -40): length = 16mm; probability gray matter = 0.6739
ROI (40 -72 -40): length = 16mm; probability gray matter = 0.6739
ROI (-8 -72 -24): length = 16mm; probability gray matter = 0.6820
ROI (8 -72 -24): length = 16mm; probability gray matter = 0.6820
ROI (-24 8 -8): length = 16mm; probability gray matter = 0.6823
ROI (24 8 -8): length = 16mm; probability gray matter = 0.6823
ROI (-24 -56 -56): length = 16mm; probability gray matter = 0.7030
ROI (24 -56 -56): length = 16mm; probability gray matter = 0.7030
ROI (-40 -56 -40): length = 16mm; probability gray matter = 0.7063
ROI (40 -56 -40): length = 16mm; probability gray matter = 0.7063
ROI (-24 -40 -24): length = 16mm; probability gray matter = 0.7130
ROI (24 -40 -24): length = 16mm; probability gray matter = 0.7130
ROI (-24 -8 -24): length = 16mm; probability gray matter = 0.7487
ROI (24 -8 -24): length = 16mm; probability gray matter = 0.7487
ROI (-40 -56 -24): length = 16mm; probability gray matter = 0.7640
ROI (40 -56 -24): length = 16mm; probability gray matter = 0.7640
ROI (-24 -56 -24): length = 16mm; probability gray matter = 0.7644
ROI (24 -56 -24): length = 16mm; probability gray matter = 0.7644
ROI (-24 -72 -24): length = 16mm; probability gray matter = 0.8135
ROI (24 -72 -24): length = 16mm; probability gray matter = 0.8135
