ROI (-35 -35 35): length = 14mm; probability gray matter = 0.2523
ROI (35 -35 35): length = 14mm; probability gray matter = 0.2523
ROI (-21 -21 63): length = 14mm; probability gray matter = 0.2526
ROI (21 -21 63): length = 14mm; probability gray matter = 0.2526
ROI (-21 49 -7): length = 14mm; probability gray matter = 0.2531
ROI (21 49 -7): length = 14mm; probability gray matter = 0.2531
ROI (-21 -49 -63): length = 14mm; probability gray matter = 0.2553
ROI (21 -49 -63): length = 14mm; probability gray matter = 0.2553
ROI (-21 49 7): length = 14mm; probability gray matter = 0.2557
ROI (21 49 7): length = 14mm; probability gray matter = 0.2557
ROI (-49 -7 21): length = 14mm; probability gray matter = 0.2631
ROI (49 -7 21): length = 14mm; probability gray matter = 0.2631
ROI (-35 -21 63): length = 14mm; probability gray matter = 0.2635
ROI (35 -21 63): length = 14mm; probability gray matter = 0.2635
ROI (-7 -35 -7): length = 14mm; probability gray matter = 0.2638
ROI (7 -35 -7): length = 14mm; probability gray matter = 0.2638
ROI (-7 63 -21): length = 14mm; probability gray matter = 0.2656
ROI (7 63 -21): length = 14mm; probability gray matter = 0.2656
ROI (-35 7 63): length = 14mm; probability gray matter = 0.2675
ROI (35 7 63): length = 14mm; probability gray matter = 0.2675
ROI (-21 -7 49): length = 14mm; probability gray matter = 0.2677
ROI (21 -7 49): length = 14mm; probability gray matter = 0.2677
ROI (-35 21 21): length = 14mm; probability gray matter = 0.2678
ROI (35 21 21): length = 14mm; probability gray matter = 0.2678
ROI (-35 -91 21): length = 14mm; probability gray matter = 0.2709
ROI (35 -91 21): length = 14mm; probability gray matter = 0.2709
ROI (-35 -63 21): length = 14mm; probability gray matter = 0.2712
ROI (35 -63 21): length = 14mm; probability gray matter = 0.2712
ROI (-7 -35 -21): length = 14mm; probability gray matter = 0.2714
ROI (7 -35 -21): length = 14mm; probability gray matter = 0.2714
ROI (-49 49 7): length = 14mm; probability gray matter = 0.2772
ROI (49 49 7): length = 14mm; probability gray matter = 0.2772
ROI (-63 7 21): length = 14mm; probability gray matter = 0.2782
ROI (63 7 21): length = 14mm; probability gray matter = 0.2782
ROI (-7 7 7): length = 14mm; probability gray matter = 0.2798
ROI (7 7 7): length = 14mm; probability gray matter = 0.2798
ROI (-7 -7 7): length = 14mm; probability gray matter = 0.2808
ROI (7 -7 7): length = 14mm; probability gray matter = 0.2808
ROI (-63 -7 35): length = 14mm; probability gray matter = 0.2828
ROI (63 -7 35): length = 14mm; probability gray matter = 0.2828
ROI (-7 -49 -35): length = 14mm; probability gray matter = 0.2834
ROI (7 -49 -35): length = 14mm; probability gray matter = 0.2834
ROI (-21 -63 -63): length = 14mm; probability gray matter = 0.2842
ROI (21 -63 -63): length = 14mm; probability gray matter = 0.2842
ROI (-21 -63 -35): length = 14mm; probability gray matter = 0.2868
ROI (21 -63 -35): length = 14mm; probability gray matter = 0.2868
ROI (-21 21 7): length = 14mm; probability gray matter = 0.2889
ROI (21 21 7): length = 14mm; probability gray matter = 0.2889
ROI (-7 7 -21): length = 14mm; probability gray matter = 0.2925
ROI (7 7 -21): length = 14mm; probability gray matter = 0.2925
ROI (-7 -77 49): length = 14mm; probability gray matter = 0.2929
ROI (7 -77 49): length = 14mm; probability gray matter = 0.2929
ROI (-49 49 -7): length = 14mm; probability gray matter = 0.2933
ROI (49 49 -7): length = 14mm; probability gray matter = 0.2933
ROI (-7 21 21): length = 14mm; probability gray matter = 0.2933
ROI (7 21 21): length = 14mm; probability gray matter = 0.2933
ROI (-21 -77 21): length = 14mm; probability gray matter = 0.2954
ROI (21 -77 21): length = 14mm; probability gray matter = 0.2954
ROI (-35 -49 -7): length = 14mm; probability gray matter = 0.2956
ROI (35 -49 -7): length = 14mm; probability gray matter = 0.2956
ROI (-49 -49 -49): length = 14mm; probability gray matter = 0.2961
ROI (49 -49 -49): length = 14mm; probability gray matter = 0.2961
ROI (-63 -49 35): length = 14mm; probability gray matter = 0.2974
ROI (63 -49 35): length = 14mm; probability gray matter = 0.2974
ROI (-35 -49 63): length = 14mm; probability gray matter = 0.2986
ROI (35 -49 63): length = 14mm; probability gray matter = 0.2986
ROI (-21 -49 7): length = 14mm; probability gray matter = 0.3009
ROI (21 -49 7): length = 14mm; probability gray matter = 0.3009
ROI (-35 35 7): length = 14mm; probability gray matter = 0.3011
ROI (35 35 7): length = 14mm; probability gray matter = 0.3011
ROI (-7 -21 63): length = 14mm; probability gray matter = 0.3031
ROI (7 -21 63): length = 14mm; probability gray matter = 0.3031
ROI (-21 -35 7): length = 14mm; probability gray matter = 0.3046
ROI (21 -35 7): length = 14mm; probability gray matter = 0.3046
ROI (-35 -35 -35): length = 14mm; probability gray matter = 0.3113
ROI (35 -35 -35): length = 14mm; probability gray matter = 0.3113
ROI (-35 -49 35): length = 14mm; probability gray matter = 0.3120
ROI (35 -49 35): length = 14mm; probability gray matter = 0.3120
ROI (-7 -35 63): length = 14mm; probability gray matter = 0.3127
ROI (7 -35 63): length = 14mm; probability gray matter = 0.3127
ROI (-35 -35 63): length = 14mm; probability gray matter = 0.3150
ROI (35 -35 63): length = 14mm; probability gray matter = 0.3150
ROI (-21 -7 -7): length = 14mm; probability gray matter = 0.3154
ROI (21 -7 -7): length = 14mm; probability gray matter = 0.3154
ROI (-49 -35 -7): length = 14mm; probability gray matter = 0.3205
ROI (49 -35 -7): length = 14mm; probability gray matter = 0.3205
ROI (-21 49 -21): length = 14mm; probability gray matter = 0.3211
ROI (21 49 -21): length = 14mm; probability gray matter = 0.3211
ROI (-21 -91 7): length = 14mm; probability gray matter = 0.3216
ROI (21 -91 7): length = 14mm; probability gray matter = 0.3216
ROI (-21 -63 35): length = 14mm; probability gray matter = 0.3241
ROI (21 -63 35): length = 14mm; probability gray matter = 0.3241
ROI (-21 -35 63): length = 14mm; probability gray matter = 0.3254
ROI (21 -35 63): length = 14mm; probability gray matter = 0.3254
ROI (-35 35 -21): length = 14mm; probability gray matter = 0.3269
ROI (35 35 -21): length = 14mm; probability gray matter = 0.3269
ROI (-21 -77 49): length = 14mm; probability gray matter = 0.3293
ROI (21 -77 49): length = 14mm; probability gray matter = 0.3293
ROI (-7 -63 63): length = 14mm; probability gray matter = 0.3306
ROI (7 -63 63): length = 14mm; probability gray matter = 0.3306
ROI (-49 21 -21): length = 14mm; probability gray matter = 0.3318
ROI (49 21 -21): length = 14mm; probability gray matter = 0.3318
ROI (-35 -21 49): length = 14mm; probability gray matter = 0.3318
ROI (35 -21 49): length = 14mm; probability gray matter = 0.3318
ROI (-7 -49 -63): length = 14mm; probability gray matter = 0.3335
ROI (7 -49 -63): length = 14mm; probability gray matter = 0.3335
ROI (-21 21 63): length = 14mm; probability gray matter = 0.3342
ROI (21 21 63): length = 14mm; probability gray matter = 0.3342
ROI (-35 -63 -7): length = 14mm; probability gray matter = 0.3353
ROI (35 -63 -7): length = 14mm; probability gray matter = 0.3353
ROI (-35 7 -49): length = 14mm; probability gray matter = 0.3388
ROI (35 7 -49): length = 14mm; probability gray matter = 0.3388
ROI (-35 -21 -7): length = 14mm; probability gray matter = 0.3399
ROI (35 -21 -7): length = 14mm; probability gray matter = 0.3399
ROI (-21 -63 63): length = 14mm; probability gray matter = 0.3408
ROI (21 -63 63): length = 14mm; probability gray matter = 0.3408
ROI (-21 63 21): length = 14mm; probability gray matter = 0.3421
ROI (21 63 21): length = 14mm; probability gray matter = 0.3421
ROI (-63 -49 -21): length = 14mm; probability gray matter = 0.3430
ROI (63 -49 -21): length = 14mm; probability gray matter = 0.3430
ROI (-21 -91 -35): length = 14mm; probability gray matter = 0.3468
ROI (21 -91 -35): length = 14mm; probability gray matter = 0.3468
ROI (-21 7 49): length = 14mm; probability gray matter = 0.3477
ROI (21 7 49): length = 14mm; probability gray matter = 0.3477
ROI (-49 -77 21): length = 14mm; probability gray matter = 0.3487
ROI (49 -77 21): length = 14mm; probability gray matter = 0.3487
ROI (-49 7 49): length = 14mm; probability gray matter = 0.3495
ROI (49 7 49): length = 14mm; probability gray matter = 0.3495
ROI (-35 -77 7): length = 14mm; probability gray matter = 0.3495
ROI (35 -77 7): length = 14mm; probability gray matter = 0.3495
ROI (-35 -21 21): length = 14mm; probability gray matter = 0.3518
ROI (35 -21 21): length = 14mm; probability gray matter = 0.3518
ROI (-35 -35 -7): length = 14mm; probability gray matter = 0.3546
ROI (35 -35 -7): length = 14mm; probability gray matter = 0.3546
ROI (-21 21 -7): length = 14mm; probability gray matter = 0.3554
ROI (21 21 -7): length = 14mm; probability gray matter = 0.3554
ROI (-35 -77 -7): length = 14mm; probability gray matter = 0.3562
ROI (35 -77 -7): length = 14mm; probability gray matter = 0.3562
ROI (-49 -21 -21): length = 14mm; probability gray matter = 0.3578
ROI (49 -21 -21): length = 14mm; probability gray matter = 0.3578
ROI (-49 -63 -49): length = 14mm; probability gray matter = 0.3580
ROI (49 -63 -49): length = 14mm; probability gray matter = 0.3580
ROI (-35 -7 63): length = 14mm; probability gray matter = 0.3581
ROI (35 -7 63): length = 14mm; probability gray matter = 0.3581
ROI (-49 -21 -35): length = 14mm; probability gray matter = 0.3613
ROI (49 -21 -35): length = 14mm; probability gray matter = 0.3613
ROI (-49 -49 -7): length = 14mm; probability gray matter = 0.3626
ROI (49 -49 -7): length = 14mm; probability gray matter = 0.3626
ROI (-49 -35 35): length = 14mm; probability gray matter = 0.3664
ROI (49 -35 35): length = 14mm; probability gray matter = 0.3664
ROI (-7 63 21): length = 14mm; probability gray matter = 0.3684
ROI (7 63 21): length = 14mm; probability gray matter = 0.3684
ROI (-35 -21 -35): length = 14mm; probability gray matter = 0.3703
ROI (35 -21 -35): length = 14mm; probability gray matter = 0.3703
ROI (-21 -63 49): length = 14mm; probability gray matter = 0.3705
ROI (21 -63 49): length = 14mm; probability gray matter = 0.3705
ROI (-49 -21 49): length = 14mm; probability gray matter = 0.3732
ROI (49 -21 49): length = 14mm; probability gray matter = 0.3732
ROI (-7 -77 -49): length = 14mm; probability gray matter = 0.3762
ROI (7 -77 -49): length = 14mm; probability gray matter = 0.3762
ROI (-7 -49 7): length = 14mm; probability gray matter = 0.3793
ROI (7 -49 7): length = 14mm; probability gray matter = 0.3793
ROI (-35 -7 -49): length = 14mm; probability gray matter = 0.3830
ROI (35 -7 -49): length = 14mm; probability gray matter = 0.3830
ROI (-35 35 -7): length = 14mm; probability gray matter = 0.3848
ROI (35 35 -7): length = 14mm; probability gray matter = 0.3848
ROI (-7 35 7): length = 14mm; probability gray matter = 0.3852
ROI (7 35 7): length = 14mm; probability gray matter = 0.3852
ROI (-7 -91 21): length = 14mm; probability gray matter = 0.3855
ROI (7 -91 21): length = 14mm; probability gray matter = 0.3855
ROI (-35 -7 -21): length = 14mm; probability gray matter = 0.3885
ROI (35 -7 -21): length = 14mm; probability gray matter = 0.3885
ROI (-49 -21 35): length = 14mm; probability gray matter = 0.3896
ROI (49 -21 35): length = 14mm; probability gray matter = 0.3896
ROI (-49 -7 -21): length = 14mm; probability gray matter = 0.3915
ROI (49 -7 -21): length = 14mm; probability gray matter = 0.3915
ROI (-35 -91 -7): length = 14mm; probability gray matter = 0.3921
ROI (35 -91 -7): length = 14mm; probability gray matter = 0.3921
ROI (-21 -91 -7): length = 14mm; probability gray matter = 0.3929
ROI (21 -91 -7): length = 14mm; probability gray matter = 0.3929
ROI (-7 21 63): length = 14mm; probability gray matter = 0.3947
ROI (7 21 63): length = 14mm; probability gray matter = 0.3947
ROI (-35 -63 35): length = 14mm; probability gray matter = 0.3951
ROI (35 -63 35): length = 14mm; probability gray matter = 0.3951
ROI (-21 -49 63): length = 14mm; probability gray matter = 0.3968
ROI (21 -49 63): length = 14mm; probability gray matter = 0.3968
ROI (-35 21 35): length = 14mm; probability gray matter = 0.3973
ROI (35 21 35): length = 14mm; probability gray matter = 0.3973
ROI (-63 -7 7): length = 14mm; probability gray matter = 0.3999
ROI (63 -7 7): length = 14mm; probability gray matter = 0.3999
ROI (-63 -7 21): length = 14mm; probability gray matter = 0.4004
ROI (63 -7 21): length = 14mm; probability gray matter = 0.4004
ROI (-21 7 7): length = 14mm; probability gray matter = 0.4005
ROI (21 7 7): length = 14mm; probability gray matter = 0.4005
ROI (-21 49 21): length = 14mm; probability gray matter = 0.4057
ROI (21 49 21): length = 14mm; probability gray matter = 0.4057
ROI (-35 7 35): length = 14mm; probability gray matter = 0.4063
ROI (35 7 35): length = 14mm; probability gray matter = 0.4063
ROI (-49 -77 -7): length = 14mm; probability gray matter = 0.4065
ROI (49 -77 -7): length = 14mm; probability gray matter = 0.4065
ROI (-7 -7 35): length = 14mm; probability gray matter = 0.4066
ROI (7 -7 35): length = 14mm; probability gray matter = 0.4066
ROI (-49 21 35): length = 14mm; probability gray matter = 0.4085
ROI (49 21 35): length = 14mm; probability gray matter = 0.4085
ROI (-21 -77 -7): length = 14mm; probability gray matter = 0.4091
ROI (21 -77 -7): length = 14mm; probability gray matter = 0.4091
ROI (-49 -7 35): length = 14mm; probability gray matter = 0.4093
ROI (49 -7 35): length = 14mm; probability gray matter = 0.4093
ROI (-49 -49 -35): length = 14mm; probability gray matter = 0.4109
ROI (49 -49 -35): length = 14mm; probability gray matter = 0.4109
ROI (-21 -77 35): length = 14mm; probability gray matter = 0.4133
ROI (21 -77 35): length = 14mm; probability gray matter = 0.4133
ROI (-7 -49 21): length = 14mm; probability gray matter = 0.4137
ROI (7 -49 21): length = 14mm; probability gray matter = 0.4137
ROI (-7 21 49): length = 14mm; probability gray matter = 0.4148
ROI (7 21 49): length = 14mm; probability gray matter = 0.4148
ROI (-49 -7 49): length = 14mm; probability gray matter = 0.4158
ROI (49 -7 49): length = 14mm; probability gray matter = 0.4158
ROI (-7 -77 -7): length = 14mm; probability gray matter = 0.4162
ROI (7 -77 -7): length = 14mm; probability gray matter = 0.4162
ROI (-7 -49 63): length = 14mm; probability gray matter = 0.4186
ROI (7 -49 63): length = 14mm; probability gray matter = 0.4186
ROI (-35 35 21): length = 14mm; probability gray matter = 0.4221
ROI (35 35 21): length = 14mm; probability gray matter = 0.4221
ROI (-49 21 -7): length = 14mm; probability gray matter = 0.4231
ROI (49 21 -7): length = 14mm; probability gray matter = 0.4231
ROI (-49 -77 7): length = 14mm; probability gray matter = 0.4232
ROI (49 -77 7): length = 14mm; probability gray matter = 0.4232
ROI (-63 -21 35): length = 14mm; probability gray matter = 0.4238
ROI (63 -21 35): length = 14mm; probability gray matter = 0.4238
ROI (-7 49 35): length = 14mm; probability gray matter = 0.4239
ROI (7 49 35): length = 14mm; probability gray matter = 0.4239
ROI (-35 -91 7): length = 14mm; probability gray matter = 0.4242
ROI (35 -91 7): length = 14mm; probability gray matter = 0.4242
ROI (-7 35 49): length = 14mm; probability gray matter = 0.4249
ROI (7 35 49): length = 14mm; probability gray matter = 0.4249
ROI (-7 -7 63): length = 14mm; probability gray matter = 0.4275
ROI (7 -7 63): length = 14mm; probability gray matter = 0.4275
ROI (-35 -7 49): length = 14mm; probability gray matter = 0.4297
ROI (35 -7 49): length = 14mm; probability gray matter = 0.4297
ROI (-21 -91 -21): length = 14mm; probability gray matter = 0.4312
ROI (21 -91 -21): length = 14mm; probability gray matter = 0.4312
ROI (-49 35 21): length = 14mm; probability gray matter = 0.4338
ROI (49 35 21): length = 14mm; probability gray matter = 0.4338
ROI (-35 -63 49): length = 14mm; probability gray matter = 0.4348
ROI (35 -63 49): length = 14mm; probability gray matter = 0.4348
ROI (-7 21 -7): length = 14mm; probability gray matter = 0.4364
ROI (7 21 -7): length = 14mm; probability gray matter = 0.4364
ROI (-21 -91 21): length = 14mm; probability gray matter = 0.4381
ROI (21 -91 21): length = 14mm; probability gray matter = 0.4381
ROI (-7 63 7): length = 14mm; probability gray matter = 0.4391
ROI (7 63 7): length = 14mm; probability gray matter = 0.4391
ROI (-7 -77 21): length = 14mm; probability gray matter = 0.4403
ROI (7 -77 21): length = 14mm; probability gray matter = 0.4403
ROI (-7 63 -7): length = 14mm; probability gray matter = 0.4409
ROI (7 63 -7): length = 14mm; probability gray matter = 0.4409
ROI (-35 21 -35): length = 14mm; probability gray matter = 0.4412
ROI (35 21 -35): length = 14mm; probability gray matter = 0.4412
ROI (-21 35 35): length = 14mm; probability gray matter = 0.4420
ROI (21 35 35): length = 14mm; probability gray matter = 0.4420
ROI (-35 -35 49): length = 14mm; probability gray matter = 0.4444
ROI (35 -35 49): length = 14mm; probability gray matter = 0.4444
ROI (-49 -49 49): length = 14mm; probability gray matter = 0.4452
ROI (49 -49 49): length = 14mm; probability gray matter = 0.4452
ROI (-35 -21 7): length = 14mm; probability gray matter = 0.4454
ROI (35 -21 7): length = 14mm; probability gray matter = 0.4454
ROI (-7 35 35): length = 14mm; probability gray matter = 0.4464
ROI (7 35 35): length = 14mm; probability gray matter = 0.4464
ROI (-49 -49 35): length = 14mm; probability gray matter = 0.4494
ROI (49 -49 35): length = 14mm; probability gray matter = 0.4494
ROI (-63 -35 35): length = 14mm; probability gray matter = 0.4495
ROI (63 -35 35): length = 14mm; probability gray matter = 0.4495
ROI (-49 -21 -7): length = 14mm; probability gray matter = 0.4502
ROI (49 -21 -7): length = 14mm; probability gray matter = 0.4502
ROI (-35 7 49): length = 14mm; probability gray matter = 0.4553
ROI (35 7 49): length = 14mm; probability gray matter = 0.4553
ROI (-7 -63 49): length = 14mm; probability gray matter = 0.4555
ROI (7 -63 49): length = 14mm; probability gray matter = 0.4555
ROI (-63 -49 21): length = 14mm; probability gray matter = 0.4562
ROI (63 -49 21): length = 14mm; probability gray matter = 0.4562
ROI (-7 -77 35): length = 14mm; probability gray matter = 0.4563
ROI (7 -77 35): length = 14mm; probability gray matter = 0.4563
ROI (-21 35 49): length = 14mm; probability gray matter = 0.4564
ROI (21 35 49): length = 14mm; probability gray matter = 0.4564
ROI (-49 7 21): length = 14mm; probability gray matter = 0.4568
ROI (49 7 21): length = 14mm; probability gray matter = 0.4568
ROI (-35 -77 -49): length = 14mm; probability gray matter = 0.4573
ROI (35 -77 -49): length = 14mm; probability gray matter = 0.4573
ROI (-7 -91 7): length = 14mm; probability gray matter = 0.4587
ROI (7 -91 7): length = 14mm; probability gray matter = 0.4587
ROI (-49 -7 -7): length = 14mm; probability gray matter = 0.4593
ROI (49 -7 -7): length = 14mm; probability gray matter = 0.4593
ROI (-7 -91 -7): length = 14mm; probability gray matter = 0.4604
ROI (7 -91 -7): length = 14mm; probability gray matter = 0.4604
ROI (-63 -7 -7): length = 14mm; probability gray matter = 0.4604
ROI (63 -7 -7): length = 14mm; probability gray matter = 0.4604
ROI (-49 -21 7): length = 14mm; probability gray matter = 0.4622
ROI (49 -21 7): length = 14mm; probability gray matter = 0.4622
ROI (-21 -63 21): length = 14mm; probability gray matter = 0.4637
ROI (21 -63 21): length = 14mm; probability gray matter = 0.4637
ROI (-35 21 -21): length = 14mm; probability gray matter = 0.4642
ROI (35 21 -21): length = 14mm; probability gray matter = 0.4642
ROI (-21 -21 -21): length = 14mm; probability gray matter = 0.4642
ROI (21 -21 -21): length = 14mm; probability gray matter = 0.4642
ROI (-63 -21 7): length = 14mm; probability gray matter = 0.4670
ROI (63 -21 7): length = 14mm; probability gray matter = 0.4670
ROI (-21 49 35): length = 14mm; probability gray matter = 0.4684
ROI (21 49 35): length = 14mm; probability gray matter = 0.4684
ROI (-7 -21 7): length = 14mm; probability gray matter = 0.4690
ROI (7 -21 7): length = 14mm; probability gray matter = 0.4690
ROI (-7 7 63): length = 14mm; probability gray matter = 0.4715
ROI (7 7 63): length = 14mm; probability gray matter = 0.4715
ROI (-7 7 35): length = 14mm; probability gray matter = 0.4723
ROI (7 7 35): length = 14mm; probability gray matter = 0.4723
ROI (-7 7 49): length = 14mm; probability gray matter = 0.4736
ROI (7 7 49): length = 14mm; probability gray matter = 0.4736
ROI (-49 -49 7): length = 14mm; probability gray matter = 0.4755
ROI (49 -49 7): length = 14mm; probability gray matter = 0.4755
ROI (-21 -7 63): length = 14mm; probability gray matter = 0.4768
ROI (21 -7 63): length = 14mm; probability gray matter = 0.4768
ROI (-21 -63 7): length = 14mm; probability gray matter = 0.4795
ROI (21 -63 7): length = 14mm; probability gray matter = 0.4795
ROI (-21 21 49): length = 14mm; probability gray matter = 0.4802
ROI (21 21 49): length = 14mm; probability gray matter = 0.4802
ROI (-35 -49 49): length = 14mm; probability gray matter = 0.4813
ROI (35 -49 49): length = 14mm; probability gray matter = 0.4813
ROI (-7 -63 -7): length = 14mm; probability gray matter = 0.4819
ROI (7 -63 -7): length = 14mm; probability gray matter = 0.4819
ROI (-7 49 21): length = 14mm; probability gray matter = 0.4830
ROI (7 49 21): length = 14mm; probability gray matter = 0.4830
ROI (-35 -77 35): length = 14mm; probability gray matter = 0.4839
ROI (35 -77 35): length = 14mm; probability gray matter = 0.4839
ROI (-49 -35 49): length = 14mm; probability gray matter = 0.4842
ROI (49 -35 49): length = 14mm; probability gray matter = 0.4842
ROI (-21 7 63): length = 14mm; probability gray matter = 0.4845
ROI (21 7 63): length = 14mm; probability gray matter = 0.4845
ROI (-21 35 -21): length = 14mm; probability gray matter = 0.4852
ROI (21 35 -21): length = 14mm; probability gray matter = 0.4852
ROI (-35 49 -7): length = 14mm; probability gray matter = 0.4855
ROI (35 49 -7): length = 14mm; probability gray matter = 0.4855
ROI (-49 7 -7): length = 14mm; probability gray matter = 0.4861
ROI (49 7 -7): length = 14mm; probability gray matter = 0.4861
ROI (-49 -35 7): length = 14mm; probability gray matter = 0.4865
ROI (49 -35 7): length = 14mm; probability gray matter = 0.4865
ROI (-21 63 7): length = 14mm; probability gray matter = 0.4885
ROI (21 63 7): length = 14mm; probability gray matter = 0.4885
ROI (-49 -63 -21): length = 14mm; probability gray matter = 0.4888
ROI (49 -63 -21): length = 14mm; probability gray matter = 0.4888
ROI (-35 7 -21): length = 14mm; probability gray matter = 0.4895
ROI (35 7 -21): length = 14mm; probability gray matter = 0.4895
ROI (-49 35 7): length = 14mm; probability gray matter = 0.4937
ROI (49 35 7): length = 14mm; probability gray matter = 0.4937
ROI (-63 -7 -21): length = 14mm; probability gray matter = 0.4945
ROI (63 -7 -21): length = 14mm; probability gray matter = 0.4945
ROI (-21 63 -7): length = 14mm; probability gray matter = 0.4947
ROI (21 63 -7): length = 14mm; probability gray matter = 0.4947
ROI (-49 -21 21): length = 14mm; probability gray matter = 0.4963
ROI (49 -21 21): length = 14mm; probability gray matter = 0.4963
ROI (-7 -21 49): length = 14mm; probability gray matter = 0.4963
ROI (7 -21 49): length = 14mm; probability gray matter = 0.4963
ROI (-49 35 -7): length = 14mm; probability gray matter = 0.4979
ROI (49 35 -7): length = 14mm; probability gray matter = 0.4979
ROI (-7 -49 -7): length = 14mm; probability gray matter = 0.4987
ROI (7 -49 -7): length = 14mm; probability gray matter = 0.4987
ROI (-63 -21 21): length = 14mm; probability gray matter = 0.5002
ROI (63 -21 21): length = 14mm; probability gray matter = 0.5002
ROI (-7 -63 -35): length = 14mm; probability gray matter = 0.5015
ROI (7 -63 -35): length = 14mm; probability gray matter = 0.5015
ROI (-7 -21 35): length = 14mm; probability gray matter = 0.5025
ROI (7 -21 35): length = 14mm; probability gray matter = 0.5025
ROI (-35 21 49): length = 14mm; probability gray matter = 0.5027
ROI (35 21 49): length = 14mm; probability gray matter = 0.5027
ROI (-7 -7 49): length = 14mm; probability gray matter = 0.5101
ROI (7 -7 49): length = 14mm; probability gray matter = 0.5101
ROI (-7 35 -7): length = 14mm; probability gray matter = 0.5138
ROI (7 35 -7): length = 14mm; probability gray matter = 0.5138
ROI (-35 -77 21): length = 14mm; probability gray matter = 0.5153
ROI (35 -77 21): length = 14mm; probability gray matter = 0.5153
ROI (-7 -63 35): length = 14mm; probability gray matter = 0.5186
ROI (7 -63 35): length = 14mm; probability gray matter = 0.5186
ROI (-49 -63 35): length = 14mm; probability gray matter = 0.5186
ROI (49 -63 35): length = 14mm; probability gray matter = 0.5186
ROI (-49 21 21): length = 14mm; probability gray matter = 0.5195
ROI (49 21 21): length = 14mm; probability gray matter = 0.5195
ROI (-7 49 -21): length = 14mm; probability gray matter = 0.5224
ROI (7 49 -21): length = 14mm; probability gray matter = 0.5224
ROI (-7 -49 49): length = 14mm; probability gray matter = 0.5242
ROI (7 -49 49): length = 14mm; probability gray matter = 0.5242
ROI (-49 7 35): length = 14mm; probability gray matter = 0.5269
ROI (49 7 35): length = 14mm; probability gray matter = 0.5269
ROI (-49 -7 7): length = 14mm; probability gray matter = 0.5321
ROI (49 -7 7): length = 14mm; probability gray matter = 0.5321
ROI (-49 -35 21): length = 14mm; probability gray matter = 0.5327
ROI (49 -35 21): length = 14mm; probability gray matter = 0.5327
ROI (-7 -63 7): length = 14mm; probability gray matter = 0.5381
ROI (7 -63 7): length = 14mm; probability gray matter = 0.5381
ROI (-21 -35 -7): length = 14mm; probability gray matter = 0.5386
ROI (21 -35 -7): length = 14mm; probability gray matter = 0.5386
ROI (-63 -35 21): length = 14mm; probability gray matter = 0.5396
ROI (63 -35 21): length = 14mm; probability gray matter = 0.5396
ROI (-7 -35 49): length = 14mm; probability gray matter = 0.5400
ROI (7 -35 49): length = 14mm; probability gray matter = 0.5400
ROI (-49 -49 21): length = 14mm; probability gray matter = 0.5432
ROI (49 -49 21): length = 14mm; probability gray matter = 0.5432
ROI (-7 -49 -49): length = 14mm; probability gray matter = 0.5442
ROI (7 -49 -49): length = 14mm; probability gray matter = 0.5442
ROI (-21 21 -21): length = 14mm; probability gray matter = 0.5446
ROI (21 21 -21): length = 14mm; probability gray matter = 0.5446
ROI (-35 49 21): length = 14mm; probability gray matter = 0.5452
ROI (35 49 21): length = 14mm; probability gray matter = 0.5452
ROI (-35 7 -35): length = 14mm; probability gray matter = 0.5460
ROI (35 7 -35): length = 14mm; probability gray matter = 0.5460
ROI (-7 -77 7): length = 14mm; probability gray matter = 0.5474
ROI (7 -77 7): length = 14mm; probability gray matter = 0.5474
ROI (-7 -35 35): length = 14mm; probability gray matter = 0.5478
ROI (7 -35 35): length = 14mm; probability gray matter = 0.5478
ROI (-63 -49 -7): length = 14mm; probability gray matter = 0.5500
ROI (63 -49 -7): length = 14mm; probability gray matter = 0.5500
ROI (-21 -49 -49): length = 14mm; probability gray matter = 0.5510
ROI (21 -49 -49): length = 14mm; probability gray matter = 0.5510
ROI (-35 49 7): length = 14mm; probability gray matter = 0.5519
ROI (35 49 7): length = 14mm; probability gray matter = 0.5519
ROI (-49 7 -35): length = 14mm; probability gray matter = 0.5519
ROI (49 7 -35): length = 14mm; probability gray matter = 0.5519
ROI (-21 7 -35): length = 14mm; probability gray matter = 0.5520
ROI (21 7 -35): length = 14mm; probability gray matter = 0.5520
ROI (-49 7 7): length = 14mm; probability gray matter = 0.5522
ROI (49 7 7): length = 14mm; probability gray matter = 0.5522
ROI (-7 7 -7): length = 14mm; probability gray matter = 0.5524
ROI (7 7 -7): length = 14mm; probability gray matter = 0.5524
ROI (-63 -49 7): length = 14mm; probability gray matter = 0.5538
ROI (63 -49 7): length = 14mm; probability gray matter = 0.5538
ROI (-49 21 7): length = 14mm; probability gray matter = 0.5558
ROI (49 21 7): length = 14mm; probability gray matter = 0.5558
ROI (-7 21 35): length = 14mm; probability gray matter = 0.5564
ROI (7 21 35): length = 14mm; probability gray matter = 0.5564
ROI (-63 -35 -21): length = 14mm; probability gray matter = 0.5636
ROI (63 -35 -21): length = 14mm; probability gray matter = 0.5636
ROI (-35 35 35): length = 14mm; probability gray matter = 0.5637
ROI (35 35 35): length = 14mm; probability gray matter = 0.5637
ROI (-21 -63 -7): length = 14mm; probability gray matter = 0.5668
ROI (21 -63 -7): length = 14mm; probability gray matter = 0.5668
ROI (-21 -7 -35): length = 14mm; probability gray matter = 0.5672
ROI (21 -7 -35): length = 14mm; probability gray matter = 0.5672
ROI (-21 7 -21): length = 14mm; probability gray matter = 0.5682
ROI (21 7 -21): length = 14mm; probability gray matter = 0.5682
ROI (-7 -77 -21): length = 14mm; probability gray matter = 0.5692
ROI (7 -77 -21): length = 14mm; probability gray matter = 0.5692
ROI (-35 21 7): length = 14mm; probability gray matter = 0.5729
ROI (35 21 7): length = 14mm; probability gray matter = 0.5729
ROI (-7 49 -7): length = 14mm; probability gray matter = 0.5786
ROI (7 49 -7): length = 14mm; probability gray matter = 0.5786
ROI (-35 -77 -21): length = 14mm; probability gray matter = 0.5822
ROI (35 -77 -21): length = 14mm; probability gray matter = 0.5822
ROI (-49 7 -21): length = 14mm; probability gray matter = 0.5852
ROI (49 7 -21): length = 14mm; probability gray matter = 0.5852
ROI (-49 -7 -35): length = 14mm; probability gray matter = 0.5855
ROI (49 -7 -35): length = 14mm; probability gray matter = 0.5855
ROI (-63 -35 7): length = 14mm; probability gray matter = 0.5968
ROI (63 -35 7): length = 14mm; probability gray matter = 0.5968
ROI (-35 -7 -35): length = 14mm; probability gray matter = 0.5971
ROI (35 -7 -35): length = 14mm; probability gray matter = 0.5971
ROI (-49 -63 -35): length = 14mm; probability gray matter = 0.5977
ROI (49 -63 -35): length = 14mm; probability gray matter = 0.5977
ROI (-49 -35 -21): length = 14mm; probability gray matter = 0.5982
ROI (49 -35 -21): length = 14mm; probability gray matter = 0.5982
ROI (-35 -49 -35): length = 14mm; probability gray matter = 0.5992
ROI (35 -49 -35): length = 14mm; probability gray matter = 0.5992
ROI (-7 35 21): length = 14mm; probability gray matter = 0.6039
ROI (7 35 21): length = 14mm; probability gray matter = 0.6039
ROI (-7 -49 -21): length = 14mm; probability gray matter = 0.6045
ROI (7 -49 -21): length = 14mm; probability gray matter = 0.6045
ROI (-7 49 7): length = 14mm; probability gray matter = 0.6061
ROI (7 49 7): length = 14mm; probability gray matter = 0.6061
ROI (-63 -21 -21): length = 14mm; probability gray matter = 0.6101
ROI (63 -21 -21): length = 14mm; probability gray matter = 0.6101
ROI (-35 -7 7): length = 14mm; probability gray matter = 0.6132
ROI (35 -7 7): length = 14mm; probability gray matter = 0.6132
ROI (-49 -63 7): length = 14mm; probability gray matter = 0.6144
ROI (49 -63 7): length = 14mm; probability gray matter = 0.6144
ROI (-7 35 -21): length = 14mm; probability gray matter = 0.6162
ROI (7 35 -21): length = 14mm; probability gray matter = 0.6162
ROI (-7 -77 -35): length = 14mm; probability gray matter = 0.6254
ROI (7 -77 -35): length = 14mm; probability gray matter = 0.6254
ROI (-35 -21 -21): length = 14mm; probability gray matter = 0.6291
ROI (35 -21 -21): length = 14mm; probability gray matter = 0.6291
ROI (-63 -21 -7): length = 14mm; probability gray matter = 0.6303
ROI (63 -21 -7): length = 14mm; probability gray matter = 0.6303
ROI (-63 -35 -7): length = 14mm; probability gray matter = 0.6322
ROI (63 -35 -7): length = 14mm; probability gray matter = 0.6322
ROI (-35 7 7): length = 14mm; probability gray matter = 0.6329
ROI (35 7 7): length = 14mm; probability gray matter = 0.6329
ROI (-7 -49 35): length = 14mm; probability gray matter = 0.6398
ROI (7 -49 35): length = 14mm; probability gray matter = 0.6398
ROI (-21 -49 -7): length = 14mm; probability gray matter = 0.6426
ROI (21 -49 -7): length = 14mm; probability gray matter = 0.6426
ROI (-35 -49 -49): length = 14mm; probability gray matter = 0.6484
ROI (35 -49 -49): length = 14mm; probability gray matter = 0.6484
ROI (-49 -63 21): length = 14mm; probability gray matter = 0.6486
ROI (49 -63 21): length = 14mm; probability gray matter = 0.6486
ROI (-7 -63 21): length = 14mm; probability gray matter = 0.6493
ROI (7 -63 21): length = 14mm; probability gray matter = 0.6493
ROI (-35 21 -7): length = 14mm; probability gray matter = 0.6517
ROI (35 21 -7): length = 14mm; probability gray matter = 0.6517
ROI (-21 -63 -49): length = 14mm; probability gray matter = 0.6546
ROI (21 -63 -49): length = 14mm; probability gray matter = 0.6546
ROI (-35 -7 -7): length = 14mm; probability gray matter = 0.6557
ROI (35 -7 -7): length = 14mm; probability gray matter = 0.6557
ROI (-49 -63 -7): length = 14mm; probability gray matter = 0.6559
ROI (49 -63 -7): length = 14mm; probability gray matter = 0.6559
ROI (-21 -77 -49): length = 14mm; probability gray matter = 0.6598
ROI (21 -77 -49): length = 14mm; probability gray matter = 0.6598
ROI (-7 -63 -49): length = 14mm; probability gray matter = 0.6619
ROI (7 -63 -49): length = 14mm; probability gray matter = 0.6619
ROI (-21 -35 -21): length = 14mm; probability gray matter = 0.6672
ROI (21 -35 -21): length = 14mm; probability gray matter = 0.6672
ROI (-7 21 -21): length = 14mm; probability gray matter = 0.6685
ROI (7 21 -21): length = 14mm; probability gray matter = 0.6685
ROI (-35 7 -7): length = 14mm; probability gray matter = 0.6794
ROI (35 7 -7): length = 14mm; probability gray matter = 0.6794
ROI (-35 -35 -21): length = 14mm; probability gray matter = 0.6839
ROI (35 -35 -21): length = 14mm; probability gray matter = 0.6839
ROI (-21 7 -7): length = 14mm; probability gray matter = 0.6868
ROI (21 7 -7): length = 14mm; probability gray matter = 0.6868
ROI (-49 -49 -21): length = 14mm; probability gray matter = 0.6921
ROI (49 -49 -21): length = 14mm; probability gray matter = 0.6921
ROI (-35 -63 -35): length = 14mm; probability gray matter = 0.6985
ROI (35 -63 -35): length = 14mm; probability gray matter = 0.6985
ROI (-35 -77 -35): length = 14mm; probability gray matter = 0.7109
ROI (35 -77 -35): length = 14mm; probability gray matter = 0.7109
ROI (-7 -63 -21): length = 14mm; probability gray matter = 0.7111
ROI (7 -63 -21): length = 14mm; probability gray matter = 0.7111
ROI (-21 -77 -35): length = 14mm; probability gray matter = 0.7550
ROI (21 -77 -35): length = 14mm; probability gray matter = 0.7550
ROI (-35 -63 -21): length = 14mm; probability gray matter = 0.7551
ROI (35 -63 -21): length = 14mm; probability gray matter = 0.7551
ROI (-35 -49 -21): length = 14mm; probability gray matter = 0.7553
ROI (35 -49 -21): length = 14mm; probability gray matter = 0.7553
ROI (-35 -63 -49): length = 14mm; probability gray matter = 0.7758
ROI (35 -63 -49): length = 14mm; probability gray matter = 0.7758
ROI (-21 -77 -21): length = 14mm; probability gray matter = 0.7859
ROI (21 -77 -21): length = 14mm; probability gray matter = 0.7859
ROI (-21 -7 -21): length = 14mm; probability gray matter = 0.7962
ROI (21 -7 -21): length = 14mm; probability gray matter = 0.7962
ROI (-21 -49 -21): length = 14mm; probability gray matter = 0.8394
ROI (21 -49 -21): length = 14mm; probability gray matter = 0.8394
ROI (-21 -63 -21): length = 14mm; probability gray matter = 0.8736
ROI (21 -63 -21): length = 14mm; probability gray matter = 0.8736
