ROI (-6 42 54): length = 12mm; probability gray matter = 0.2514
ROI (6 42 54): length = 12mm; probability gray matter = 0.2514
ROI (-30 30 54): length = 12mm; probability gray matter = 0.2522
ROI (30 30 54): length = 12mm; probability gray matter = 0.2522
ROI (-42 -54 6): length = 12mm; probability gray matter = 0.2566
ROI (42 -54 6): length = 12mm; probability gray matter = 0.2566
ROI (-18 18 -30): length = 12mm; probability gray matter = 0.2577
ROI (18 18 -30): length = 12mm; probability gray matter = 0.2577
ROI (-66 -18 -30): length = 12mm; probability gray matter = 0.2591
ROI (66 -18 -30): length = 12mm; probability gray matter = 0.2591
ROI (-6 -102 6): length = 12mm; probability gray matter = 0.2594
ROI (6 -102 6): length = 12mm; probability gray matter = 0.2594
ROI (-54 18 -6): length = 12mm; probability gray matter = 0.2598
ROI (54 18 -6): length = 12mm; probability gray matter = 0.2598
ROI (-42 -18 -18): length = 12mm; probability gray matter = 0.2629
ROI (42 -18 -18): length = 12mm; probability gray matter = 0.2629
ROI (-18 -90 -42): length = 12mm; probability gray matter = 0.2641
ROI (18 -90 -42): length = 12mm; probability gray matter = 0.2641
ROI (-42 -90 6): length = 12mm; probability gray matter = 0.2643
ROI (42 -90 6): length = 12mm; probability gray matter = 0.2643
ROI (-6 -6 -6): length = 12mm; probability gray matter = 0.2646
ROI (6 -6 -6): length = 12mm; probability gray matter = 0.2646
ROI (-54 -54 -42): length = 12mm; probability gray matter = 0.2648
ROI (54 -54 -42): length = 12mm; probability gray matter = 0.2648
ROI (-42 18 -42): length = 12mm; probability gray matter = 0.2660
ROI (42 18 -42): length = 12mm; probability gray matter = 0.2660
ROI (-6 54 42): length = 12mm; probability gray matter = 0.2674
ROI (6 54 42): length = 12mm; probability gray matter = 0.2674
ROI (-54 -30 54): length = 12mm; probability gray matter = 0.2683
ROI (54 -30 54): length = 12mm; probability gray matter = 0.2683
ROI (-6 -18 30): length = 12mm; probability gray matter = 0.2715
ROI (6 -18 30): length = 12mm; probability gray matter = 0.2715
ROI (-42 -90 -6): length = 12mm; probability gray matter = 0.2719
ROI (42 -90 -6): length = 12mm; probability gray matter = 0.2719
ROI (-42 18 54): length = 12mm; probability gray matter = 0.2724
ROI (42 18 54): length = 12mm; probability gray matter = 0.2724
ROI (-18 -30 42): length = 12mm; probability gray matter = 0.2739
ROI (18 -30 42): length = 12mm; probability gray matter = 0.2739
ROI (-18 -42 6): length = 12mm; probability gray matter = 0.2771
ROI (18 -42 6): length = 12mm; probability gray matter = 0.2771
ROI (-18 -30 66): length = 12mm; probability gray matter = 0.2785
ROI (18 -30 66): length = 12mm; probability gray matter = 0.2785
ROI (-30 30 6): length = 12mm; probability gray matter = 0.2790
ROI (30 30 6): length = 12mm; probability gray matter = 0.2790
ROI (-30 -54 -42): length = 12mm; probability gray matter = 0.2791
ROI (30 -54 -42): length = 12mm; probability gray matter = 0.2791
ROI (-18 -90 6): length = 12mm; probability gray matter = 0.2803
ROI (18 -90 6): length = 12mm; probability gray matter = 0.2803
ROI (-18 -54 -30): length = 12mm; probability gray matter = 0.2814
ROI (18 -54 -30): length = 12mm; probability gray matter = 0.2814
ROI (-18 -42 54): length = 12mm; probability gray matter = 0.2815
ROI (18 -42 54): length = 12mm; probability gray matter = 0.2815
ROI (-30 -54 66): length = 12mm; probability gray matter = 0.2831
ROI (30 -54 66): length = 12mm; probability gray matter = 0.2831
ROI (-6 -30 66): length = 12mm; probability gray matter = 0.2837
ROI (6 -30 66): length = 12mm; probability gray matter = 0.2837
ROI (-30 -30 66): length = 12mm; probability gray matter = 0.2850
ROI (30 -30 66): length = 12mm; probability gray matter = 0.2850
ROI (-42 -42 18): length = 12mm; probability gray matter = 0.2851
ROI (42 -42 18): length = 12mm; probability gray matter = 0.2851
ROI (-66 -54 -6): length = 12mm; probability gray matter = 0.2855
ROI (66 -54 -6): length = 12mm; probability gray matter = 0.2855
ROI (-30 54 -18): length = 12mm; probability gray matter = 0.2856
ROI (30 54 -18): length = 12mm; probability gray matter = 0.2856
ROI (-54 18 -18): length = 12mm; probability gray matter = 0.2857
ROI (54 18 -18): length = 12mm; probability gray matter = 0.2857
ROI (-30 54 30): length = 12mm; probability gray matter = 0.2858
ROI (30 54 30): length = 12mm; probability gray matter = 0.2858
ROI (-6 -42 -54): length = 12mm; probability gray matter = 0.2858
ROI (6 -42 -54): length = 12mm; probability gray matter = 0.2858
ROI (-66 -54 6): length = 12mm; probability gray matter = 0.2859
ROI (66 -54 6): length = 12mm; probability gray matter = 0.2859
ROI (-18 -6 54): length = 12mm; probability gray matter = 0.2860
ROI (18 -6 54): length = 12mm; probability gray matter = 0.2860
ROI (-6 -30 -6): length = 12mm; probability gray matter = 0.2861
ROI (6 -30 -6): length = 12mm; probability gray matter = 0.2861
ROI (-6 -54 -30): length = 12mm; probability gray matter = 0.2871
ROI (6 -54 -30): length = 12mm; probability gray matter = 0.2871
ROI (-6 -6 6): length = 12mm; probability gray matter = 0.2896
ROI (6 -6 6): length = 12mm; probability gray matter = 0.2896
ROI (-30 -78 -6): length = 12mm; probability gray matter = 0.2951
ROI (30 -78 -6): length = 12mm; probability gray matter = 0.2951
ROI (-18 54 6): length = 12mm; probability gray matter = 0.2959
ROI (18 54 6): length = 12mm; probability gray matter = 0.2959
ROI (-66 -6 -6): length = 12mm; probability gray matter = 0.2960
ROI (66 -6 -6): length = 12mm; probability gray matter = 0.2960
ROI (-66 -6 18): length = 12mm; probability gray matter = 0.2960
ROI (66 -6 18): length = 12mm; probability gray matter = 0.2960
ROI (-30 -18 66): length = 12mm; probability gray matter = 0.2969
ROI (30 -18 66): length = 12mm; probability gray matter = 0.2969
ROI (-18 -18 66): length = 12mm; probability gray matter = 0.3001
ROI (18 -18 66): length = 12mm; probability gray matter = 0.3001
ROI (-54 -54 -30): length = 12mm; probability gray matter = 0.3003
ROI (54 -54 -30): length = 12mm; probability gray matter = 0.3003
ROI (-42 -42 -42): length = 12mm; probability gray matter = 0.3010
ROI (42 -42 -42): length = 12mm; probability gray matter = 0.3010
ROI (-18 -54 54): length = 12mm; probability gray matter = 0.3060
ROI (18 -54 54): length = 12mm; probability gray matter = 0.3060
ROI (-6 66 18): length = 12mm; probability gray matter = 0.3064
ROI (6 66 18): length = 12mm; probability gray matter = 0.3064
ROI (-42 -6 -18): length = 12mm; probability gray matter = 0.3100
ROI (42 -6 -18): length = 12mm; probability gray matter = 0.3100
ROI (-66 -42 30): length = 12mm; probability gray matter = 0.3107
ROI (66 -42 30): length = 12mm; probability gray matter = 0.3107
ROI (-6 -30 6): length = 12mm; probability gray matter = 0.3110
ROI (6 -30 6): length = 12mm; probability gray matter = 0.3110
ROI (-6 -90 -18): length = 12mm; probability gray matter = 0.3124
ROI (6 -90 -18): length = 12mm; probability gray matter = 0.3124
ROI (-18 66 18): length = 12mm; probability gray matter = 0.3136
ROI (18 66 18): length = 12mm; probability gray matter = 0.3136
ROI (-54 -42 -30): length = 12mm; probability gray matter = 0.3152
ROI (54 -42 -30): length = 12mm; probability gray matter = 0.3152
ROI (-42 -6 -30): length = 12mm; probability gray matter = 0.3153
ROI (42 -6 -30): length = 12mm; probability gray matter = 0.3153
ROI (-42 -54 -6): length = 12mm; probability gray matter = 0.3168
ROI (42 -54 -6): length = 12mm; probability gray matter = 0.3168
ROI (-6 -90 30): length = 12mm; probability gray matter = 0.3194
ROI (6 -90 30): length = 12mm; probability gray matter = 0.3194
ROI (-42 -30 6): length = 12mm; probability gray matter = 0.3205
ROI (42 -30 6): length = 12mm; probability gray matter = 0.3205
ROI (-42 -18 54): length = 12mm; probability gray matter = 0.3209
ROI (42 -18 54): length = 12mm; probability gray matter = 0.3209
ROI (-42 -78 -42): length = 12mm; probability gray matter = 0.3227
ROI (42 -78 -42): length = 12mm; probability gray matter = 0.3227
ROI (-18 18 66): length = 12mm; probability gray matter = 0.3231
ROI (18 18 66): length = 12mm; probability gray matter = 0.3231
ROI (-6 6 30): length = 12mm; probability gray matter = 0.3239
ROI (6 6 30): length = 12mm; probability gray matter = 0.3239
ROI (-18 -42 -30): length = 12mm; probability gray matter = 0.3239
ROI (18 -42 -30): length = 12mm; probability gray matter = 0.3239
ROI (-30 -18 -6): length = 12mm; probability gray matter = 0.3253
ROI (30 -18 -6): length = 12mm; probability gray matter = 0.3253
ROI (-18 54 -6): length = 12mm; probability gray matter = 0.3260
ROI (18 54 -6): length = 12mm; probability gray matter = 0.3260
ROI (-18 42 30): length = 12mm; probability gray matter = 0.3288
ROI (18 42 30): length = 12mm; probability gray matter = 0.3288
ROI (-42 18 18): length = 12mm; probability gray matter = 0.3297
ROI (42 18 18): length = 12mm; probability gray matter = 0.3297
ROI (-66 -18 30): length = 12mm; probability gray matter = 0.3308
ROI (66 -18 30): length = 12mm; probability gray matter = 0.3308
ROI (-42 6 18): length = 12mm; probability gray matter = 0.3328
ROI (42 6 18): length = 12mm; probability gray matter = 0.3328
ROI (-30 -66 -6): length = 12mm; probability gray matter = 0.3333
ROI (30 -66 -6): length = 12mm; probability gray matter = 0.3333
ROI (-30 -18 6): length = 12mm; probability gray matter = 0.3340
ROI (30 -18 6): length = 12mm; probability gray matter = 0.3340
ROI (-30 42 42): length = 12mm; probability gray matter = 0.3343
ROI (30 42 42): length = 12mm; probability gray matter = 0.3343
ROI (-18 -102 6): length = 12mm; probability gray matter = 0.3357
ROI (18 -102 6): length = 12mm; probability gray matter = 0.3357
ROI (-66 -18 18): length = 12mm; probability gray matter = 0.3360
ROI (66 -18 18): length = 12mm; probability gray matter = 0.3360
ROI (-30 -42 -42): length = 12mm; probability gray matter = 0.3362
ROI (30 -42 -42): length = 12mm; probability gray matter = 0.3362
ROI (-54 6 42): length = 12mm; probability gray matter = 0.3384
ROI (54 6 42): length = 12mm; probability gray matter = 0.3384
ROI (-54 18 30): length = 12mm; probability gray matter = 0.3390
ROI (54 18 30): length = 12mm; probability gray matter = 0.3390
ROI (-30 -6 66): length = 12mm; probability gray matter = 0.3404
ROI (30 -6 66): length = 12mm; probability gray matter = 0.3404
ROI (-30 -42 66): length = 12mm; probability gray matter = 0.3426
ROI (30 -42 66): length = 12mm; probability gray matter = 0.3426
ROI (-6 -18 66): length = 12mm; probability gray matter = 0.3438
ROI (6 -18 66): length = 12mm; probability gray matter = 0.3438
ROI (-30 -30 54): length = 12mm; probability gray matter = 0.3438
ROI (30 -30 54): length = 12mm; probability gray matter = 0.3438
ROI (-42 -6 42): length = 12mm; probability gray matter = 0.3445
ROI (42 -6 42): length = 12mm; probability gray matter = 0.3445
ROI (-30 -78 -54): length = 12mm; probability gray matter = 0.3452
ROI (30 -78 -54): length = 12mm; probability gray matter = 0.3452
ROI (-18 -102 -6): length = 12mm; probability gray matter = 0.3453
ROI (18 -102 -6): length = 12mm; probability gray matter = 0.3453
ROI (-18 6 18): length = 12mm; probability gray matter = 0.3455
ROI (18 6 18): length = 12mm; probability gray matter = 0.3455
ROI (-6 18 66): length = 12mm; probability gray matter = 0.3460
ROI (6 18 66): length = 12mm; probability gray matter = 0.3460
ROI (-54 -6 -42): length = 12mm; probability gray matter = 0.3468
ROI (54 -6 -42): length = 12mm; probability gray matter = 0.3468
ROI (-66 -6 -18): length = 12mm; probability gray matter = 0.3494
ROI (66 -6 -18): length = 12mm; probability gray matter = 0.3494
ROI (-18 6 6): length = 12mm; probability gray matter = 0.3502
ROI (18 6 6): length = 12mm; probability gray matter = 0.3502
ROI (-18 6 54): length = 12mm; probability gray matter = 0.3505
ROI (18 6 54): length = 12mm; probability gray matter = 0.3505
ROI (-54 -66 -18): length = 12mm; probability gray matter = 0.3511
ROI (54 -66 -18): length = 12mm; probability gray matter = 0.3511
ROI (-30 -66 54): length = 12mm; probability gray matter = 0.3533
ROI (30 -66 54): length = 12mm; probability gray matter = 0.3533
ROI (-6 -42 66): length = 12mm; probability gray matter = 0.3569
ROI (6 -42 66): length = 12mm; probability gray matter = 0.3569
ROI (-42 -54 54): length = 12mm; probability gray matter = 0.3573
ROI (42 -54 54): length = 12mm; probability gray matter = 0.3573
ROI (-54 -6 18): length = 12mm; probability gray matter = 0.3587
ROI (54 -6 18): length = 12mm; probability gray matter = 0.3587
ROI (-18 -78 30): length = 12mm; probability gray matter = 0.3607
ROI (18 -78 30): length = 12mm; probability gray matter = 0.3607
ROI (-42 42 30): length = 12mm; probability gray matter = 0.3617
ROI (42 42 30): length = 12mm; probability gray matter = 0.3617
ROI (-30 -66 30): length = 12mm; probability gray matter = 0.3623
ROI (30 -66 30): length = 12mm; probability gray matter = 0.3623
ROI (-18 -30 -18): length = 12mm; probability gray matter = 0.3635
ROI (18 -30 -18): length = 12mm; probability gray matter = 0.3635
ROI (-54 30 18): length = 12mm; probability gray matter = 0.3661
ROI (54 30 18): length = 12mm; probability gray matter = 0.3661
ROI (-18 -66 42): length = 12mm; probability gray matter = 0.3668
ROI (18 -66 42): length = 12mm; probability gray matter = 0.3668
ROI (-42 -30 54): length = 12mm; probability gray matter = 0.3669
ROI (42 -30 54): length = 12mm; probability gray matter = 0.3669
ROI (-42 30 42): length = 12mm; probability gray matter = 0.3677
ROI (42 30 42): length = 12mm; probability gray matter = 0.3677
ROI (-42 -54 30): length = 12mm; probability gray matter = 0.3679
ROI (42 -54 30): length = 12mm; probability gray matter = 0.3679
ROI (-18 -54 18): length = 12mm; probability gray matter = 0.3681
ROI (18 -54 18): length = 12mm; probability gray matter = 0.3681
ROI (-6 42 -30): length = 12mm; probability gray matter = 0.3682
ROI (6 42 -30): length = 12mm; probability gray matter = 0.3682
ROI (-42 -6 18): length = 12mm; probability gray matter = 0.3686
ROI (42 -6 18): length = 12mm; probability gray matter = 0.3686
ROI (-18 -30 -6): length = 12mm; probability gray matter = 0.3695
ROI (18 -30 -6): length = 12mm; probability gray matter = 0.3695
ROI (-18 -90 -6): length = 12mm; probability gray matter = 0.3715
ROI (18 -90 -6): length = 12mm; probability gray matter = 0.3715
ROI (-18 6 -42): length = 12mm; probability gray matter = 0.3715
ROI (18 6 -42): length = 12mm; probability gray matter = 0.3715
ROI (-42 -30 -30): length = 12mm; probability gray matter = 0.3730
ROI (42 -30 -30): length = 12mm; probability gray matter = 0.3730
ROI (-18 -42 66): length = 12mm; probability gray matter = 0.3751
ROI (18 -42 66): length = 12mm; probability gray matter = 0.3751
ROI (-42 42 -18): length = 12mm; probability gray matter = 0.3752
ROI (42 42 -18): length = 12mm; probability gray matter = 0.3752
ROI (-6 -30 30): length = 12mm; probability gray matter = 0.3763
ROI (6 -30 30): length = 12mm; probability gray matter = 0.3763
ROI (-54 30 -6): length = 12mm; probability gray matter = 0.3764
ROI (54 30 -6): length = 12mm; probability gray matter = 0.3764
ROI (-66 -30 30): length = 12mm; probability gray matter = 0.3765
ROI (66 -30 30): length = 12mm; probability gray matter = 0.3765
ROI (-6 66 -6): length = 12mm; probability gray matter = 0.3776
ROI (6 66 -6): length = 12mm; probability gray matter = 0.3776
ROI (-30 30 -6): length = 12mm; probability gray matter = 0.3778
ROI (30 30 -6): length = 12mm; probability gray matter = 0.3778
ROI (-66 -42 -18): length = 12mm; probability gray matter = 0.3786
ROI (66 -42 -18): length = 12mm; probability gray matter = 0.3786
ROI (-18 54 18): length = 12mm; probability gray matter = 0.3787
ROI (18 54 18): length = 12mm; probability gray matter = 0.3787
ROI (-66 -18 6): length = 12mm; probability gray matter = 0.3790
ROI (66 -18 6): length = 12mm; probability gray matter = 0.3790
ROI (-6 6 -18): length = 12mm; probability gray matter = 0.3801
ROI (6 6 -18): length = 12mm; probability gray matter = 0.3801
ROI (-18 -90 30): length = 12mm; probability gray matter = 0.3811
ROI (18 -90 30): length = 12mm; probability gray matter = 0.3811
ROI (-42 -18 -6): length = 12mm; probability gray matter = 0.3829
ROI (42 -18 -6): length = 12mm; probability gray matter = 0.3829
ROI (-18 30 42): length = 12mm; probability gray matter = 0.3831
ROI (18 30 42): length = 12mm; probability gray matter = 0.3831
ROI (-6 -78 42): length = 12mm; probability gray matter = 0.3833
ROI (6 -78 42): length = 12mm; probability gray matter = 0.3833
ROI (-6 66 6): length = 12mm; probability gray matter = 0.3845
ROI (6 66 6): length = 12mm; probability gray matter = 0.3845
ROI (-18 -18 -18): length = 12mm; probability gray matter = 0.3862
ROI (18 -18 -18): length = 12mm; probability gray matter = 0.3862
ROI (-18 -78 -6): length = 12mm; probability gray matter = 0.3862
ROI (18 -78 -6): length = 12mm; probability gray matter = 0.3862
ROI (-18 6 -30): length = 12mm; probability gray matter = 0.3862
ROI (18 6 -30): length = 12mm; probability gray matter = 0.3862
ROI (-6 -30 54): length = 12mm; probability gray matter = 0.3868
ROI (6 -30 54): length = 12mm; probability gray matter = 0.3868
ROI (-54 -66 30): length = 12mm; probability gray matter = 0.3872
ROI (54 -66 30): length = 12mm; probability gray matter = 0.3872
ROI (-6 -54 66): length = 12mm; probability gray matter = 0.3893
ROI (6 -54 66): length = 12mm; probability gray matter = 0.3893
ROI (-30 -42 54): length = 12mm; probability gray matter = 0.3906
ROI (30 -42 54): length = 12mm; probability gray matter = 0.3906
ROI (-42 30 6): length = 12mm; probability gray matter = 0.3908
ROI (42 30 6): length = 12mm; probability gray matter = 0.3908
ROI (-30 -54 54): length = 12mm; probability gray matter = 0.3917
ROI (30 -54 54): length = 12mm; probability gray matter = 0.3917
ROI (-18 -66 54): length = 12mm; probability gray matter = 0.3922
ROI (18 -66 54): length = 12mm; probability gray matter = 0.3922
ROI (-18 -66 -42): length = 12mm; probability gray matter = 0.3930
ROI (18 -66 -42): length = 12mm; probability gray matter = 0.3930
ROI (-6 -66 -54): length = 12mm; probability gray matter = 0.3940
ROI (6 -66 -54): length = 12mm; probability gray matter = 0.3940
ROI (-30 -90 -18): length = 12mm; probability gray matter = 0.3962
ROI (30 -90 -18): length = 12mm; probability gray matter = 0.3962
ROI (-18 -90 18): length = 12mm; probability gray matter = 0.3991
ROI (18 -90 18): length = 12mm; probability gray matter = 0.3991
ROI (-54 -42 -6): length = 12mm; probability gray matter = 0.3992
ROI (54 -42 -6): length = 12mm; probability gray matter = 0.3992
ROI (-6 -66 -6): length = 12mm; probability gray matter = 0.4001
ROI (6 -66 -6): length = 12mm; probability gray matter = 0.4001
ROI (-54 -30 -30): length = 12mm; probability gray matter = 0.4015
ROI (54 -30 -30): length = 12mm; probability gray matter = 0.4015
ROI (-66 -42 18): length = 12mm; probability gray matter = 0.4017
ROI (66 -42 18): length = 12mm; probability gray matter = 0.4017
ROI (-6 30 -30): length = 12mm; probability gray matter = 0.4037
ROI (6 30 -30): length = 12mm; probability gray matter = 0.4037
ROI (-66 -30 18): length = 12mm; probability gray matter = 0.4061
ROI (66 -30 18): length = 12mm; probability gray matter = 0.4061
ROI (-18 -78 -54): length = 12mm; probability gray matter = 0.4074
ROI (18 -78 -54): length = 12mm; probability gray matter = 0.4074
ROI (-30 -42 42): length = 12mm; probability gray matter = 0.4079
ROI (30 -42 42): length = 12mm; probability gray matter = 0.4079
ROI (-30 18 42): length = 12mm; probability gray matter = 0.4082
ROI (30 18 42): length = 12mm; probability gray matter = 0.4082
ROI (-18 66 -6): length = 12mm; probability gray matter = 0.4087
ROI (18 66 -6): length = 12mm; probability gray matter = 0.4087
ROI (-42 54 6): length = 12mm; probability gray matter = 0.4103
ROI (42 54 6): length = 12mm; probability gray matter = 0.4103
ROI (-6 -18 54): length = 12mm; probability gray matter = 0.4123
ROI (6 -18 54): length = 12mm; probability gray matter = 0.4123
ROI (-42 -42 54): length = 12mm; probability gray matter = 0.4123
ROI (42 -42 54): length = 12mm; probability gray matter = 0.4123
ROI (-30 -78 42): length = 12mm; probability gray matter = 0.4131
ROI (30 -78 42): length = 12mm; probability gray matter = 0.4131
ROI (-30 30 30): length = 12mm; probability gray matter = 0.4162
ROI (30 30 30): length = 12mm; probability gray matter = 0.4162
ROI (-54 -18 -18): length = 12mm; probability gray matter = 0.4175
ROI (54 -18 -18): length = 12mm; probability gray matter = 0.4175
ROI (-6 30 -6): length = 12mm; probability gray matter = 0.4186
ROI (6 30 -6): length = 12mm; probability gray matter = 0.4186
ROI (-18 54 -18): length = 12mm; probability gray matter = 0.4186
ROI (18 54 -18): length = 12mm; probability gray matter = 0.4186
ROI (-6 -90 18): length = 12mm; probability gray matter = 0.4193
ROI (6 -90 18): length = 12mm; probability gray matter = 0.4193
ROI (-30 -78 18): length = 12mm; probability gray matter = 0.4204
ROI (30 -78 18): length = 12mm; probability gray matter = 0.4204
ROI (-18 -54 66): length = 12mm; probability gray matter = 0.4207
ROI (18 -54 66): length = 12mm; probability gray matter = 0.4207
ROI (-30 -54 -6): length = 12mm; probability gray matter = 0.4216
ROI (30 -54 -6): length = 12mm; probability gray matter = 0.4216
ROI (-42 -78 -18): length = 12mm; probability gray matter = 0.4218
ROI (42 -78 -18): length = 12mm; probability gray matter = 0.4218
ROI (-42 -18 42): length = 12mm; probability gray matter = 0.4232
ROI (42 -18 42): length = 12mm; probability gray matter = 0.4232
ROI (-30 18 -30): length = 12mm; probability gray matter = 0.4254
ROI (30 18 -30): length = 12mm; probability gray matter = 0.4254
ROI (-6 -78 -6): length = 12mm; probability gray matter = 0.4271
ROI (6 -78 -6): length = 12mm; probability gray matter = 0.4271
ROI (-54 -18 30): length = 12mm; probability gray matter = 0.4277
ROI (54 -18 30): length = 12mm; probability gray matter = 0.4277
ROI (-30 -42 -54): length = 12mm; probability gray matter = 0.4285
ROI (30 -42 -54): length = 12mm; probability gray matter = 0.4285
ROI (-42 6 -30): length = 12mm; probability gray matter = 0.4289
ROI (42 6 -30): length = 12mm; probability gray matter = 0.4289
ROI (-42 -30 -18): length = 12mm; probability gray matter = 0.4290
ROI (42 -30 -18): length = 12mm; probability gray matter = 0.4290
ROI (-30 18 -42): length = 12mm; probability gray matter = 0.4298
ROI (30 18 -42): length = 12mm; probability gray matter = 0.4298
ROI (-18 42 -18): length = 12mm; probability gray matter = 0.4312
ROI (18 42 -18): length = 12mm; probability gray matter = 0.4312
ROI (-18 -78 42): length = 12mm; probability gray matter = 0.4320
ROI (18 -78 42): length = 12mm; probability gray matter = 0.4320
ROI (-18 66 6): length = 12mm; probability gray matter = 0.4323
ROI (18 66 6): length = 12mm; probability gray matter = 0.4323
ROI (-30 -90 -6): length = 12mm; probability gray matter = 0.4325
ROI (30 -90 -6): length = 12mm; probability gray matter = 0.4325
ROI (-6 42 42): length = 12mm; probability gray matter = 0.4353
ROI (6 42 42): length = 12mm; probability gray matter = 0.4353
ROI (-18 -66 30): length = 12mm; probability gray matter = 0.4363
ROI (18 -66 30): length = 12mm; probability gray matter = 0.4363
ROI (-42 54 -6): length = 12mm; probability gray matter = 0.4367
ROI (42 54 -6): length = 12mm; probability gray matter = 0.4367
ROI (-18 -90 -30): length = 12mm; probability gray matter = 0.4383
ROI (18 -90 -30): length = 12mm; probability gray matter = 0.4383
ROI (-54 -6 42): length = 12mm; probability gray matter = 0.4393
ROI (54 -6 42): length = 12mm; probability gray matter = 0.4393
ROI (-18 -30 6): length = 12mm; probability gray matter = 0.4410
ROI (18 -30 6): length = 12mm; probability gray matter = 0.4410
ROI (-54 30 6): length = 12mm; probability gray matter = 0.4421
ROI (54 30 6): length = 12mm; probability gray matter = 0.4421
ROI (-18 18 54): length = 12mm; probability gray matter = 0.4450
ROI (18 18 54): length = 12mm; probability gray matter = 0.4450
ROI (-42 18 -18): length = 12mm; probability gray matter = 0.4451
ROI (42 18 -18): length = 12mm; probability gray matter = 0.4451
ROI (-30 42 18): length = 12mm; probability gray matter = 0.4464
ROI (30 42 18): length = 12mm; probability gray matter = 0.4464
ROI (-6 -66 54): length = 12mm; probability gray matter = 0.4475
ROI (6 -66 54): length = 12mm; probability gray matter = 0.4475
ROI (-54 -30 30): length = 12mm; probability gray matter = 0.4494
ROI (54 -30 30): length = 12mm; probability gray matter = 0.4494
ROI (-42 30 -18): length = 12mm; probability gray matter = 0.4500
ROI (42 30 -18): length = 12mm; probability gray matter = 0.4500
ROI (-54 -6 30): length = 12mm; probability gray matter = 0.4503
ROI (54 -6 30): length = 12mm; probability gray matter = 0.4503
ROI (-54 -54 42): length = 12mm; probability gray matter = 0.4510
ROI (54 -54 42): length = 12mm; probability gray matter = 0.4510
ROI (-42 -66 -54): length = 12mm; probability gray matter = 0.4516
ROI (42 -66 -54): length = 12mm; probability gray matter = 0.4516
ROI (-6 54 30): length = 12mm; probability gray matter = 0.4527
ROI (6 54 30): length = 12mm; probability gray matter = 0.4527
ROI (-30 -54 42): length = 12mm; probability gray matter = 0.4528
ROI (30 -54 42): length = 12mm; probability gray matter = 0.4528
ROI (-42 -54 42): length = 12mm; probability gray matter = 0.4530
ROI (42 -54 42): length = 12mm; probability gray matter = 0.4530
ROI (-30 -30 -30): length = 12mm; probability gray matter = 0.4540
ROI (30 -30 -30): length = 12mm; probability gray matter = 0.4540
ROI (-30 -90 18): length = 12mm; probability gray matter = 0.4541
ROI (30 -90 18): length = 12mm; probability gray matter = 0.4541
ROI (-54 -30 -18): length = 12mm; probability gray matter = 0.4543
ROI (54 -30 -18): length = 12mm; probability gray matter = 0.4543
ROI (-42 6 -18): length = 12mm; probability gray matter = 0.4551
ROI (42 6 -18): length = 12mm; probability gray matter = 0.4551
ROI (-42 6 54): length = 12mm; probability gray matter = 0.4559
ROI (42 6 54): length = 12mm; probability gray matter = 0.4559
ROI (-18 -42 -54): length = 12mm; probability gray matter = 0.4571
ROI (18 -42 -54): length = 12mm; probability gray matter = 0.4571
ROI (-6 -54 6): length = 12mm; probability gray matter = 0.4578
ROI (6 -54 6): length = 12mm; probability gray matter = 0.4578
ROI (-30 42 -18): length = 12mm; probability gray matter = 0.4583
ROI (30 42 -18): length = 12mm; probability gray matter = 0.4583
ROI (-6 30 54): length = 12mm; probability gray matter = 0.4596
ROI (6 30 54): length = 12mm; probability gray matter = 0.4596
ROI (-42 -78 30): length = 12mm; probability gray matter = 0.4604
ROI (42 -78 30): length = 12mm; probability gray matter = 0.4604
ROI (-42 -6 54): length = 12mm; probability gray matter = 0.4604
ROI (42 -6 54): length = 12mm; probability gray matter = 0.4604
ROI (-6 18 54): length = 12mm; probability gray matter = 0.4604
ROI (6 18 54): length = 12mm; probability gray matter = 0.4604
ROI (-6 -6 66): length = 12mm; probability gray matter = 0.4608
ROI (6 -6 66): length = 12mm; probability gray matter = 0.4608
ROI (-6 30 42): length = 12mm; probability gray matter = 0.4615
ROI (6 30 42): length = 12mm; probability gray matter = 0.4615
ROI (-42 -66 6): length = 12mm; probability gray matter = 0.4623
ROI (42 -66 6): length = 12mm; probability gray matter = 0.4623
ROI (-6 -78 18): length = 12mm; probability gray matter = 0.4638
ROI (6 -78 18): length = 12mm; probability gray matter = 0.4638
ROI (-6 -78 30): length = 12mm; probability gray matter = 0.4644
ROI (6 -78 30): length = 12mm; probability gray matter = 0.4644
ROI (-54 -18 42): length = 12mm; probability gray matter = 0.4680
ROI (54 -18 42): length = 12mm; probability gray matter = 0.4680
ROI (-30 -30 -6): length = 12mm; probability gray matter = 0.4689
ROI (30 -30 -6): length = 12mm; probability gray matter = 0.4689
ROI (-18 -6 66): length = 12mm; probability gray matter = 0.4705
ROI (18 -6 66): length = 12mm; probability gray matter = 0.4705
ROI (-30 -6 6): length = 12mm; probability gray matter = 0.4719
ROI (30 -6 6): length = 12mm; probability gray matter = 0.4719
ROI (-6 -78 -18): length = 12mm; probability gray matter = 0.4720
ROI (6 -78 -18): length = 12mm; probability gray matter = 0.4720
ROI (-54 -18 6): length = 12mm; probability gray matter = 0.4726
ROI (54 -18 6): length = 12mm; probability gray matter = 0.4726
ROI (-30 -66 42): length = 12mm; probability gray matter = 0.4728
ROI (30 -66 42): length = 12mm; probability gray matter = 0.4728
ROI (-6 -42 54): length = 12mm; probability gray matter = 0.4741
ROI (6 -42 54): length = 12mm; probability gray matter = 0.4741
ROI (-18 30 -18): length = 12mm; probability gray matter = 0.4754
ROI (18 30 -18): length = 12mm; probability gray matter = 0.4754
ROI (-6 6 54): length = 12mm; probability gray matter = 0.4755
ROI (6 6 54): length = 12mm; probability gray matter = 0.4755
ROI (-6 -6 54): length = 12mm; probability gray matter = 0.4761
ROI (6 -6 54): length = 12mm; probability gray matter = 0.4761
ROI (-6 -90 -6): length = 12mm; probability gray matter = 0.4764
ROI (6 -90 -6): length = 12mm; probability gray matter = 0.4764
ROI (-18 18 6): length = 12mm; probability gray matter = 0.4771
ROI (18 18 6): length = 12mm; probability gray matter = 0.4771
ROI (-18 54 30): length = 12mm; probability gray matter = 0.4783
ROI (18 54 30): length = 12mm; probability gray matter = 0.4783
ROI (-18 6 66): length = 12mm; probability gray matter = 0.4788
ROI (18 6 66): length = 12mm; probability gray matter = 0.4788
ROI (-6 6 66): length = 12mm; probability gray matter = 0.4791
ROI (6 6 66): length = 12mm; probability gray matter = 0.4791
ROI (-18 30 54): length = 12mm; probability gray matter = 0.4802
ROI (18 30 54): length = 12mm; probability gray matter = 0.4802
ROI (-42 -54 18): length = 12mm; probability gray matter = 0.4820
ROI (42 -54 18): length = 12mm; probability gray matter = 0.4820
ROI (-66 -30 6): length = 12mm; probability gray matter = 0.4825
ROI (66 -30 6): length = 12mm; probability gray matter = 0.4825
ROI (-42 -78 -30): length = 12mm; probability gray matter = 0.4828
ROI (42 -78 -30): length = 12mm; probability gray matter = 0.4828
ROI (-54 6 30): length = 12mm; probability gray matter = 0.4839
ROI (54 6 30): length = 12mm; probability gray matter = 0.4839
ROI (-42 42 -6): length = 12mm; probability gray matter = 0.4847
ROI (42 42 -6): length = 12mm; probability gray matter = 0.4847
ROI (-54 -30 6): length = 12mm; probability gray matter = 0.4881
ROI (54 -30 6): length = 12mm; probability gray matter = 0.4881
ROI (-18 -90 -18): length = 12mm; probability gray matter = 0.4882
ROI (18 -90 -18): length = 12mm; probability gray matter = 0.4882
ROI (-42 -78 -6): length = 12mm; probability gray matter = 0.4903
ROI (42 -78 -6): length = 12mm; probability gray matter = 0.4903
ROI (-42 -66 42): length = 12mm; probability gray matter = 0.4906
ROI (42 -66 42): length = 12mm; probability gray matter = 0.4906
ROI (-6 -90 6): length = 12mm; probability gray matter = 0.4917
ROI (6 -90 6): length = 12mm; probability gray matter = 0.4917
ROI (-42 -66 30): length = 12mm; probability gray matter = 0.4936
ROI (42 -66 30): length = 12mm; probability gray matter = 0.4936
ROI (-66 -42 6): length = 12mm; probability gray matter = 0.4955
ROI (66 -42 6): length = 12mm; probability gray matter = 0.4955
ROI (-18 42 42): length = 12mm; probability gray matter = 0.4958
ROI (18 42 42): length = 12mm; probability gray matter = 0.4958
ROI (-6 -66 42): length = 12mm; probability gray matter = 0.4963
ROI (6 -66 42): length = 12mm; probability gray matter = 0.4963
ROI (-54 18 18): length = 12mm; probability gray matter = 0.4964
ROI (54 18 18): length = 12mm; probability gray matter = 0.4964
ROI (-66 -18 -6): length = 12mm; probability gray matter = 0.4967
ROI (66 -18 -6): length = 12mm; probability gray matter = 0.4967
ROI (-54 6 18): length = 12mm; probability gray matter = 0.4967
ROI (54 6 18): length = 12mm; probability gray matter = 0.4967
ROI (-6 54 18): length = 12mm; probability gray matter = 0.4998
ROI (6 54 18): length = 12mm; probability gray matter = 0.4998
ROI (-30 -90 6): length = 12mm; probability gray matter = 0.5011
ROI (30 -90 6): length = 12mm; probability gray matter = 0.5011
ROI (-42 -66 -6): length = 12mm; probability gray matter = 0.5032
ROI (42 -66 -6): length = 12mm; probability gray matter = 0.5032
ROI (-54 -66 18): length = 12mm; probability gray matter = 0.5043
ROI (54 -66 18): length = 12mm; probability gray matter = 0.5043
ROI (-6 30 18): length = 12mm; probability gray matter = 0.5051
ROI (6 30 18): length = 12mm; probability gray matter = 0.5051
ROI (-6 -54 54): length = 12mm; probability gray matter = 0.5052
ROI (6 -54 54): length = 12mm; probability gray matter = 0.5052
ROI (-6 42 30): length = 12mm; probability gray matter = 0.5057
ROI (6 42 30): length = 12mm; probability gray matter = 0.5057
ROI (-66 -18 -18): length = 12mm; probability gray matter = 0.5080
ROI (66 -18 -18): length = 12mm; probability gray matter = 0.5080
ROI (-18 -66 6): length = 12mm; probability gray matter = 0.5092
ROI (18 -66 6): length = 12mm; probability gray matter = 0.5092
ROI (-66 -42 -6): length = 12mm; probability gray matter = 0.5114
ROI (66 -42 -6): length = 12mm; probability gray matter = 0.5114
ROI (-54 -30 42): length = 12mm; probability gray matter = 0.5120
ROI (54 -30 42): length = 12mm; probability gray matter = 0.5120
ROI (-42 18 42): length = 12mm; probability gray matter = 0.5120
ROI (42 18 42): length = 12mm; probability gray matter = 0.5120
ROI (-30 18 54): length = 12mm; probability gray matter = 0.5123
ROI (30 18 54): length = 12mm; probability gray matter = 0.5123
ROI (-42 -42 -30): length = 12mm; probability gray matter = 0.5131
ROI (42 -42 -30): length = 12mm; probability gray matter = 0.5131
ROI (-6 54 -18): length = 12mm; probability gray matter = 0.5136
ROI (6 54 -18): length = 12mm; probability gray matter = 0.5136
ROI (-6 18 -6): length = 12mm; probability gray matter = 0.5136
ROI (6 18 -6): length = 12mm; probability gray matter = 0.5136
ROI (-42 -18 6): length = 12mm; probability gray matter = 0.5142
ROI (42 -18 6): length = 12mm; probability gray matter = 0.5142
ROI (-42 30 18): length = 12mm; probability gray matter = 0.5144
ROI (42 30 18): length = 12mm; probability gray matter = 0.5144
ROI (-66 -30 -18): length = 12mm; probability gray matter = 0.5153
ROI (66 -30 -18): length = 12mm; probability gray matter = 0.5153
ROI (-54 -6 -6): length = 12mm; probability gray matter = 0.5159
ROI (54 -6 -6): length = 12mm; probability gray matter = 0.5159
ROI (-42 -42 42): length = 12mm; probability gray matter = 0.5161
ROI (42 -42 42): length = 12mm; probability gray matter = 0.5161
ROI (-30 -42 -6): length = 12mm; probability gray matter = 0.5163
ROI (30 -42 -6): length = 12mm; probability gray matter = 0.5163
ROI (-30 6 54): length = 12mm; probability gray matter = 0.5185
ROI (30 6 54): length = 12mm; probability gray matter = 0.5185
ROI (-42 -30 42): length = 12mm; probability gray matter = 0.5187
ROI (42 -30 42): length = 12mm; probability gray matter = 0.5187
ROI (-6 -18 6): length = 12mm; probability gray matter = 0.5209
ROI (6 -18 6): length = 12mm; probability gray matter = 0.5209
ROI (-54 -42 30): length = 12mm; probability gray matter = 0.5237
ROI (54 -42 30): length = 12mm; probability gray matter = 0.5237
ROI (-30 -78 30): length = 12mm; probability gray matter = 0.5245
ROI (30 -78 30): length = 12mm; probability gray matter = 0.5245
ROI (-54 -42 42): length = 12mm; probability gray matter = 0.5260
ROI (54 -42 42): length = 12mm; probability gray matter = 0.5260
ROI (-42 -78 6): length = 12mm; probability gray matter = 0.5275
ROI (42 -78 6): length = 12mm; probability gray matter = 0.5275
ROI (-18 -66 18): length = 12mm; probability gray matter = 0.5276
ROI (18 -66 18): length = 12mm; probability gray matter = 0.5276
ROI (-6 -54 -6): length = 12mm; probability gray matter = 0.5286
ROI (6 -54 -6): length = 12mm; probability gray matter = 0.5286
ROI (-42 30 30): length = 12mm; probability gray matter = 0.5308
ROI (42 30 30): length = 12mm; probability gray matter = 0.5308
ROI (-18 -66 -30): length = 12mm; probability gray matter = 0.5310
ROI (18 -66 -30): length = 12mm; probability gray matter = 0.5310
ROI (-42 30 -6): length = 12mm; probability gray matter = 0.5352
ROI (42 30 -6): length = 12mm; probability gray matter = 0.5352
ROI (-54 18 6): length = 12mm; probability gray matter = 0.5355
ROI (54 18 6): length = 12mm; probability gray matter = 0.5355
ROI (-30 54 -6): length = 12mm; probability gray matter = 0.5383
ROI (30 54 -6): length = 12mm; probability gray matter = 0.5383
ROI (-42 -66 18): length = 12mm; probability gray matter = 0.5386
ROI (42 -66 18): length = 12mm; probability gray matter = 0.5386
ROI (-30 6 -30): length = 12mm; probability gray matter = 0.5403
ROI (30 6 -30): length = 12mm; probability gray matter = 0.5403
ROI (-18 18 -18): length = 12mm; probability gray matter = 0.5414
ROI (18 18 -18): length = 12mm; probability gray matter = 0.5414
ROI (-6 -66 6): length = 12mm; probability gray matter = 0.5421
ROI (6 -66 6): length = 12mm; probability gray matter = 0.5421
ROI (-18 -66 -6): length = 12mm; probability gray matter = 0.5422
ROI (18 -66 -6): length = 12mm; probability gray matter = 0.5422
ROI (-42 18 -6): length = 12mm; probability gray matter = 0.5457
ROI (42 18 -6): length = 12mm; probability gray matter = 0.5457
ROI (-54 -66 6): length = 12mm; probability gray matter = 0.5461
ROI (54 -66 6): length = 12mm; probability gray matter = 0.5461
ROI (-54 6 -6): length = 12mm; probability gray matter = 0.5464
ROI (54 6 -6): length = 12mm; probability gray matter = 0.5464
ROI (-30 30 -18): length = 12mm; probability gray matter = 0.5470
ROI (30 30 -18): length = 12mm; probability gray matter = 0.5470
ROI (-54 6 -30): length = 12mm; probability gray matter = 0.5473
ROI (54 6 -30): length = 12mm; probability gray matter = 0.5473
ROI (-6 -54 18): length = 12mm; probability gray matter = 0.5473
ROI (6 -54 18): length = 12mm; probability gray matter = 0.5473
ROI (-42 6 42): length = 12mm; probability gray matter = 0.5527
ROI (42 6 42): length = 12mm; probability gray matter = 0.5527
ROI (-18 18 -6): length = 12mm; probability gray matter = 0.5532
ROI (18 18 -6): length = 12mm; probability gray matter = 0.5532
ROI (-30 18 6): length = 12mm; probability gray matter = 0.5533
ROI (30 18 6): length = 12mm; probability gray matter = 0.5533
ROI (-6 54 -6): length = 12mm; probability gray matter = 0.5550
ROI (6 54 -6): length = 12mm; probability gray matter = 0.5550
ROI (-6 -42 -18): length = 12mm; probability gray matter = 0.5562
ROI (6 -42 -18): length = 12mm; probability gray matter = 0.5562
ROI (-6 18 30): length = 12mm; probability gray matter = 0.5574
ROI (6 18 30): length = 12mm; probability gray matter = 0.5574
ROI (-6 6 -6): length = 12mm; probability gray matter = 0.5576
ROI (6 6 -6): length = 12mm; probability gray matter = 0.5576
ROI (-42 -18 18): length = 12mm; probability gray matter = 0.5576
ROI (42 -18 18): length = 12mm; probability gray matter = 0.5576
ROI (-6 18 42): length = 12mm; probability gray matter = 0.5580
ROI (6 18 42): length = 12mm; probability gray matter = 0.5580
ROI (-6 -66 -30): length = 12mm; probability gray matter = 0.5600
ROI (6 -66 -30): length = 12mm; probability gray matter = 0.5600
ROI (-42 -78 18): length = 12mm; probability gray matter = 0.5601
ROI (42 -78 18): length = 12mm; probability gray matter = 0.5601
ROI (-6 -78 -42): length = 12mm; probability gray matter = 0.5606
ROI (6 -78 -42): length = 12mm; probability gray matter = 0.5606
ROI (-6 -42 30): length = 12mm; probability gray matter = 0.5610
ROI (6 -42 30): length = 12mm; probability gray matter = 0.5610
ROI (-54 -66 -6): length = 12mm; probability gray matter = 0.5638
ROI (54 -66 -6): length = 12mm; probability gray matter = 0.5638
ROI (-54 -42 18): length = 12mm; probability gray matter = 0.5640
ROI (54 -42 18): length = 12mm; probability gray matter = 0.5640
ROI (-66 -30 -6): length = 12mm; probability gray matter = 0.5642
ROI (66 -30 -6): length = 12mm; probability gray matter = 0.5642
ROI (-42 42 18): length = 12mm; probability gray matter = 0.5646
ROI (42 42 18): length = 12mm; probability gray matter = 0.5646
ROI (-42 18 30): length = 12mm; probability gray matter = 0.5656
ROI (42 18 30): length = 12mm; probability gray matter = 0.5656
ROI (-42 -6 -6): length = 12mm; probability gray matter = 0.5666
ROI (42 -6 -6): length = 12mm; probability gray matter = 0.5666
ROI (-54 -18 18): length = 12mm; probability gray matter = 0.5667
ROI (54 -18 18): length = 12mm; probability gray matter = 0.5667
ROI (-30 -66 -42): length = 12mm; probability gray matter = 0.5674
ROI (30 -66 -42): length = 12mm; probability gray matter = 0.5674
ROI (-30 54 18): length = 12mm; probability gray matter = 0.5697
ROI (30 54 18): length = 12mm; probability gray matter = 0.5697
ROI (-42 6 -6): length = 12mm; probability gray matter = 0.5702
ROI (42 6 -6): length = 12mm; probability gray matter = 0.5702
ROI (-6 54 6): length = 12mm; probability gray matter = 0.5705
ROI (6 54 6): length = 12mm; probability gray matter = 0.5705
ROI (-54 -6 6): length = 12mm; probability gray matter = 0.5707
ROI (54 -6 6): length = 12mm; probability gray matter = 0.5707
ROI (-30 -6 54): length = 12mm; probability gray matter = 0.5723
ROI (30 -6 54): length = 12mm; probability gray matter = 0.5723
ROI (-54 6 6): length = 12mm; probability gray matter = 0.5743
ROI (54 6 6): length = 12mm; probability gray matter = 0.5743
ROI (-30 18 -18): length = 12mm; probability gray matter = 0.5745
ROI (30 18 -18): length = 12mm; probability gray matter = 0.5745
ROI (-6 -78 6): length = 12mm; probability gray matter = 0.5758
ROI (6 -78 6): length = 12mm; probability gray matter = 0.5758
ROI (-30 6 -18): length = 12mm; probability gray matter = 0.5772
ROI (30 6 -18): length = 12mm; probability gray matter = 0.5772
ROI (-42 -30 18): length = 12mm; probability gray matter = 0.5776
ROI (42 -30 18): length = 12mm; probability gray matter = 0.5776
ROI (-30 -6 -18): length = 12mm; probability gray matter = 0.5791
ROI (30 -6 -18): length = 12mm; probability gray matter = 0.5791
ROI (-18 6 -18): length = 12mm; probability gray matter = 0.5796
ROI (18 6 -18): length = 12mm; probability gray matter = 0.5796
ROI (-30 -18 -30): length = 12mm; probability gray matter = 0.5857
ROI (30 -18 -30): length = 12mm; probability gray matter = 0.5857
ROI (-6 42 -18): length = 12mm; probability gray matter = 0.5861
ROI (6 42 -18): length = 12mm; probability gray matter = 0.5861
ROI (-42 18 -30): length = 12mm; probability gray matter = 0.5873
ROI (42 18 -30): length = 12mm; probability gray matter = 0.5873
ROI (-42 42 6): length = 12mm; probability gray matter = 0.5877
ROI (42 42 6): length = 12mm; probability gray matter = 0.5877
ROI (-54 -54 30): length = 12mm; probability gray matter = 0.5882
ROI (54 -54 30): length = 12mm; probability gray matter = 0.5882
ROI (-54 -54 -6): length = 12mm; probability gray matter = 0.5900
ROI (54 -54 -6): length = 12mm; probability gray matter = 0.5900
ROI (-18 -54 6): length = 12mm; probability gray matter = 0.5904
ROI (18 -54 6): length = 12mm; probability gray matter = 0.5904
ROI (-54 -30 -6): length = 12mm; probability gray matter = 0.5907
ROI (54 -30 -6): length = 12mm; probability gray matter = 0.5907
ROI (-6 -66 30): length = 12mm; probability gray matter = 0.5910
ROI (6 -66 30): length = 12mm; probability gray matter = 0.5910
ROI (-42 -66 -18): length = 12mm; probability gray matter = 0.5917
ROI (42 -66 -18): length = 12mm; probability gray matter = 0.5917
ROI (-18 -42 -6): length = 12mm; probability gray matter = 0.5919
ROI (18 -42 -6): length = 12mm; probability gray matter = 0.5919
ROI (-6 -54 42): length = 12mm; probability gray matter = 0.5948
ROI (6 -54 42): length = 12mm; probability gray matter = 0.5948
ROI (-54 -18 -6): length = 12mm; probability gray matter = 0.5950
ROI (54 -18 -6): length = 12mm; probability gray matter = 0.5950
ROI (-30 30 42): length = 12mm; probability gray matter = 0.5962
ROI (30 30 42): length = 12mm; probability gray matter = 0.5962
ROI (-42 18 6): length = 12mm; probability gray matter = 0.5969
ROI (42 18 6): length = 12mm; probability gray matter = 0.5969
ROI (-42 6 30): length = 12mm; probability gray matter = 0.5970
ROI (42 6 30): length = 12mm; probability gray matter = 0.5970
ROI (-42 -42 -18): length = 12mm; probability gray matter = 0.5971
ROI (42 -42 -18): length = 12mm; probability gray matter = 0.5971
ROI (-6 -78 -30): length = 12mm; probability gray matter = 0.5986
ROI (6 -78 -30): length = 12mm; probability gray matter = 0.5986
ROI (-42 -54 -54): length = 12mm; probability gray matter = 0.5987
ROI (42 -54 -54): length = 12mm; probability gray matter = 0.5987
ROI (-54 6 -18): length = 12mm; probability gray matter = 0.5995
ROI (54 6 -18): length = 12mm; probability gray matter = 0.5995
ROI (-54 -18 -30): length = 12mm; probability gray matter = 0.6016
ROI (54 -18 -30): length = 12mm; probability gray matter = 0.6016
ROI (-54 -30 18): length = 12mm; probability gray matter = 0.6042
ROI (54 -30 18): length = 12mm; probability gray matter = 0.6042
ROI (-54 -6 -30): length = 12mm; probability gray matter = 0.6043
ROI (54 -6 -30): length = 12mm; probability gray matter = 0.6043
ROI (-30 -6 -30): length = 12mm; probability gray matter = 0.6060
ROI (30 -6 -30): length = 12mm; probability gray matter = 0.6060
ROI (-42 6 -42): length = 12mm; probability gray matter = 0.6062
ROI (42 6 -42): length = 12mm; probability gray matter = 0.6062
ROI (-42 -18 -30): length = 12mm; probability gray matter = 0.6111
ROI (42 -18 -30): length = 12mm; probability gray matter = 0.6111
ROI (-54 -42 -18): length = 12mm; probability gray matter = 0.6125
ROI (54 -42 -18): length = 12mm; probability gray matter = 0.6125
ROI (-6 6 42): length = 12mm; probability gray matter = 0.6135
ROI (6 6 42): length = 12mm; probability gray matter = 0.6135
ROI (-54 -6 -18): length = 12mm; probability gray matter = 0.6136
ROI (54 -6 -18): length = 12mm; probability gray matter = 0.6136
ROI (-18 6 -6): length = 12mm; probability gray matter = 0.6143
ROI (18 6 -6): length = 12mm; probability gray matter = 0.6143
ROI (-6 -6 42): length = 12mm; probability gray matter = 0.6171
ROI (6 -6 42): length = 12mm; probability gray matter = 0.6171
ROI (-54 -54 6): length = 12mm; probability gray matter = 0.6182
ROI (54 -54 6): length = 12mm; probability gray matter = 0.6182
ROI (-42 6 6): length = 12mm; probability gray matter = 0.6217
ROI (42 6 6): length = 12mm; probability gray matter = 0.6217
ROI (-6 -54 30): length = 12mm; probability gray matter = 0.6219
ROI (6 -54 30): length = 12mm; probability gray matter = 0.6219
ROI (-18 -54 -6): length = 12mm; probability gray matter = 0.6242
ROI (18 -54 -6): length = 12mm; probability gray matter = 0.6242
ROI (-30 42 30): length = 12mm; probability gray matter = 0.6268
ROI (30 42 30): length = 12mm; probability gray matter = 0.6268
ROI (-30 54 6): length = 12mm; probability gray matter = 0.6281
ROI (30 54 6): length = 12mm; probability gray matter = 0.6281
ROI (-6 30 30): length = 12mm; probability gray matter = 0.6291
ROI (6 30 30): length = 12mm; probability gray matter = 0.6291
ROI (-18 -6 -30): length = 12mm; probability gray matter = 0.6294
ROI (18 -6 -30): length = 12mm; probability gray matter = 0.6294
ROI (-30 18 -6): length = 12mm; probability gray matter = 0.6306
ROI (30 18 -6): length = 12mm; probability gray matter = 0.6306
ROI (-42 -6 6): length = 12mm; probability gray matter = 0.6325
ROI (42 -6 6): length = 12mm; probability gray matter = 0.6325
ROI (-30 -6 -6): length = 12mm; probability gray matter = 0.6361
ROI (30 -6 -6): length = 12mm; probability gray matter = 0.6361
ROI (-42 -6 -42): length = 12mm; probability gray matter = 0.6377
ROI (42 -6 -42): length = 12mm; probability gray matter = 0.6377
ROI (-30 6 6): length = 12mm; probability gray matter = 0.6378
ROI (30 6 6): length = 12mm; probability gray matter = 0.6378
ROI (-6 -66 18): length = 12mm; probability gray matter = 0.6386
ROI (6 -66 18): length = 12mm; probability gray matter = 0.6386
ROI (-6 18 -18): length = 12mm; probability gray matter = 0.6397
ROI (6 18 -18): length = 12mm; probability gray matter = 0.6397
ROI (-30 -78 -18): length = 12mm; probability gray matter = 0.6402
ROI (30 -78 -18): length = 12mm; probability gray matter = 0.6402
ROI (-54 -42 6): length = 12mm; probability gray matter = 0.6443
ROI (54 -42 6): length = 12mm; probability gray matter = 0.6443
ROI (-6 30 -18): length = 12mm; probability gray matter = 0.6453
ROI (6 30 -18): length = 12mm; probability gray matter = 0.6453
ROI (-6 42 6): length = 12mm; probability gray matter = 0.6555
ROI (6 42 6): length = 12mm; probability gray matter = 0.6555
ROI (-6 42 18): length = 12mm; probability gray matter = 0.6567
ROI (6 42 18): length = 12mm; probability gray matter = 0.6567
ROI (-6 -42 42): length = 12mm; probability gray matter = 0.6614
ROI (6 -42 42): length = 12mm; probability gray matter = 0.6614
ROI (-18 -6 -18): length = 12mm; probability gray matter = 0.6622
ROI (18 -6 -18): length = 12mm; probability gray matter = 0.6622
ROI (-6 -18 42): length = 12mm; probability gray matter = 0.6695
ROI (6 -18 42): length = 12mm; probability gray matter = 0.6695
ROI (-54 -54 18): length = 12mm; probability gray matter = 0.6723
ROI (54 -54 18): length = 12mm; probability gray matter = 0.6723
ROI (-54 -54 -18): length = 12mm; probability gray matter = 0.6763
ROI (54 -54 -18): length = 12mm; probability gray matter = 0.6763
ROI (-6 -54 -42): length = 12mm; probability gray matter = 0.6776
ROI (6 -54 -42): length = 12mm; probability gray matter = 0.6776
ROI (-6 -30 42): length = 12mm; probability gray matter = 0.6776
ROI (6 -30 42): length = 12mm; probability gray matter = 0.6776
ROI (-30 -18 -18): length = 12mm; probability gray matter = 0.6839
ROI (30 -18 -18): length = 12mm; probability gray matter = 0.6839
ROI (-6 -54 -18): length = 12mm; probability gray matter = 0.6869
ROI (6 -54 -18): length = 12mm; probability gray matter = 0.6869
ROI (-42 -54 -18): length = 12mm; probability gray matter = 0.6926
ROI (42 -54 -18): length = 12mm; probability gray matter = 0.6926
ROI (-6 -66 -42): length = 12mm; probability gray matter = 0.6934
ROI (6 -66 -42): length = 12mm; probability gray matter = 0.6934
ROI (-6 42 -6): length = 12mm; probability gray matter = 0.6966
ROI (6 42 -6): length = 12mm; probability gray matter = 0.6966
ROI (-6 -54 -54): length = 12mm; probability gray matter = 0.7031
ROI (6 -54 -54): length = 12mm; probability gray matter = 0.7031
ROI (-18 -78 -18): length = 12mm; probability gray matter = 0.7142
ROI (18 -78 -18): length = 12mm; probability gray matter = 0.7142
ROI (-30 -30 -18): length = 12mm; probability gray matter = 0.7163
ROI (30 -30 -18): length = 12mm; probability gray matter = 0.7163
ROI (-30 6 -6): length = 12mm; probability gray matter = 0.7176
ROI (30 6 -6): length = 12mm; probability gray matter = 0.7176
ROI (-30 6 -42): length = 12mm; probability gray matter = 0.7186
ROI (30 6 -42): length = 12mm; probability gray matter = 0.7186
ROI (-6 -66 -18): length = 12mm; probability gray matter = 0.7254
ROI (6 -66 -18): length = 12mm; probability gray matter = 0.7254
ROI (-42 -54 -30): length = 12mm; probability gray matter = 0.7335
ROI (42 -54 -30): length = 12mm; probability gray matter = 0.7335
ROI (-30 -6 -42): length = 12mm; probability gray matter = 0.7386
ROI (30 -6 -42): length = 12mm; probability gray matter = 0.7386
ROI (-30 -42 -18): length = 12mm; probability gray matter = 0.7394
ROI (30 -42 -18): length = 12mm; probability gray matter = 0.7394
ROI (-42 -54 -42): length = 12mm; probability gray matter = 0.7401
ROI (42 -54 -42): length = 12mm; probability gray matter = 0.7401
ROI (-30 -54 -30): length = 12mm; probability gray matter = 0.7429
ROI (30 -54 -30): length = 12mm; probability gray matter = 0.7429
ROI (-30 -42 -30): length = 12mm; probability gray matter = 0.7430
ROI (30 -42 -30): length = 12mm; probability gray matter = 0.7430
ROI (-18 -78 -42): length = 12mm; probability gray matter = 0.7447
ROI (18 -78 -42): length = 12mm; probability gray matter = 0.7447
ROI (-42 -66 -30): length = 12mm; probability gray matter = 0.7530
ROI (42 -66 -30): length = 12mm; probability gray matter = 0.7530
ROI (-30 -78 -42): length = 12mm; probability gray matter = 0.7565
ROI (30 -78 -42): length = 12mm; probability gray matter = 0.7565
ROI (-18 -42 -18): length = 12mm; probability gray matter = 0.7595
ROI (18 -42 -18): length = 12mm; probability gray matter = 0.7595
ROI (-30 -66 -18): length = 12mm; probability gray matter = 0.7600
ROI (30 -66 -18): length = 12mm; probability gray matter = 0.7600
ROI (-42 -66 -42): length = 12mm; probability gray matter = 0.7626
ROI (42 -66 -42): length = 12mm; probability gray matter = 0.7626
ROI (-30 -66 -30): length = 12mm; probability gray matter = 0.7708
ROI (30 -66 -30): length = 12mm; probability gray matter = 0.7708
ROI (-30 -54 -18): length = 12mm; probability gray matter = 0.7713
ROI (30 -54 -18): length = 12mm; probability gray matter = 0.7713
ROI (-18 -66 -54): length = 12mm; probability gray matter = 0.7752
ROI (18 -66 -54): length = 12mm; probability gray matter = 0.7752
ROI (-30 -66 -54): length = 12mm; probability gray matter = 0.7869
ROI (30 -66 -54): length = 12mm; probability gray matter = 0.7869
ROI (-30 -54 -54): length = 12mm; probability gray matter = 0.7998
ROI (30 -54 -54): length = 12mm; probability gray matter = 0.7998
ROI (-30 -78 -30): length = 12mm; probability gray matter = 0.8008
ROI (30 -78 -30): length = 12mm; probability gray matter = 0.8008
ROI (-18 -54 -54): length = 12mm; probability gray matter = 0.8072
ROI (18 -54 -54): length = 12mm; probability gray matter = 0.8072
ROI (-18 -78 -30): length = 12mm; probability gray matter = 0.8265
ROI (18 -78 -30): length = 12mm; probability gray matter = 0.8265
ROI (-18 -54 -18): length = 12mm; probability gray matter = 0.8527
ROI (18 -54 -18): length = 12mm; probability gray matter = 0.8527
ROI (-18 -66 -18): length = 12mm; probability gray matter = 0.8564
ROI (18 -66 -18): length = 12mm; probability gray matter = 0.8564
